

================================================================
== Vitis HLS Report for 'CNN_Pipeline_loop_for_channel_pool_3_loop_for_weight_pool_3'
================================================================
* Date:           Sat Jun  1 06:31:34 2024

* Version:        2023.2 (Build 4023990 on Oct 11 2023)
* Project:        doan
* Solution:       solution1 (Vivado IP Flow Target)
* Product family: zynquplus
* Target device:  xck26-sfvc784-2LV-c


================================================================
== Performance Estimates
================================================================
+ Timing: 
    * Summary: 
    +--------+----------+----------+------------+
    |  Clock |  Target  | Estimated| Uncertainty|
    +--------+----------+----------+------------+
    |ap_clk  |  10.00 ns|  6.013 ns|     2.70 ns|
    +--------+----------+----------+------------+

+ Latency: 
    * Summary: 
    +---------+---------+----------+----------+-----+-----+---------+
    |  Latency (cycles) |  Latency (absolute) |  Interval | Pipeline|
    |   min   |   max   |    min   |    max   | min | max |   Type  |
    +---------+---------+----------+----------+-----+-----+---------+
    |      644|      644|  6.440 us|  6.440 us|  644|  644|       no|
    +---------+---------+----------+----------+-----+-----+---------+

    + Detail: 
        * Instance: 
        N/A

        * Loop: 
        +--------------------------------------------------+---------+---------+----------+-----------+-----------+------+----------+
        |                                                  |  Latency (cycles) | Iteration|  Initiation Interval  | Trip |          |
        |                     Loop Name                    |   min   |   max   |  Latency |  achieved |   target  | Count| Pipelined|
        +--------------------------------------------------+---------+---------+----------+-----------+-----------+------+----------+
        |- loop_for_channel_pool_3_loop_for_weight_pool_3  |      642|      642|         4|          1|          1|   640|       yes|
        +--------------------------------------------------+---------+---------+----------+-----------+-----------+------+----------+



================================================================
== Utilization Estimates
================================================================
* Summary: 
+-----------------+---------+------+--------+--------+-----+
|       Name      | BRAM_18K|  DSP |   FF   |   LUT  | URAM|
+-----------------+---------+------+--------+--------+-----+
|DSP              |        -|     -|       -|       -|    -|
|Expression       |        -|     -|       0|     392|    -|
|FIFO             |        -|     -|       -|       -|    -|
|Instance         |        -|     -|       -|       -|    -|
|Memory           |        -|     -|       -|       -|    -|
|Multiplexer      |        -|     -|       -|      72|    -|
|Register         |        -|     -|     272|      64|    -|
+-----------------+---------+------+--------+--------+-----+
|Total            |        0|     0|     272|     528|    0|
+-----------------+---------+------+--------+--------+-----+
|Available        |      288|  1248|  234240|  117120|   64|
+-----------------+---------+------+--------+--------+-----+
|Utilization (%)  |        0|     0|      ~0|      ~0|    0|
+-----------------+---------+------+--------+--------+-----+

+ Detail: 
    * Instance: 
    N/A

    * DSP: 
    N/A

    * Memory: 
    N/A

    * FIFO: 
    N/A

    * Expression: 
    +-------------------------+----------+----+---+----+------------+------------+
    |      Variable Name      | Operation| DSP| FF| LUT| Bitwidth P0| Bitwidth P1|
    +-------------------------+----------+----+---+----+------------+------------+
    |add_ln72_1_fu_183_p2     |         +|   0|  0|  13|           6|           1|
    |add_ln72_fu_157_p2       |         +|   0|  0|  17|          10|           1|
    |add_ln79_1_fu_260_p2     |         +|   0|  0|  18|          11|          11|
    |add_ln79_fu_243_p2       |         +|   0|  0|  18|          11|          11|
    |add_ln83_1_fu_464_p2     |         +|   0|  0|  17|          10|          10|
    |add_ln83_fu_454_p2       |         +|   0|  0|  15|           8|           8|
    |add_ln85_fu_266_p2       |         +|   0|  0|  12|           5|           1|
    |empty_131_fu_225_p2      |         +|   0|  0|  18|          11|          11|
    |and_ln81_1_fu_435_p2     |       and|   0|  0|   2|           1|           1|
    |and_ln81_2_fu_441_p2     |       and|   0|  0|   2|           1|           1|
    |and_ln81_fu_326_p2       |       and|   0|  0|   2|           1|           1|
    |icmp_ln72_fu_151_p2      |      icmp|   0|  0|  17|          10|          10|
    |icmp_ln75_fu_169_p2      |      icmp|   0|  0|  12|           5|           5|
    |icmp_ln81_1_fu_314_p2    |      icmp|   0|  0|  30|          23|           1|
    |icmp_ln81_2_fu_399_p2    |      icmp|   0|  0|  15|           8|           2|
    |icmp_ln81_3_fu_405_p2    |      icmp|   0|  0|  30|          23|           1|
    |icmp_ln81_4_fu_417_p2    |      icmp|   0|  0|  15|           8|           2|
    |icmp_ln81_5_fu_423_p2    |      icmp|   0|  0|  30|          23|           1|
    |icmp_ln81_fu_308_p2      |      icmp|   0|  0|  15|           8|           2|
    |or_ln79_fu_254_p2        |        or|   0|  0|  11|          11|           1|
    |or_ln81_1_fu_411_p2      |        or|   0|  0|   2|           1|           1|
    |or_ln81_2_fu_429_p2      |        or|   0|  0|   2|           1|           1|
    |or_ln81_fu_320_p2        |        or|   0|  0|   2|           1|           1|
    |OutPool3_d0              |    select|   0|  0|  32|           1|          32|
    |max_1_fu_332_p3          |    select|   0|  0|  32|           1|          32|
    |select_ln72_1_fu_189_p3  |    select|   0|  0|   6|           1|           6|
    |select_ln72_fu_175_p3    |    select|   0|  0|   5|           1|           1|
    |ap_enable_pp0            |       xor|   0|  0|   2|           1|           2|
    +-------------------------+----------+----+---+----+------------+------------+
    |Total                    |          |   0|  0| 392|         202|         158|
    +-------------------------+----------+----+---+----+------------+------------+

    * Multiplexer: 
    +-----------------------------------------+----+-----------+-----+-----------+
    |                   Name                  | LUT| Input Size| Bits| Total Bits|
    +-----------------------------------------+----+-----------+-----+-----------+
    |ap_done_int                              |   9|          2|    1|          2|
    |ap_enable_reg_pp0_iter1                  |   9|          2|    1|          2|
    |ap_sig_allocacmp_indvar_flatten242_load  |   9|          2|   10|         20|
    |ap_sig_allocacmp_y_load                  |   9|          2|    5|         10|
    |ap_sig_allocacmp_z_load                  |   9|          2|    6|         12|
    |indvar_flatten242_fu_80                  |   9|          2|   10|         20|
    |y_fu_72                                  |   9|          2|    5|         10|
    |z_fu_76                                  |   9|          2|    6|         12|
    +-----------------------------------------+----+-----------+-----+-----------+
    |Total                                    |  72|         16|   44|         88|
    +-----------------------------------------+----+-----------+-----+-----------+

    * Register: 
    +----------------------------------+----+----+-----+-----------+
    |               Name               | FF | LUT| Bits| Const Bits|
    +----------------------------------+----+----+-----+-----------+
    |add_ln79_1_reg_516                |  10|   0|   11|          1|
    |ap_CS_fsm                         |   1|   0|    1|          0|
    |ap_done_reg                       |   1|   0|    1|          0|
    |ap_enable_reg_pp0_iter1           |   1|   0|    1|          0|
    |ap_enable_reg_pp0_iter2           |   1|   0|    1|          0|
    |ap_enable_reg_pp0_iter3           |   1|   0|    1|          0|
    |ap_loop_exit_ready_pp0_iter1_reg  |   1|   0|    1|          0|
    |ap_loop_exit_ready_pp0_iter2_reg  |   1|   0|    1|          0|
    |empty_reg_505                     |   5|   0|    5|          0|
    |indvar_flatten242_fu_80           |  10|   0|   10|          0|
    |max_1_reg_533                     |  32|   0|   32|          0|
    |pool_value_1_reg_540              |  32|   0|   32|          0|
    |pool_value_reg_521                |  32|   0|   32|          0|
    |select_ln72_reg_500               |   5|   0|    5|          0|
    |y_fu_72                           |   5|   0|    5|          0|
    |z_fu_76                           |   6|   0|    6|          0|
    |empty_reg_505                     |  64|  32|    5|          0|
    |select_ln72_reg_500               |  64|  32|    5|          0|
    +----------------------------------+----+----+-----+-----------+
    |Total                             | 272|  64|  155|          1|
    +----------------------------------+----+----+-----+-----------+



================================================================
== Interface
================================================================
* Summary: 
+----------------------+-----+-----+------------+-------------------------------------------------------------+--------------+
|       RTL Ports      | Dir | Bits|  Protocol  |                        Source Object                        |    C Type    |
+----------------------+-----+-----+------------+-------------------------------------------------------------+--------------+
|ap_clk                |   in|    1|  ap_ctrl_hs|  CNN_Pipeline_loop_for_channel_pool_3_loop_for_weight_pool_3|  return value|
|ap_rst                |   in|    1|  ap_ctrl_hs|  CNN_Pipeline_loop_for_channel_pool_3_loop_for_weight_pool_3|  return value|
|ap_start              |   in|    1|  ap_ctrl_hs|  CNN_Pipeline_loop_for_channel_pool_3_loop_for_weight_pool_3|  return value|
|ap_done               |  out|    1|  ap_ctrl_hs|  CNN_Pipeline_loop_for_channel_pool_3_loop_for_weight_pool_3|  return value|
|ap_idle               |  out|    1|  ap_ctrl_hs|  CNN_Pipeline_loop_for_channel_pool_3_loop_for_weight_pool_3|  return value|
|ap_ready              |  out|    1|  ap_ctrl_hs|  CNN_Pipeline_loop_for_channel_pool_3_loop_for_weight_pool_3|  return value|
|grp_fu_1469_p_din0    |  out|   32|  ap_ctrl_hs|  CNN_Pipeline_loop_for_channel_pool_3_loop_for_weight_pool_3|  return value|
|grp_fu_1469_p_din1    |  out|   32|  ap_ctrl_hs|  CNN_Pipeline_loop_for_channel_pool_3_loop_for_weight_pool_3|  return value|
|grp_fu_1469_p_opcode  |  out|    5|  ap_ctrl_hs|  CNN_Pipeline_loop_for_channel_pool_3_loop_for_weight_pool_3|  return value|
|grp_fu_1469_p_dout0   |   in|    1|  ap_ctrl_hs|  CNN_Pipeline_loop_for_channel_pool_3_loop_for_weight_pool_3|  return value|
|grp_fu_1469_p_ce      |  out|    1|  ap_ctrl_hs|  CNN_Pipeline_loop_for_channel_pool_3_loop_for_weight_pool_3|  return value|
|grp_fu_1473_p_din0    |  out|   32|  ap_ctrl_hs|  CNN_Pipeline_loop_for_channel_pool_3_loop_for_weight_pool_3|  return value|
|grp_fu_1473_p_din1    |  out|   32|  ap_ctrl_hs|  CNN_Pipeline_loop_for_channel_pool_3_loop_for_weight_pool_3|  return value|
|grp_fu_1473_p_opcode  |  out|    5|  ap_ctrl_hs|  CNN_Pipeline_loop_for_channel_pool_3_loop_for_weight_pool_3|  return value|
|grp_fu_1473_p_dout0   |   in|    1|  ap_ctrl_hs|  CNN_Pipeline_loop_for_channel_pool_3_loop_for_weight_pool_3|  return value|
|grp_fu_1473_p_ce      |  out|    1|  ap_ctrl_hs|  CNN_Pipeline_loop_for_channel_pool_3_loop_for_weight_pool_3|  return value|
|OutConv7_address0     |  out|   11|   ap_memory|                                                     OutConv7|         array|
|OutConv7_ce0          |  out|    1|   ap_memory|                                                     OutConv7|         array|
|OutConv7_q0           |   in|   32|   ap_memory|                                                     OutConv7|         array|
|OutConv7_address1     |  out|   11|   ap_memory|                                                     OutConv7|         array|
|OutConv7_ce1          |  out|    1|   ap_memory|                                                     OutConv7|         array|
|OutConv7_q1           |   in|   32|   ap_memory|                                                     OutConv7|         array|
|OutPool3_address0     |  out|   10|   ap_memory|                                                     OutPool3|         array|
|OutPool3_ce0          |  out|    1|   ap_memory|                                                     OutPool3|         array|
|OutPool3_we0          |  out|    1|   ap_memory|                                                     OutPool3|         array|
|OutPool3_d0           |  out|   32|   ap_memory|                                                     OutPool3|         array|
+----------------------+-----+-----+------------+-------------------------------------------------------------+--------------+

