

================================================================
== Vitis HLS Report for 'CNN_Pipeline_loop_for_3_channel_pad_7_loop_for_channel_pad_7'
================================================================
* Date:           Sat Jun  1 06:31:34 2024

* Version:        2023.2 (Build 4023990 on Oct 11 2023)
* Project:        doan
* Solution:       solution1 (Vivado IP Flow Target)
* Product family: zynquplus
* Target device:  xck26-sfvc784-2LV-c


================================================================
== Performance Estimates
================================================================
+ Timing: 
    * Summary: 
    +--------+----------+----------+------------+
    |  Clock |  Target  | Estimated| Uncertainty|
    +--------+----------+----------+------------+
    |ap_clk  |  10.00 ns|  2.933 ns|     2.70 ns|
    +--------+----------+----------+------------+

+ Latency: 
    * Summary: 
    +---------+---------+-----------+-----------+------+------+---------+
    |  Latency (cycles) |   Latency (absolute)  |   Interval  | Pipeline|
    |   min   |   max   |    min    |    max    |  min |  max |   Type  |
    +---------+---------+-----------+-----------+------+------+---------+
    |     1412|     1412|  14.120 us|  14.120 us|  1412|  1412|       no|
    +---------+---------+-----------+-----------+------+------+---------+

    + Detail: 
        * Instance: 
        N/A

        * Loop: 
        +---------------------------------------------------+---------+---------+----------+-----------+-----------+------+----------+
        |                                                   |  Latency (cycles) | Iteration|  Initiation Interval  | Trip |          |
        |                     Loop Name                     |   min   |   max   |  Latency |  achieved |   target  | Count| Pipelined|
        +---------------------------------------------------+---------+---------+----------+-----------+-----------+------+----------+
        |- loop_for_3_channel_pad_7_loop_for_channel_pad_7  |     1410|     1410|         4|          1|          1|  1408|       yes|
        +---------------------------------------------------+---------+---------+----------+-----------+-----------+------+----------+



================================================================
== Utilization Estimates
================================================================
* Summary: 
+-----------------+---------+------+--------+--------+-----+
|       Name      | BRAM_18K|  DSP |   FF   |   LUT  | URAM|
+-----------------+---------+------+--------+--------+-----+
|DSP              |        -|     1|       -|       -|    -|
|Expression       |        -|     -|       0|     196|    -|
|FIFO             |        -|     -|       -|       -|    -|
|Instance         |        -|     -|       -|       -|    -|
|Memory           |        -|     -|       -|       -|    -|
|Multiplexer      |        -|     -|       -|      72|    -|
|Register         |        -|     -|     118|      32|    -|
+-----------------+---------+------+--------+--------+-----+
|Total            |        0|     1|     118|     300|    0|
+-----------------+---------+------+--------+--------+-----+
|Available        |      288|  1248|  234240|  117120|   64|
+-----------------+---------+------+--------+--------+-----+
|Utilization (%)  |        0|    ~0|      ~0|      ~0|    0|
+-----------------+---------+------+--------+--------+-----+

+ Detail: 
    * Instance: 
    N/A

    * DSP: 
    +-----------------------------------+-------------------------------+--------------+
    |              Instance             |             Module            |  Expression  |
    +-----------------------------------+-------------------------------+--------------+
    |mac_muladd_6ns_6ns_6ns_11_4_1_U93  |mac_muladd_6ns_6ns_6ns_11_4_1  |  i0 + i1 * i2|
    +-----------------------------------+-------------------------------+--------------+

    * Memory: 
    N/A

    * FIFO: 
    N/A

    * Expression: 
    +--------------------------+----------+----+---+----+------------+------------+
    |       Variable Name      | Operation| DSP| FF| LUT| Bitwidth P0| Bitwidth P1|
    +--------------------------+----------+----+---+----+------------+------------+
    |add_ln185_1_fu_144_p2     |         +|   0|  0|  13|           6|           1|
    |add_ln185_fu_118_p2       |         +|   0|  0|  18|          11|           1|
    |add_ln187_fu_182_p2       |         +|   0|  0|  13|           6|           1|
    |add_ln188_1_fu_236_p2     |         +|   0|  0|  17|          11|          11|
    |add_ln188_2_fu_252_p2     |         +|   0|  0|  17|          11|          11|
    |add_ln188_3_fu_242_p2     |         +|   0|  0|  14|           7|           3|
    |icmp_ln185_fu_112_p2      |      icmp|   0|  0|  18|          11|          11|
    |icmp_ln187_fu_130_p2      |      icmp|   0|  0|  13|           6|           6|
    |icmp_ln188_1_fu_231_p2    |      icmp|   0|  0|  13|           6|           6|
    |icmp_ln188_fu_176_p2      |      icmp|   0|  0|  12|           5|           1|
    |or_ln188_fu_263_p2        |        or|   0|  0|   2|           1|           1|
    |OutPadConv7_d0            |    select|   0|  0|  32|           1|           1|
    |select_ln185_1_fu_150_p3  |    select|   0|  0|   6|           1|           6|
    |select_ln185_fu_136_p3    |    select|   0|  0|   6|           1|           1|
    |ap_enable_pp0             |       xor|   0|  0|   2|           1|           2|
    +--------------------------+----------+----+---+----+------------+------------+
    |Total                     |          |   0|  0| 196|          85|          63|
    +--------------------------+----------+----+---+----+------------+------------+

    * Multiplexer: 
    +-----------------------------------------+----+-----------+-----+-----------+
    |                   Name                  | LUT| Input Size| Bits| Total Bits|
    +-----------------------------------------+----+-----------+-----+-----------+
    |ap_done_int                              |   9|          2|    1|          2|
    |ap_enable_reg_pp0_iter1                  |   9|          2|    1|          2|
    |ap_sig_allocacmp_c_load                  |   9|          2|    6|         12|
    |ap_sig_allocacmp_indvar_flatten189_load  |   9|          2|   11|         22|
    |ap_sig_allocacmp_n_load                  |   9|          2|    6|         12|
    |c_fu_60                                  |   9|          2|    6|         12|
    |indvar_flatten189_fu_64                  |   9|          2|   11|         22|
    |n_fu_56                                  |   9|          2|    6|         12|
    +-----------------------------------------+----+-----------+-----+-----------+
    |Total                                    |  72|         16|   48|         96|
    +-----------------------------------------+----+-----------+-----+-----------+

    * Register: 
    +------------------------------------+----+----+-----+-----------+
    |                Name                | FF | LUT| Bits| Const Bits|
    +------------------------------------+----+----+-----+-----------+
    |ap_CS_fsm                           |   1|   0|    1|          0|
    |ap_done_reg                         |   1|   0|    1|          0|
    |ap_enable_reg_pp0_iter1             |   1|   0|    1|          0|
    |ap_enable_reg_pp0_iter2             |   1|   0|    1|          0|
    |ap_enable_reg_pp0_iter3             |   1|   0|    1|          0|
    |ap_loop_exit_ready_pp0_iter1_reg    |   1|   0|    1|          0|
    |ap_loop_exit_ready_pp0_iter2_reg    |   1|   0|    1|          0|
    |c_fu_60                             |   6|   0|    6|          0|
    |empty_135_reg_326                   |   5|   0|    5|          0|
    |empty_135_reg_326_pp0_iter1_reg     |   5|   0|    5|          0|
    |icmp_ln188_1_reg_342                |   1|   0|    1|          0|
    |icmp_ln188_reg_332                  |   1|   0|    1|          0|
    |indvar_flatten189_fu_64             |  11|   0|   11|          0|
    |n_fu_56                             |   6|   0|    6|          0|
    |select_ln185_reg_314                |   6|   0|    6|          0|
    |select_ln185_reg_314_pp0_iter1_reg  |   6|   0|    6|          0|
    |icmp_ln188_reg_332                  |  64|  32|    1|          0|
    +------------------------------------+----+----+-----+-----------+
    |Total                               | 118|  32|   55|          0|
    +------------------------------------+----+----+-----+-----------+



================================================================
== Interface
================================================================
* Summary: 
+----------------------+-----+-----+------------+--------------------------------------------------------------+--------------+
|       RTL Ports      | Dir | Bits|  Protocol  |                         Source Object                        |    C Type    |
+----------------------+-----+-----+------------+--------------------------------------------------------------+--------------+
|ap_clk                |   in|    1|  ap_ctrl_hs|  CNN_Pipeline_loop_for_3_channel_pad_7_loop_for_channel_pad_7|  return value|
|ap_rst                |   in|    1|  ap_ctrl_hs|  CNN_Pipeline_loop_for_3_channel_pad_7_loop_for_channel_pad_7|  return value|
|ap_start              |   in|    1|  ap_ctrl_hs|  CNN_Pipeline_loop_for_3_channel_pad_7_loop_for_channel_pad_7|  return value|
|ap_done               |  out|    1|  ap_ctrl_hs|  CNN_Pipeline_loop_for_3_channel_pad_7_loop_for_channel_pad_7|  return value|
|ap_idle               |  out|    1|  ap_ctrl_hs|  CNN_Pipeline_loop_for_3_channel_pad_7_loop_for_channel_pad_7|  return value|
|ap_ready              |  out|    1|  ap_ctrl_hs|  CNN_Pipeline_loop_for_3_channel_pad_7_loop_for_channel_pad_7|  return value|
|OutPadConv7_address0  |  out|   11|   ap_memory|                                                   OutPadConv7|         array|
|OutPadConv7_ce0       |  out|    1|   ap_memory|                                                   OutPadConv7|         array|
|OutPadConv7_we0       |  out|    1|   ap_memory|                                                   OutPadConv7|         array|
|OutPadConv7_d0        |  out|   32|   ap_memory|                                                   OutPadConv7|         array|
|OutConv6_address0     |  out|   11|   ap_memory|                                                      OutConv6|         array|
|OutConv6_ce0          |  out|    1|   ap_memory|                                                      OutConv6|         array|
|OutConv6_q0           |   in|   32|   ap_memory|                                                      OutConv6|         array|
+----------------------+-----+-----+------------+--------------------------------------------------------------+--------------+

