

================================================================
== Vitis HLS Report for 'CNN_Pipeline_VITIS_LOOP_195_1_loop_for_ap_7_loop_for_fc_7_loop_for_fa_7'
================================================================
* Date:           Sat Jun  1 06:31:34 2024

* Version:        2023.2 (Build 4023990 on Oct 11 2023)
* Project:        doan
* Solution:       solution1 (Vivado IP Flow Target)
* Product family: zynquplus
* Target device:  xck26-sfvc784-2LV-c


================================================================
== Performance Estimates
================================================================
+ Timing: 
    * Summary: 
    +--------+----------+----------+------------+
    |  Clock |  Target  | Estimated| Uncertainty|
    +--------+----------+----------+------------+
    |ap_clk  |  10.00 ns|  7.016 ns|     2.70 ns|
    +--------+----------+----------+------------+

+ Latency: 
    * Summary: 
    +---------+---------+----------+----------+--------+--------+---------+
    |  Latency (cycles) |  Latency (absolute) |     Interval    | Pipeline|
    |   min   |   max   |    min   |    max   |   min  |   max  |   Type  |
    +---------+---------+----------+----------+--------+--------+---------+
    |   819216|   819216|  8.192 ms|  8.192 ms|  819216|  819216|       no|
    +---------+---------+----------+----------+--------+--------+---------+

    + Detail: 
        * Instance: 
        N/A

        * Loop: 
        +--------------------------------------------------------------+---------+---------+----------+-----------+-----------+--------+----------+
        |                                                              |  Latency (cycles) | Iteration|  Initiation Interval  |  Trip  |          |
        |                           Loop Name                          |   min   |   max   |  Latency |  achieved |   target  |  Count | Pipelined|
        +--------------------------------------------------------------+---------+---------+----------+-----------+-----------+--------+----------+
        |- VITIS_LOOP_195_1_loop_for_ap_7_loop_for_fc_7_loop_for_fa_7  |   819214|   819214|        19|          4|          1|  204800|       yes|
        +--------------------------------------------------------------+---------+---------+----------+-----------+-----------+--------+----------+



================================================================
== Utilization Estimates
================================================================
* Summary: 
+-----------------+---------+------+--------+--------+-----+
|       Name      | BRAM_18K|  DSP |   FF   |   LUT  | URAM|
+-----------------+---------+------+--------+--------+-----+
|DSP              |        -|     1|       -|       -|    -|
|Expression       |        -|     -|       0|     555|    -|
|FIFO             |        -|     -|       -|       -|    -|
|Instance         |        -|     -|       -|       -|    -|
|Memory           |        -|     -|       -|       -|    -|
|Multiplexer      |        -|     -|       -|     153|    -|
|Register         |        -|     -|     549|      96|    -|
+-----------------+---------+------+--------+--------+-----+
|Total            |        0|     1|     549|     804|    0|
+-----------------+---------+------+--------+--------+-----+
|Available        |      288|  1248|  234240|  117120|   64|
+-----------------+---------+------+--------+--------+-----+
|Utilization (%)  |        0|    ~0|      ~0|      ~0|    0|
+-----------------+---------+------+--------+--------+-----+

+ Detail: 
    * Instance: 
    N/A

    * DSP: 
    +------------------------------------+-------------------------------+--------------+
    |              Instance              |             Module            |  Expression  |
    +------------------------------------+-------------------------------+--------------+
    |mac_muladd_6ns_6ns_6ns_11_4_1_U100  |mac_muladd_6ns_6ns_6ns_11_4_1  |  i0 + i1 * i2|
    +------------------------------------+-------------------------------+--------------+

    * Memory: 
    N/A

    * FIFO: 
    N/A

    * Expression: 
    +--------------------------+----------+----+---+----+------------+------------+
    |       Variable Name      | Operation| DSP| FF| LUT| Bitwidth P0| Bitwidth P1|
    +--------------------------+----------+----+---+----+------------+------------+
    |add_ln195_1_fu_301_p2     |         +|   0|  0|  13|           6|           1|
    |add_ln195_fu_245_p2       |         +|   0|  0|  25|          18|           1|
    |add_ln197_1_fu_608_p2     |         +|   0|  0|  21|          14|           1|
    |add_ln197_fu_315_p2       |         +|   0|  0|  13|           6|           1|
    |add_ln200_1_fu_596_p2     |         +|   0|  0|  16|           9|           1|
    |add_ln200_fu_367_p2       |         +|   0|  0|  13|           6|           1|
    |add_ln202_fu_530_p2       |         +|   0|  0|  10|           3|           1|
    |add_ln203_1_fu_513_p2     |         +|   0|  0|  21|          14|          14|
    |add_ln203_2_fu_487_p2     |         +|   0|  0|  20|          13|          13|
    |add_ln203_4_fu_497_p2     |         +|   0|  0|  17|          13|          13|
    |add_ln203_5_fu_503_p2     |         +|   0|  0|  17|          13|          13|
    |add_ln203_6_fu_524_p2     |         +|   0|  0|  13|           6|           6|
    |add_ln203_fu_477_p2       |         +|   0|  0|  17|          10|          10|
    |add_ln205_1_fu_548_p2     |         +|   0|  0|  16|           9|           9|
    |add_ln205_fu_558_p2       |         +|   0|  0|  18|          11|          11|
    |arrayidx51_sum_fu_648_p2  |         +|   0|  0|  21|          14|          14|
    |and_ln195_1_fu_295_p2     |       and|   0|  0|   2|           1|           1|
    |and_ln195_fu_347_p2       |       and|   0|  0|   2|           1|           1|
    |and_ln197_fu_353_p2       |       and|   0|  0|   2|           1|           1|
    |and_ln205_fu_703_p2       |       and|   0|  0|   2|           1|           1|
    |icmp_ln195_fu_239_p2      |      icmp|   0|  0|  25|          18|          17|
    |icmp_ln197_fu_263_p2      |      icmp|   0|  0|  21|          14|          13|
    |icmp_ln200_1_fu_542_p2    |      icmp|   0|  0|  13|           6|           5|
    |icmp_ln200_fu_289_p2      |      icmp|   0|  0|  16|           9|           8|
    |icmp_ln202_1_fu_536_p2    |      icmp|   0|  0|  10|           3|           3|
    |icmp_ln202_fu_283_p2      |      icmp|   0|  0|  10|           3|           3|
    |icmp_ln205_1_fu_691_p2    |      icmp|   0|  0|  30|          23|           1|
    |icmp_ln205_fu_685_p2      |      icmp|   0|  0|  15|           8|           2|
    |or_ln197_1_fu_341_p2      |        or|   0|  0|   2|           1|           1|
    |or_ln197_fu_321_p2        |        or|   0|  0|   2|           1|           1|
    |or_ln198_1_fu_379_p2      |        or|   0|  0|   2|           1|           1|
    |or_ln198_fu_373_p2        |        or|   0|  0|   2|           1|           1|
    |or_ln205_fu_697_p2        |        or|   0|  0|   2|           1|           1|
    |OutConv7_d0               |    select|   0|  0|  32|           1|           1|
    |select_ln195_1_fu_307_p3  |    select|   0|  0|   6|           1|           6|
    |select_ln195_fu_269_p3    |    select|   0|  0|   6|           1|           1|
    |select_ln197_1_fu_637_p3  |    select|   0|  0|  32|           1|           1|
    |select_ln197_2_fu_359_p3  |    select|   0|  0|   6|           1|           6|
    |select_ln197_3_fu_613_p3  |    select|   0|  0|  14|           1|           1|
    |select_ln197_fu_327_p3    |    select|   0|  0|   6|           1|           1|
    |select_ln198_fu_385_p3    |    select|   0|  0|   3|           1|           1|
    |select_ln200_1_fu_601_p3  |    select|   0|  0|   9|           1|           1|
    |select_ln200_fu_393_p3    |    select|   0|  0|   6|           1|           6|
    |ap_enable_pp0             |       xor|   0|  0|   2|           1|           2|
    |xor_ln195_fu_277_p2       |       xor|   0|  0|   2|           1|           2|
    |xor_ln197_fu_335_p2       |       xor|   0|  0|   2|           1|           2|
    +--------------------------+----------+----+---+----+------------+------------+
    |Total                     |          |   0|  0| 555|         271|         202|
    +--------------------------+----------+----+---+----+------------+------------+

    * Multiplexer: 
    +--------------------------+----+-----------+-----+-----------+
    |           Name           | LUT| Input Size| Bits| Total Bits|
    +--------------------------+----+-----------+-----+-----------+
    |ap_NS_fsm                 |  26|          5|    1|          5|
    |ap_done_int               |   9|          2|    1|          2|
    |ap_enable_reg_pp0_iter0   |   9|          2|    1|          2|
    |ap_enable_reg_pp0_iter1   |   9|          2|    1|          2|
    |grp_fu_177_p0             |  14|          3|   32|         96|
    |grp_fu_177_p1             |  14|          3|   32|         96|
    |indvar_flatten196_fu_106  |   9|          2|    9|         18|
    |indvar_flatten211_fu_114  |   9|          2|   14|         28|
    |indvar_flatten235_fu_122  |   9|          2|   18|         36|
    |j_fu_98                   |   9|          2|    3|          6|
    |k_fu_102                  |   9|          2|    6|         12|
    |n_fu_118                  |   9|          2|    6|         12|
    |s_130_fu_94               |   9|          2|   32|         64|
    |y_fu_110                  |   9|          2|    6|         12|
    +--------------------------+----+-----------+-----+-----------+
    |Total                     | 153|         33|  162|        391|
    +--------------------------+----+-----------+-----+-----------+

    * Register: 
    +--------------------------------------+----+----+-----+-----------+
    |                 Name                 | FF | LUT| Bits| Const Bits|
    +--------------------------------------+----+----+-----+-----------+
    |OutPadConv7_load_reg_859              |  32|   0|   32|          0|
    |Weights_load_88_reg_844               |  32|   0|   32|          0|
    |Weights_load_reg_884                  |  32|   0|   32|          0|
    |add28_i7_reg_899                      |  32|   0|   32|          0|
    |add_ln203_6_reg_826                   |   6|   0|    6|          0|
    |add_ln205_reg_839                     |  11|   0|   11|          0|
    |ap_CS_fsm                             |   4|   0|    4|          0|
    |ap_done_reg                           |   1|   0|    1|          0|
    |ap_enable_reg_pp0_iter0_reg           |   1|   0|    1|          0|
    |ap_enable_reg_pp0_iter1               |   1|   0|    1|          0|
    |ap_enable_reg_pp0_iter2               |   1|   0|    1|          0|
    |ap_enable_reg_pp0_iter3               |   1|   0|    1|          0|
    |ap_enable_reg_pp0_iter4               |   1|   0|    1|          0|
    |ap_loop_exit_ready_pp0_iter1_reg      |   1|   0|    1|          0|
    |ap_loop_exit_ready_pp0_iter2_reg      |   1|   0|    1|          0|
    |ap_loop_exit_ready_pp0_iter3_reg      |   1|   0|    1|          0|
    |icmp_ln195_reg_796                    |   1|   0|    1|          0|
    |icmp_ln197_reg_800                    |   1|   0|    1|          0|
    |icmp_ln200_1_reg_835                  |   1|   0|    1|          0|
    |icmp_ln202_1_reg_831                  |   1|   0|    1|          0|
    |indvar_flatten196_fu_106              |   9|   0|    9|          0|
    |indvar_flatten196_load_reg_786        |   9|   0|    9|          0|
    |indvar_flatten211_fu_114              |  14|   0|   14|          0|
    |indvar_flatten211_load_reg_791        |  14|   0|   14|          0|
    |indvar_flatten235_fu_122              |  18|   0|   18|          0|
    |j_fu_98                               |   3|   0|    3|          0|
    |k_fu_102                              |   6|   0|    6|          0|
    |mul21_i7_reg_869                      |  32|   0|   32|          0|
    |n_fu_118                              |   6|   0|    6|          0|
    |or_ln197_reg_810                      |   1|   0|    1|          0|
    |or_ln197_reg_810_pp0_iter1_reg        |   1|   0|    1|          0|
    |s_130_fu_94                           |  32|   0|   32|          0|
    |s_reg_889                             |  32|   0|   32|          0|
    |select_ln195_1_reg_805                |   6|   0|    6|          0|
    |select_ln195_1_reg_805_pp0_iter1_reg  |   6|   0|    6|          0|
    |y_fu_110                              |   6|   0|    6|          0|
    |add_ln205_reg_839                     |  64|  32|   11|          0|
    |icmp_ln200_1_reg_835                  |  64|  32|    1|          0|
    |icmp_ln202_1_reg_831                  |  64|  32|    1|          0|
    +--------------------------------------+----+----+-----+-----------+
    |Total                                 | 549|  96|  370|          0|
    +--------------------------------------+----+----+-----+-----------+



================================================================
== Interface
================================================================
* Summary: 
+----------------------+-----+-----+------------+-------------------------------------------------------------------------+--------------+
|       RTL Ports      | Dir | Bits|  Protocol  |                              Source Object                              |    C Type    |
+----------------------+-----+-----+------------+-------------------------------------------------------------------------+--------------+
|ap_clk                |   in|    1|  ap_ctrl_hs|  CNN_Pipeline_VITIS_LOOP_195_1_loop_for_ap_7_loop_for_fc_7_loop_for_fa_7|  return value|
|ap_rst                |   in|    1|  ap_ctrl_hs|  CNN_Pipeline_VITIS_LOOP_195_1_loop_for_ap_7_loop_for_fc_7_loop_for_fa_7|  return value|
|ap_start              |   in|    1|  ap_ctrl_hs|  CNN_Pipeline_VITIS_LOOP_195_1_loop_for_ap_7_loop_for_fc_7_loop_for_fa_7|  return value|
|ap_done               |  out|    1|  ap_ctrl_hs|  CNN_Pipeline_VITIS_LOOP_195_1_loop_for_ap_7_loop_for_fc_7_loop_for_fa_7|  return value|
|ap_idle               |  out|    1|  ap_ctrl_hs|  CNN_Pipeline_VITIS_LOOP_195_1_loop_for_ap_7_loop_for_fc_7_loop_for_fa_7|  return value|
|ap_ready              |  out|    1|  ap_ctrl_hs|  CNN_Pipeline_VITIS_LOOP_195_1_loop_for_ap_7_loop_for_fc_7_loop_for_fa_7|  return value|
|grp_fu_1453_p_din0    |  out|   32|  ap_ctrl_hs|  CNN_Pipeline_VITIS_LOOP_195_1_loop_for_ap_7_loop_for_fc_7_loop_for_fa_7|  return value|
|grp_fu_1453_p_din1    |  out|   32|  ap_ctrl_hs|  CNN_Pipeline_VITIS_LOOP_195_1_loop_for_ap_7_loop_for_fc_7_loop_for_fa_7|  return value|
|grp_fu_1453_p_opcode  |  out|    2|  ap_ctrl_hs|  CNN_Pipeline_VITIS_LOOP_195_1_loop_for_ap_7_loop_for_fc_7_loop_for_fa_7|  return value|
|grp_fu_1453_p_dout0   |   in|   32|  ap_ctrl_hs|  CNN_Pipeline_VITIS_LOOP_195_1_loop_for_ap_7_loop_for_fc_7_loop_for_fa_7|  return value|
|grp_fu_1453_p_ce      |  out|    1|  ap_ctrl_hs|  CNN_Pipeline_VITIS_LOOP_195_1_loop_for_ap_7_loop_for_fc_7_loop_for_fa_7|  return value|
|grp_fu_1461_p_din0    |  out|   32|  ap_ctrl_hs|  CNN_Pipeline_VITIS_LOOP_195_1_loop_for_ap_7_loop_for_fc_7_loop_for_fa_7|  return value|
|grp_fu_1461_p_din1    |  out|   32|  ap_ctrl_hs|  CNN_Pipeline_VITIS_LOOP_195_1_loop_for_ap_7_loop_for_fc_7_loop_for_fa_7|  return value|
|grp_fu_1461_p_dout0   |   in|   32|  ap_ctrl_hs|  CNN_Pipeline_VITIS_LOOP_195_1_loop_for_ap_7_loop_for_fc_7_loop_for_fa_7|  return value|
|grp_fu_1461_p_ce      |  out|    1|  ap_ctrl_hs|  CNN_Pipeline_VITIS_LOOP_195_1_loop_for_ap_7_loop_for_fc_7_loop_for_fa_7|  return value|
|grp_fu_1469_p_din0    |  out|   32|  ap_ctrl_hs|  CNN_Pipeline_VITIS_LOOP_195_1_loop_for_ap_7_loop_for_fc_7_loop_for_fa_7|  return value|
|grp_fu_1469_p_din1    |  out|   32|  ap_ctrl_hs|  CNN_Pipeline_VITIS_LOOP_195_1_loop_for_ap_7_loop_for_fc_7_loop_for_fa_7|  return value|
|grp_fu_1469_p_opcode  |  out|    5|  ap_ctrl_hs|  CNN_Pipeline_VITIS_LOOP_195_1_loop_for_ap_7_loop_for_fc_7_loop_for_fa_7|  return value|
|grp_fu_1469_p_dout0   |   in|    1|  ap_ctrl_hs|  CNN_Pipeline_VITIS_LOOP_195_1_loop_for_ap_7_loop_for_fc_7_loop_for_fa_7|  return value|
|grp_fu_1469_p_ce      |  out|    1|  ap_ctrl_hs|  CNN_Pipeline_VITIS_LOOP_195_1_loop_for_ap_7_loop_for_fc_7_loop_for_fa_7|  return value|
|Weights_address0      |  out|   14|   ap_memory|                                                                  Weights|         array|
|Weights_ce0           |  out|    1|   ap_memory|                                                                  Weights|         array|
|Weights_q0            |   in|   32|   ap_memory|                                                                  Weights|         array|
|Weights_address1      |  out|   14|   ap_memory|                                                                  Weights|         array|
|Weights_ce1           |  out|    1|   ap_memory|                                                                  Weights|         array|
|Weights_q1            |   in|   32|   ap_memory|                                                                  Weights|         array|
|OutPadConv7_address0  |  out|   11|   ap_memory|                                                              OutPadConv7|         array|
|OutPadConv7_ce0       |  out|    1|   ap_memory|                                                              OutPadConv7|         array|
|OutPadConv7_q0        |   in|   32|   ap_memory|                                                              OutPadConv7|         array|
|OutConv7_address0     |  out|   11|   ap_memory|                                                                 OutConv7|         array|
|OutConv7_ce0          |  out|    1|   ap_memory|                                                                 OutConv7|         array|
|OutConv7_we0          |  out|    1|   ap_memory|                                                                 OutConv7|         array|
|OutConv7_d0           |  out|   32|   ap_memory|                                                                 OutConv7|         array|
+----------------------+-----+-----+------------+-------------------------------------------------------------------------+--------------+

