

================================================================
== Vitis HLS Report for 'CNN_Pipeline_VITIS_LOOP_65_1_loop_for_ap_2'
================================================================
* Date:           Sat Jun  1 06:31:27 2024

* Version:        2023.2 (Build 4023990 on Oct 11 2023)
* Project:        doan
* Solution:       solution1 (Vivado IP Flow Target)
* Product family: zynquplus
* Target device:  xck26-sfvc784-2LV-c


================================================================
== Performance Estimates
================================================================
+ Timing: 
    * Summary: 
    +--------+----------+----------+------------+
    |  Clock |  Target  | Estimated| Uncertainty|
    +--------+----------+----------+------------+
    |ap_clk  |  10.00 ns|  7.272 ns|     2.70 ns|
    +--------+----------+----------+------------+

+ Latency: 
    * Summary: 
    +---------+---------+----------+----------+-------+-------+---------+
    |  Latency (cycles) |  Latency (absolute) |    Interval   | Pipeline|
    |   min   |   max   |    min   |    max   |  min  |  max  |   Type  |
    +---------+---------+----------+----------+-------+-------+---------+
    |    14161|    14161|  0.142 ms|  0.142 ms|  14161|  14161|       no|
    +---------+---------+----------+----------+-------+-------+---------+

    + Detail: 
        * Instance: 
        N/A

        * Loop: 
        +---------------------------------+---------+---------+----------+-----------+-----------+------+----------+
        |                                 |  Latency (cycles) | Iteration|  Initiation Interval  | Trip |          |
        |            Loop Name            |   min   |   max   |  Latency |  achieved |   target  | Count| Pipelined|
        +---------------------------------+---------+---------+----------+-----------+-----------+------+----------+
        |- VITIS_LOOP_65_1_loop_for_ap_2  |    14159|    14159|        91|         11|          1|  1280|       yes|
        +---------------------------------+---------+---------+----------+-----------+-----------+------+----------+



================================================================
== Utilization Estimates
================================================================
* Summary: 
+-----------------+---------+------+--------+--------+-----+
|       Name      | BRAM_18K|  DSP |   FF   |   LUT  | URAM|
+-----------------+---------+------+--------+--------+-----+
|DSP              |        -|     -|       -|       -|    -|
|Expression       |        -|     -|       0|     840|    -|
|FIFO             |        -|     -|       -|       -|    -|
|Instance         |        -|     -|       -|       -|    -|
|Memory           |        -|     -|       -|       -|    -|
|Multiplexer      |        -|     -|       -|     828|    -|
|Register         |        -|     -|    2634|     544|    -|
+-----------------+---------+------+--------+--------+-----+
|Total            |        0|     0|    2634|    2212|    0|
+-----------------+---------+------+--------+--------+-----+
|Available        |      288|  1248|  234240|  117120|   64|
+-----------------+---------+------+--------+--------+-----+
|Utilization (%)  |        0|     0|       1|       1|    0|
+-----------------+---------+------+--------+--------+-----+

+ Detail: 
    * Instance: 
    N/A

    * DSP: 
    N/A

    * Memory: 
    N/A

    * FIFO: 
    N/A

    * Expression: 
    +---------------------------+----------+----+---+----+------------+------------+
    |       Variable Name       | Operation| DSP| FF| LUT| Bitwidth P0| Bitwidth P1|
    +---------------------------+----------+----+---+----+------------+------------+
    |add_ln65_1_fu_677_p2       |         +|   0|  0|  12|           4|           1|
    |add_ln65_fu_651_p2         |         +|   0|  0|  18|          11|           1|
    |add_ln73_10_fu_861_p2      |         +|   0|  0|  16|           9|           8|
    |add_ln73_11_fu_882_p2      |         +|   0|  0|  15|           8|           7|
    |add_ln73_12_fu_892_p2      |         +|   0|  0|  16|           9|           8|
    |add_ln73_13_fu_902_p2      |         +|   0|  0|  15|           8|           7|
    |add_ln73_14_fu_912_p2      |         +|   0|  0|  16|           9|           8|
    |add_ln73_15_fu_935_p2      |         +|   0|  0|  16|           9|           7|
    |add_ln73_16_fu_946_p2      |         +|   0|  0|  16|           9|           8|
    |add_ln73_17_fu_956_p2      |         +|   0|  0|  16|           9|           7|
    |add_ln73_18_fu_967_p2      |         +|   0|  0|  16|           9|           8|
    |add_ln73_19_fu_987_p2      |         +|   0|  0|  16|           9|           7|
    |add_ln73_1_fu_741_p2       |         +|   0|  0|  15|           8|           7|
    |add_ln73_20_fu_997_p2      |         +|   0|  0|  16|           9|           9|
    |add_ln73_21_fu_1007_p2     |         +|   0|  0|  16|           9|           7|
    |add_ln73_22_fu_1017_p2     |         +|   0|  0|  16|           9|           9|
    |add_ln73_23_fu_1037_p2     |         +|   0|  0|  16|           9|           7|
    |add_ln73_24_fu_1047_p2     |         +|   0|  0|  16|           9|           9|
    |add_ln73_25_fu_1057_p2     |         +|   0|  0|  16|           9|           7|
    |add_ln73_26_fu_1067_p2     |         +|   0|  0|  16|           9|           9|
    |add_ln73_27_fu_1112_p2     |         +|   0|  0|  16|           9|           7|
    |add_ln73_28_fu_1122_p2     |         +|   0|  0|  16|           9|           9|
    |add_ln73_29_fu_1132_p2     |         +|   0|  0|  16|           9|           7|
    |add_ln73_2_fu_752_p2       |         +|   0|  0|  15|           8|           1|
    |add_ln73_30_fu_1142_p2     |         +|   0|  0|  17|          10|           9|
    |add_ln73_31_fu_1178_p2     |         +|   0|  0|  16|           9|           7|
    |add_ln73_32_fu_1188_p2     |         +|   0|  0|  17|          10|           9|
    |add_ln73_33_fu_1198_p2     |         +|   0|  0|  16|           9|           7|
    |add_ln73_34_fu_1208_p2     |         +|   0|  0|  17|          10|           9|
    |add_ln73_35_fu_1228_p2     |         +|   0|  0|  16|           9|           7|
    |add_ln73_36_fu_1238_p2     |         +|   0|  0|  17|          10|           9|
    |add_ln73_37_fu_1248_p2     |         +|   0|  0|  16|           9|           7|
    |add_ln73_38_fu_1258_p2     |         +|   0|  0|  17|          10|           9|
    |add_ln73_3_fu_778_p2       |         +|   0|  0|  15|           8|           7|
    |add_ln73_4_fu_788_p2       |         +|   0|  0|  15|           8|           2|
    |add_ln73_5_fu_798_p2       |         +|   0|  0|  15|           8|           7|
    |add_ln73_6_fu_808_p2       |         +|   0|  0|  15|           8|           2|
    |add_ln73_7_fu_831_p2       |         +|   0|  0|  15|           8|           7|
    |add_ln73_8_fu_841_p2       |         +|   0|  0|  15|           8|           3|
    |add_ln73_9_fu_851_p2       |         +|   0|  0|  15|           8|           7|
    |add_ln73_fu_730_p2         |         +|   0|  0|  15|           8|           7|
    |add_ln75_1_fu_1153_p2      |         +|   0|  0|  16|           9|           9|
    |add_ln75_fu_1162_p2        |         +|   0|  0|  18|          11|          11|
    |arrayidx17_sum_fu_1291_p2  |         +|   0|  0|  16|           9|           9|
    |empty_144_fu_719_p2        |         +|   0|  0|  15|           8|           8|
    |and_ln75_fu_1342_p2        |       and|   0|  0|   2|           1|           1|
    |icmp_ln65_fu_645_p2        |      icmp|   0|  0|  18|          11|          11|
    |icmp_ln67_fu_663_p2        |      icmp|   0|  0|  15|           8|           8|
    |icmp_ln75_1_fu_1330_p2     |      icmp|   0|  0|  30|          23|           1|
    |icmp_ln75_fu_1324_p2       |      icmp|   0|  0|  15|           8|           2|
    |or_ln75_fu_1336_p2         |        or|   0|  0|   2|           1|           1|
    |OutConv2_d0                |    select|   0|  0|  32|           1|           1|
    |select_ln65_1_fu_683_p3    |    select|   0|  0|   4|           1|           4|
    |select_ln65_fu_669_p3      |    select|   0|  0|   8|           1|           1|
    |ap_enable_pp0              |       xor|   0|  0|   2|           1|           2|
    +---------------------------+----------+----+---+----+------------+------------+
    |Total                      |          |   0|  0| 840|         452|         349|
    +---------------------------+----------+----+---+----+------------+------------+

    * Multiplexer: 
    +----------------------------------------+----+-----------+-----+-----------+
    |                  Name                  | LUT| Input Size| Bits| Total Bits|
    +----------------------------------------+----+-----------+-----+-----------+
    |OutPadConv2_address0                    |  59|         11|   10|        110|
    |OutPadConv2_address1                    |  59|         11|   10|        110|
    |Weights_address0                        |  65|         12|   14|        168|
    |Weights_address1                        |  59|         11|   14|        154|
    |ap_NS_fsm                               |  65|         12|    1|         12|
    |ap_done_int                             |   9|          2|    1|          2|
    |ap_enable_reg_pp0_iter0                 |   9|          2|    1|          2|
    |ap_enable_reg_pp0_iter1                 |   9|          2|    1|          2|
    |ap_enable_reg_pp0_iter8                 |   9|          2|    1|          2|
    |ap_loop_exit_ready_pp0_iter1_reg        |   9|          2|    1|          2|
    |ap_loop_exit_ready_pp0_iter2_reg        |   9|          2|    1|          2|
    |ap_loop_exit_ready_pp0_iter3_reg        |   9|          2|    1|          2|
    |ap_loop_exit_ready_pp0_iter4_reg        |   9|          2|    1|          2|
    |ap_loop_exit_ready_pp0_iter5_reg        |   9|          2|    1|          2|
    |ap_loop_exit_ready_pp0_iter6_reg        |   9|          2|    1|          2|
    |ap_loop_exit_ready_pp0_iter7_reg        |   9|          2|    1|          2|
    |ap_sig_allocacmp_indvar_flatten34_load  |   9|          2|   11|         22|
    |ap_sig_allocacmp_n_load                 |   9|          2|    4|          8|
    |ap_sig_allocacmp_y_load                 |   9|          2|    8|         16|
    |grp_fu_521_p0                           |  37|          7|   32|        224|
    |grp_fu_521_p1                           |  65|         12|   32|        384|
    |grp_fu_526_p0                           |  37|          7|   32|        224|
    |grp_fu_526_p1                           |  59|         11|   32|        352|
    |grp_fu_530_p0                           |  59|         11|   32|        352|
    |grp_fu_530_p1                           |  26|          5|   32|        160|
    |grp_fu_534_p0                           |  59|         11|   32|        352|
    |grp_fu_534_p1                           |  26|          5|   32|        160|
    |indvar_flatten34_fu_158                 |   9|          2|   11|         22|
    |n_fu_154                                |   9|          2|    4|          8|
    |y_fu_150                                |   9|          2|    8|         16|
    +----------------------------------------+----+-----------+-----+-----------+
    |Total                                   | 828|        160|  362|       2876|
    +----------------------------------------+----+-----------+-----+-----------+

    * Register: 
    +------------------------------------+----+----+-----+-----------+
    |                Name                | FF | LUT| Bits| Const Bits|
    +------------------------------------+----+----+-----+-----------+
    |OutPadConv2_load_18_reg_1818        |  32|   0|   32|          0|
    |OutPadConv2_load_19_reg_1823        |  32|   0|   32|          0|
    |Weights_load_27_reg_1878            |  32|   0|   32|          0|
    |add_ln75_reg_1713                   |  11|   0|   11|          0|
    |ap_CS_fsm                           |  11|   0|   11|          0|
    |ap_done_reg                         |   1|   0|    1|          0|
    |ap_enable_reg_pp0_iter0_reg         |   1|   0|    1|          0|
    |ap_enable_reg_pp0_iter1             |   1|   0|    1|          0|
    |ap_enable_reg_pp0_iter2             |   1|   0|    1|          0|
    |ap_enable_reg_pp0_iter3             |   1|   0|    1|          0|
    |ap_enable_reg_pp0_iter4             |   1|   0|    1|          0|
    |ap_enable_reg_pp0_iter5             |   1|   0|    1|          0|
    |ap_enable_reg_pp0_iter6             |   1|   0|    1|          0|
    |ap_enable_reg_pp0_iter7             |   1|   0|    1|          0|
    |ap_enable_reg_pp0_iter8             |   1|   0|    1|          0|
    |ap_loop_exit_ready_pp0_iter1_reg    |   1|   0|    1|          0|
    |ap_loop_exit_ready_pp0_iter2_reg    |   1|   0|    1|          0|
    |ap_loop_exit_ready_pp0_iter3_reg    |   1|   0|    1|          0|
    |ap_loop_exit_ready_pp0_iter4_reg    |   1|   0|    1|          0|
    |ap_loop_exit_ready_pp0_iter5_reg    |   1|   0|    1|          0|
    |ap_loop_exit_ready_pp0_iter6_reg    |   1|   0|    1|          0|
    |ap_loop_exit_ready_pp0_iter7_reg    |   1|   0|    1|          0|
    |empty_144_reg_1406                  |   6|   0|    8|          2|
    |empty_reg_1400                      |   3|   0|    3|          0|
    |icmp_ln65_reg_1382                  |   1|   0|    1|          0|
    |indvar_flatten34_fu_158             |  11|   0|   11|          0|
    |mul21_i2_reg_1545                   |  32|   0|   32|          0|
    |mul21_i70_1_1_reg_1673              |  32|   0|   32|          0|
    |mul21_i70_1_2_reg_1678              |  32|   0|   32|          0|
    |mul21_i70_1_3_reg_1718              |  32|   0|   32|          0|
    |mul21_i70_1_4_reg_1723              |  32|   0|   32|          0|
    |mul21_i70_1_reg_1630                |  32|   0|   32|          0|
    |mul21_i70_1_reg_1630_pp0_iter1_reg  |  32|   0|   32|          0|
    |mul21_i70_2_1_reg_1763              |  32|   0|   32|          0|
    |mul21_i70_2_2_reg_1798              |  32|   0|   32|          0|
    |mul21_i70_2_3_reg_1803              |  32|   0|   32|          0|
    |mul21_i70_2_4_reg_1828              |  32|   0|   32|          0|
    |mul21_i70_2_reg_1758                |  32|   0|   32|          0|
    |mul21_i70_3_1_reg_1848              |  32|   0|   32|          0|
    |mul21_i70_3_2_reg_1853              |  32|   0|   32|          0|
    |mul21_i70_3_3_reg_1858              |  32|   0|   32|          0|
    |mul21_i70_3_4_reg_1863              |  32|   0|   32|          0|
    |mul21_i70_3_reg_1833                |  32|   0|   32|          0|
    |mul21_i70_4_reg_1625                |  32|   0|   32|          0|
    |mul21_i70_4_reg_1625_pp0_iter1_reg  |  32|   0|   32|          0|
    |mul21_i70_5_reg_1585                |  32|   0|   32|          0|
    |mul21_i70_6_reg_1590                |  32|   0|   32|          0|
    |mul21_i70_6_reg_1590_pp0_iter1_reg  |  32|   0|   32|          0|
    |mul21_i70_s_reg_1550                |  32|   0|   32|          0|
    |n_fu_154                            |   4|   0|    4|          0|
    |p_cast69_reg_1531                   |   6|   0|    9|          3|
    |reg_543                             |  32|   0|   32|          0|
    |reg_547                             |  32|   0|   32|          0|
    |reg_552                             |  32|   0|   32|          0|
    |reg_556                             |  32|   0|   32|          0|
    |reg_561                             |  32|   0|   32|          0|
    |reg_566                             |  32|   0|   32|          0|
    |reg_571                             |  32|   0|   32|          0|
    |reg_576                             |  32|   0|   32|          0|
    |reg_581                             |  32|   0|   32|          0|
    |reg_586                             |  32|   0|   32|          0|
    |reg_591                             |  32|   0|   32|          0|
    |reg_596                             |  32|   0|   32|          0|
    |reg_601                             |  32|   0|   32|          0|
    |reg_606                             |  32|   0|   32|          0|
    |reg_611                             |  32|   0|   32|          0|
    |reg_616                             |  32|   0|   32|          0|
    |reg_622                             |  32|   0|   32|          0|
    |s_133_reg_1868                      |  32|   0|   32|          0|
    |s_142_reg_1883                      |  32|   0|   32|          0|
    |select_ln65_1_reg_1395              |   4|   0|    4|          0|
    |select_ln65_reg_1386                |   8|   0|    8|          0|
    |y_fu_150                            |   8|   0|    8|          0|
    |zext_ln67_2_reg_1665                |   8|   0|   10|          2|
    |zext_ln67_3_reg_1457                |   8|   0|    9|          1|
    |add_ln75_reg_1713                   |  64|  32|   11|          0|
    |icmp_ln65_reg_1382                  |  64|  32|    1|          0|
    |mul21_i70_1_1_reg_1673              |  64|  32|   32|          0|
    |mul21_i70_1_2_reg_1678              |  64|  32|   32|          0|
    |mul21_i70_1_3_reg_1718              |  64|  32|   32|          0|
    |mul21_i70_1_4_reg_1723              |  64|  32|   32|          0|
    |mul21_i70_2_1_reg_1763              |  64|  32|   32|          0|
    |mul21_i70_2_2_reg_1798              |  64|  32|   32|          0|
    |mul21_i70_2_3_reg_1803              |  64|  32|   32|          0|
    |mul21_i70_2_4_reg_1828              |  64|  32|   32|          0|
    |mul21_i70_2_reg_1758                |  64|  32|   32|          0|
    |mul21_i70_3_1_reg_1848              |  64|  32|   32|          0|
    |mul21_i70_3_2_reg_1853              |  64|  32|   32|          0|
    |mul21_i70_3_3_reg_1858              |  64|  32|   32|          0|
    |mul21_i70_3_4_reg_1863              |  64|  32|   32|          0|
    |mul21_i70_3_reg_1833                |  64|  32|   32|          0|
    |select_ln65_1_reg_1395              |  64|  32|    4|          0|
    +------------------------------------+----+----+-----+-----------+
    |Total                               |2634| 544| 2018|          8|
    +------------------------------------+----+----+-----+-----------+



================================================================
== Interface
================================================================
* Summary: 
+----------------------+-----+-----+------------+--------------------------------------------+--------------+
|       RTL Ports      | Dir | Bits|  Protocol  |                Source Object               |    C Type    |
+----------------------+-----+-----+------------+--------------------------------------------+--------------+
|ap_clk                |   in|    1|  ap_ctrl_hs|  CNN_Pipeline_VITIS_LOOP_65_1_loop_for_ap_2|  return value|
|ap_rst                |   in|    1|  ap_ctrl_hs|  CNN_Pipeline_VITIS_LOOP_65_1_loop_for_ap_2|  return value|
|ap_start              |   in|    1|  ap_ctrl_hs|  CNN_Pipeline_VITIS_LOOP_65_1_loop_for_ap_2|  return value|
|ap_done               |  out|    1|  ap_ctrl_hs|  CNN_Pipeline_VITIS_LOOP_65_1_loop_for_ap_2|  return value|
|ap_idle               |  out|    1|  ap_ctrl_hs|  CNN_Pipeline_VITIS_LOOP_65_1_loop_for_ap_2|  return value|
|ap_ready              |  out|    1|  ap_ctrl_hs|  CNN_Pipeline_VITIS_LOOP_65_1_loop_for_ap_2|  return value|
|grp_fu_1453_p_din0    |  out|   32|  ap_ctrl_hs|  CNN_Pipeline_VITIS_LOOP_65_1_loop_for_ap_2|  return value|
|grp_fu_1453_p_din1    |  out|   32|  ap_ctrl_hs|  CNN_Pipeline_VITIS_LOOP_65_1_loop_for_ap_2|  return value|
|grp_fu_1453_p_opcode  |  out|    2|  ap_ctrl_hs|  CNN_Pipeline_VITIS_LOOP_65_1_loop_for_ap_2|  return value|
|grp_fu_1453_p_dout0   |   in|   32|  ap_ctrl_hs|  CNN_Pipeline_VITIS_LOOP_65_1_loop_for_ap_2|  return value|
|grp_fu_1453_p_ce      |  out|    1|  ap_ctrl_hs|  CNN_Pipeline_VITIS_LOOP_65_1_loop_for_ap_2|  return value|
|grp_fu_1457_p_din0    |  out|   32|  ap_ctrl_hs|  CNN_Pipeline_VITIS_LOOP_65_1_loop_for_ap_2|  return value|
|grp_fu_1457_p_din1    |  out|   32|  ap_ctrl_hs|  CNN_Pipeline_VITIS_LOOP_65_1_loop_for_ap_2|  return value|
|grp_fu_1457_p_opcode  |  out|    2|  ap_ctrl_hs|  CNN_Pipeline_VITIS_LOOP_65_1_loop_for_ap_2|  return value|
|grp_fu_1457_p_dout0   |   in|   32|  ap_ctrl_hs|  CNN_Pipeline_VITIS_LOOP_65_1_loop_for_ap_2|  return value|
|grp_fu_1457_p_ce      |  out|    1|  ap_ctrl_hs|  CNN_Pipeline_VITIS_LOOP_65_1_loop_for_ap_2|  return value|
|grp_fu_1461_p_din0    |  out|   32|  ap_ctrl_hs|  CNN_Pipeline_VITIS_LOOP_65_1_loop_for_ap_2|  return value|
|grp_fu_1461_p_din1    |  out|   32|  ap_ctrl_hs|  CNN_Pipeline_VITIS_LOOP_65_1_loop_for_ap_2|  return value|
|grp_fu_1461_p_dout0   |   in|   32|  ap_ctrl_hs|  CNN_Pipeline_VITIS_LOOP_65_1_loop_for_ap_2|  return value|
|grp_fu_1461_p_ce      |  out|    1|  ap_ctrl_hs|  CNN_Pipeline_VITIS_LOOP_65_1_loop_for_ap_2|  return value|
|grp_fu_1465_p_din0    |  out|   32|  ap_ctrl_hs|  CNN_Pipeline_VITIS_LOOP_65_1_loop_for_ap_2|  return value|
|grp_fu_1465_p_din1    |  out|   32|  ap_ctrl_hs|  CNN_Pipeline_VITIS_LOOP_65_1_loop_for_ap_2|  return value|
|grp_fu_1465_p_dout0   |   in|   32|  ap_ctrl_hs|  CNN_Pipeline_VITIS_LOOP_65_1_loop_for_ap_2|  return value|
|grp_fu_1465_p_ce      |  out|    1|  ap_ctrl_hs|  CNN_Pipeline_VITIS_LOOP_65_1_loop_for_ap_2|  return value|
|grp_fu_1469_p_din0    |  out|   32|  ap_ctrl_hs|  CNN_Pipeline_VITIS_LOOP_65_1_loop_for_ap_2|  return value|
|grp_fu_1469_p_din1    |  out|   32|  ap_ctrl_hs|  CNN_Pipeline_VITIS_LOOP_65_1_loop_for_ap_2|  return value|
|grp_fu_1469_p_opcode  |  out|    5|  ap_ctrl_hs|  CNN_Pipeline_VITIS_LOOP_65_1_loop_for_ap_2|  return value|
|grp_fu_1469_p_dout0   |   in|    1|  ap_ctrl_hs|  CNN_Pipeline_VITIS_LOOP_65_1_loop_for_ap_2|  return value|
|grp_fu_1469_p_ce      |  out|    1|  ap_ctrl_hs|  CNN_Pipeline_VITIS_LOOP_65_1_loop_for_ap_2|  return value|
|Weights_address0      |  out|   14|   ap_memory|                                     Weights|         array|
|Weights_ce0           |  out|    1|   ap_memory|                                     Weights|         array|
|Weights_q0            |   in|   32|   ap_memory|                                     Weights|         array|
|Weights_address1      |  out|   14|   ap_memory|                                     Weights|         array|
|Weights_ce1           |  out|    1|   ap_memory|                                     Weights|         array|
|Weights_q1            |   in|   32|   ap_memory|                                     Weights|         array|
|OutPadConv2_address0  |  out|   10|   ap_memory|                                 OutPadConv2|         array|
|OutPadConv2_ce0       |  out|    1|   ap_memory|                                 OutPadConv2|         array|
|OutPadConv2_q0        |   in|   32|   ap_memory|                                 OutPadConv2|         array|
|OutPadConv2_address1  |  out|   10|   ap_memory|                                 OutPadConv2|         array|
|OutPadConv2_ce1       |  out|    1|   ap_memory|                                 OutPadConv2|         array|
|OutPadConv2_q1        |   in|   32|   ap_memory|                                 OutPadConv2|         array|
|OutConv2_address0     |  out|   11|   ap_memory|                                    OutConv2|         array|
|OutConv2_ce0          |  out|    1|   ap_memory|                                    OutConv2|         array|
|OutConv2_we0          |  out|    1|   ap_memory|                                    OutConv2|         array|
|OutConv2_d0           |  out|   32|   ap_memory|                                    OutConv2|         array|
+----------------------+-----+-----+------------+--------------------------------------------+--------------+

