

================================================================
== Vitis HLS Report for 'CNN_Pipeline_loop_for_3_channel_pad_2_loop_for_channel_pad_2'
================================================================
* Date:           Sat Jun  1 06:31:26 2024

* Version:        2023.2 (Build 4023990 on Oct 11 2023)
* Project:        doan
* Solution:       solution1 (Vivado IP Flow Target)
* Product family: zynquplus
* Target device:  xck26-sfvc784-2LV-c


================================================================
== Performance Estimates
================================================================
+ Timing: 
    * Summary: 
    +--------+----------+----------+------------+
    |  Clock |  Target  | Estimated| Uncertainty|
    +--------+----------+----------+------------+
    |ap_clk  |  10.00 ns|  4.363 ns|     2.70 ns|
    +--------+----------+----------+------------+

+ Latency: 
    * Summary: 
    +---------+---------+----------+----------+-----+-----+---------+
    |  Latency (cycles) |  Latency (absolute) |  Interval | Pipeline|
    |   min   |   max   |    min   |    max   | min | max |   Type  |
    +---------+---------+----------+----------+-----+-----+---------+
    |      658|      658|  6.580 us|  6.580 us|  658|  658|       no|
    +---------+---------+----------+----------+-----+-----+---------+

    + Detail: 
        * Instance: 
        N/A

        * Loop: 
        +---------------------------------------------------+---------+---------+----------+-----------+-----------+------+----------+
        |                                                   |  Latency (cycles) | Iteration|  Initiation Interval  | Trip |          |
        |                     Loop Name                     |   min   |   max   |  Latency |  achieved |   target  | Count| Pipelined|
        +---------------------------------------------------+---------+---------+----------+-----------+-----------+------+----------+
        |- loop_for_3_channel_pad_2_loop_for_channel_pad_2  |      656|      656|         2|          1|          1|   656|       yes|
        +---------------------------------------------------+---------+---------+----------+-----------+-----------+------+----------+



================================================================
== Utilization Estimates
================================================================
* Summary: 
+-----------------+---------+------+--------+--------+-----+
|       Name      | BRAM_18K|  DSP |   FF   |   LUT  | URAM|
+-----------------+---------+------+--------+--------+-----+
|DSP              |        -|     -|       -|       -|    -|
|Expression       |        -|     -|       0|     200|    -|
|FIFO             |        -|     -|       -|       -|    -|
|Instance         |        -|     0|       0|      50|    -|
|Memory           |        -|     -|       -|       -|    -|
|Multiplexer      |        -|     -|       -|      72|    -|
|Register         |        -|     -|      36|       -|    -|
+-----------------+---------+------+--------+--------+-----+
|Total            |        0|     0|      36|     322|    0|
+-----------------+---------+------+--------+--------+-----+
|Available        |      288|  1248|  234240|  117120|   64|
+-----------------+---------+------+--------+--------+-----+
|Utilization (%)  |        0|     0|      ~0|      ~0|    0|
+-----------------+---------+------+--------+--------+-----+

+ Detail: 
    * Instance: 
    +-----------------------+-------------------+---------+----+---+----+-----+
    |        Instance       |       Module      | BRAM_18K| DSP| FF| LUT| URAM|
    +-----------------------+-------------------+---------+----+---+----+-----+
    |mul_3ns_9ns_9_1_1_U27  |mul_3ns_9ns_9_1_1  |        0|   0|  0|  50|    0|
    +-----------------------+-------------------+---------+----+---+----+-----+
    |Total                  |                   |        0|   0|  0|  50|    0|
    +-----------------------+-------------------+---------+----+---+----+-----+

    * DSP: 
    N/A

    * Memory: 
    N/A

    * FIFO: 
    N/A

    * Expression: 
    +-------------------------+----------+----+---+----+------------+------------+
    |      Variable Name      | Operation| DSP| FF| LUT| Bitwidth P0| Bitwidth P1|
    +-------------------------+----------+----+---+----+------------+------------+
    |add_ln55_1_fu_146_p2     |         +|   0|  0|  10|           3|           1|
    |add_ln55_fu_120_p2       |         +|   0|  0|  17|          10|           1|
    |add_ln57_fu_219_p2       |         +|   0|  0|  15|           8|           1|
    |add_ln58_1_fu_198_p2     |         +|   0|  0|  16|           9|           3|
    |add_ln58_2_fu_208_p2     |         +|   0|  0|  17|          10|          10|
    |add_ln58_fu_266_p2       |         +|   0|  0|  17|          10|          10|
    |icmp_ln55_fu_114_p2      |      icmp|   0|  0|  17|          10|          10|
    |icmp_ln57_fu_132_p2      |      icmp|   0|  0|  15|           8|           8|
    |icmp_ln58_1_fu_256_p2    |      icmp|   0|  0|  15|           8|           8|
    |icmp_ln58_fu_178_p2      |      icmp|   0|  0|  14|           7|           1|
    |or_ln58_fu_261_p2        |        or|   0|  0|   2|           1|           1|
    |OutPadConv2_d0           |    select|   0|  0|  32|           1|           1|
    |select_ln55_1_fu_152_p3  |    select|   0|  0|   3|           1|           3|
    |select_ln55_fu_138_p3    |    select|   0|  0|   8|           1|           1|
    |ap_enable_pp0            |       xor|   0|  0|   2|           1|           2|
    +-------------------------+----------+----+---+----+------------+------------+
    |Total                    |          |   0|  0| 200|          88|          61|
    +-------------------------+----------+----+---+----+------------+------------+

    * Multiplexer: 
    +----------------------------------------+----+-----------+-----+-----------+
    |                  Name                  | LUT| Input Size| Bits| Total Bits|
    +----------------------------------------+----+-----------+-----+-----------+
    |ap_done_int                             |   9|          2|    1|          2|
    |ap_enable_reg_pp0_iter1                 |   9|          2|    1|          2|
    |ap_sig_allocacmp_c_load                 |   9|          2|    3|          6|
    |ap_sig_allocacmp_indvar_flatten27_load  |   9|          2|   10|         20|
    |ap_sig_allocacmp_n_load                 |   9|          2|    8|         16|
    |c_fu_62                                 |   9|          2|    3|          6|
    |indvar_flatten27_fu_66                  |   9|          2|   10|         20|
    |n_fu_58                                 |   9|          2|    8|         16|
    +----------------------------------------+----+-----------+-----+-----------+
    |Total                                   |  72|         16|   44|         88|
    +----------------------------------------+----+-----------+-----+-----------+

    * Register: 
    +-------------------------+----+----+-----+-----------+
    |           Name          | FF | LUT| Bits| Const Bits|
    +-------------------------+----+----+-----+-----------+
    |ap_CS_fsm                |   1|   0|    1|          0|
    |ap_done_reg              |   1|   0|    1|          0|
    |ap_enable_reg_pp0_iter1  |   1|   0|    1|          0|
    |c_fu_62                  |   3|   0|    3|          0|
    |icmp_ln58_reg_321        |   1|   0|    1|          0|
    |indvar_flatten27_fu_66   |  10|   0|   10|          0|
    |n_fu_58                  |   8|   0|    8|          0|
    |select_ln55_1_reg_316    |   3|   0|    3|          0|
    |select_ln55_reg_310      |   8|   0|    8|          0|
    +-------------------------+----+----+-----+-----------+
    |Total                    |  36|   0|   36|          0|
    +-------------------------+----+----+-----+-----------+



================================================================
== Interface
================================================================
* Summary: 
+----------------------+-----+-----+------------+--------------------------------------------------------------+--------------+
|       RTL Ports      | Dir | Bits|  Protocol  |                         Source Object                        |    C Type    |
+----------------------+-----+-----+------------+--------------------------------------------------------------+--------------+
|ap_clk                |   in|    1|  ap_ctrl_hs|  CNN_Pipeline_loop_for_3_channel_pad_2_loop_for_channel_pad_2|  return value|
|ap_rst                |   in|    1|  ap_ctrl_hs|  CNN_Pipeline_loop_for_3_channel_pad_2_loop_for_channel_pad_2|  return value|
|ap_start              |   in|    1|  ap_ctrl_hs|  CNN_Pipeline_loop_for_3_channel_pad_2_loop_for_channel_pad_2|  return value|
|ap_done               |  out|    1|  ap_ctrl_hs|  CNN_Pipeline_loop_for_3_channel_pad_2_loop_for_channel_pad_2|  return value|
|ap_idle               |  out|    1|  ap_ctrl_hs|  CNN_Pipeline_loop_for_3_channel_pad_2_loop_for_channel_pad_2|  return value|
|ap_ready              |  out|    1|  ap_ctrl_hs|  CNN_Pipeline_loop_for_3_channel_pad_2_loop_for_channel_pad_2|  return value|
|OutPadConv2_address0  |  out|   10|   ap_memory|                                                   OutPadConv2|         array|
|OutPadConv2_ce0       |  out|    1|   ap_memory|                                                   OutPadConv2|         array|
|OutPadConv2_we0       |  out|    1|   ap_memory|                                                   OutPadConv2|         array|
|OutPadConv2_d0        |  out|   32|   ap_memory|                                                   OutPadConv2|         array|
|OutPool0_address0     |  out|   10|   ap_memory|                                                      OutPool0|         array|
|OutPool0_ce0          |  out|    1|   ap_memory|                                                      OutPool0|         array|
|OutPool0_q0           |   in|   32|   ap_memory|                                                      OutPool0|         array|
+----------------------+-----+-----+------------+--------------------------------------------------------------+--------------+

