

================================================================
== Vitis HLS Report for 'CNN_Pipeline_VITIS_LOOP_39_1_loop_for_ap_1'
================================================================
* Date:           Sat Jun  1 06:31:25 2024

* Version:        2023.2 (Build 4023990 on Oct 11 2023)
* Project:        doan
* Solution:       solution1 (Vivado IP Flow Target)
* Product family: zynquplus
* Target device:  xck26-sfvc784-2LV-c


================================================================
== Performance Estimates
================================================================
+ Timing: 
    * Summary: 
    +--------+----------+----------+------------+
    |  Clock |  Target  | Estimated| Uncertainty|
    +--------+----------+----------+------------+
    |ap_clk  |  10.00 ns|  7.272 ns|     2.70 ns|
    +--------+----------+----------+------------+

+ Latency: 
    * Summary: 
    +---------+---------+----------+----------+-------+-------+---------+
    |  Latency (cycles) |  Latency (absolute) |    Interval   | Pipeline|
    |   min   |   max   |    min   |    max   |  min  |  max  |   Type  |
    +---------+---------+----------+----------+-------+-------+---------+
    |    14161|    14161|  0.142 ms|  0.142 ms|  14161|  14161|       no|
    +---------+---------+----------+----------+-------+-------+---------+

    + Detail: 
        * Instance: 
        N/A

        * Loop: 
        +---------------------------------+---------+---------+----------+-----------+-----------+------+----------+
        |                                 |  Latency (cycles) | Iteration|  Initiation Interval  | Trip |          |
        |            Loop Name            |   min   |   max   |  Latency |  achieved |   target  | Count| Pipelined|
        +---------------------------------+---------+---------+----------+-----------+-----------+------+----------+
        |- VITIS_LOOP_39_1_loop_for_ap_1  |    14159|    14159|        91|         11|          1|  1280|       yes|
        +---------------------------------+---------+---------+----------+-----------+-----------+------+----------+



================================================================
== Utilization Estimates
================================================================
* Summary: 
+-----------------+---------+------+--------+--------+-----+
|       Name      | BRAM_18K|  DSP |   FF   |   LUT  | URAM|
+-----------------+---------+------+--------+--------+-----+
|DSP              |        -|     -|       -|       -|    -|
|Expression       |        -|     -|       0|     795|    -|
|FIFO             |        -|     -|       -|       -|    -|
|Instance         |        -|     -|       -|       -|    -|
|Memory           |        -|     -|       -|       -|    -|
|Multiplexer      |        -|     -|       -|     828|    -|
|Register         |        -|     -|    2680|     576|    -|
+-----------------+---------+------+--------+--------+-----+
|Total            |        0|     0|    2680|    2199|    0|
+-----------------+---------+------+--------+--------+-----+
|Available        |      288|  1248|  234240|  117120|   64|
+-----------------+---------+------+--------+--------+-----+
|Utilization (%)  |        0|     0|       1|       1|    0|
+-----------------+---------+------+--------+--------+-----+

+ Detail: 
    * Instance: 
    N/A

    * DSP: 
    N/A

    * Memory: 
    N/A

    * FIFO: 
    N/A

    * Expression: 
    +-------------------------+----------+----+---+----+------------+------------+
    |      Variable Name      | Operation| DSP| FF| LUT| Bitwidth P0| Bitwidth P1|
    +-------------------------+----------+----+---+----+------------+------------+
    |add_ln39_2_fu_677_p2     |         +|   0|  0|  10|           3|           1|
    |add_ln39_fu_651_p2       |         +|   0|  0|  18|          11|           1|
    |add_ln47_10_fu_845_p2    |         +|   0|  0|  17|          10|           9|
    |add_ln47_11_fu_866_p2    |         +|   0|  0|  14|           7|           5|
    |add_ln47_12_fu_876_p2    |         +|   0|  0|  17|          10|           9|
    |add_ln47_13_fu_886_p2    |         +|   0|  0|  14|           7|           5|
    |add_ln47_14_fu_896_p2    |         +|   0|  0|  17|          10|           9|
    |add_ln47_15_fu_916_p2    |         +|   0|  0|  14|           7|           6|
    |add_ln47_16_fu_926_p2    |         +|   0|  0|  17|          10|           9|
    |add_ln47_17_fu_936_p2    |         +|   0|  0|  14|           7|           6|
    |add_ln47_18_fu_946_p2    |         +|   0|  0|  17|          10|           9|
    |add_ln47_19_fu_966_p2    |         +|   0|  0|  14|           7|           6|
    |add_ln47_1_fu_725_p2     |         +|   0|  0|  14|           7|           5|
    |add_ln47_20_fu_976_p2    |         +|   0|  0|  17|          10|          10|
    |add_ln47_21_fu_986_p2    |         +|   0|  0|  14|           7|           6|
    |add_ln47_22_fu_996_p2    |         +|   0|  0|  17|          10|          10|
    |add_ln47_23_fu_1016_p2   |         +|   0|  0|  14|           7|           6|
    |add_ln47_24_fu_1026_p2   |         +|   0|  0|  17|          10|          10|
    |add_ln47_25_fu_1036_p2   |         +|   0|  0|  14|           7|           6|
    |add_ln47_26_fu_1046_p2   |         +|   0|  0|  17|          10|          10|
    |add_ln47_27_fu_1069_p2   |         +|   0|  0|  14|           7|           6|
    |add_ln47_28_fu_1079_p2   |         +|   0|  0|  17|          10|          10|
    |add_ln47_29_fu_1089_p2   |         +|   0|  0|  14|           7|           6|
    |add_ln47_2_fu_736_p2     |         +|   0|  0|  16|           9|           1|
    |add_ln47_30_fu_1099_p2   |         +|   0|  0|  18|          11|          10|
    |add_ln47_31_fu_1120_p2   |         +|   0|  0|  14|           7|           6|
    |add_ln47_32_fu_1130_p2   |         +|   0|  0|  18|          11|          10|
    |add_ln47_33_fu_1140_p2   |         +|   0|  0|  14|           7|           6|
    |add_ln47_34_fu_1150_p2   |         +|   0|  0|  18|          11|          10|
    |add_ln47_35_fu_1170_p2   |         +|   0|  0|  14|           7|           6|
    |add_ln47_36_fu_1180_p2   |         +|   0|  0|  18|          11|          10|
    |add_ln47_37_fu_1190_p2   |         +|   0|  0|  14|           7|           6|
    |add_ln47_38_fu_1200_p2   |         +|   0|  0|  18|          11|          10|
    |add_ln47_3_fu_762_p2     |         +|   0|  0|  14|           7|           5|
    |add_ln47_4_fu_772_p2     |         +|   0|  0|  16|           9|           2|
    |add_ln47_5_fu_782_p2     |         +|   0|  0|  14|           7|           5|
    |add_ln47_6_fu_792_p2     |         +|   0|  0|  16|           9|           2|
    |add_ln47_7_fu_815_p2     |         +|   0|  0|  14|           7|           5|
    |add_ln47_8_fu_825_p2     |         +|   0|  0|  16|           9|           3|
    |add_ln47_9_fu_835_p2     |         +|   0|  0|  14|           7|           5|
    |add_ln47_fu_714_p2       |         +|   0|  0|  14|           7|           5|
    |add_ln49_1_fu_1314_p2    |         +|   0|  0|  16|           9|           9|
    |add_ln49_fu_1323_p2      |         +|   0|  0|  18|          11|          11|
    |and_ln49_fu_1308_p2      |       and|   0|  0|   2|           1|           1|
    |icmp_ln39_fu_645_p2      |      icmp|   0|  0|  18|          11|          11|
    |icmp_ln41_fu_663_p2      |      icmp|   0|  0|  16|           9|           9|
    |icmp_ln49_1_fu_1296_p2   |      icmp|   0|  0|  30|          23|           1|
    |icmp_ln49_fu_1290_p2     |      icmp|   0|  0|  15|           8|           2|
    |or_ln49_fu_1302_p2       |        or|   0|  0|   2|           1|           1|
    |OutConv1_d0              |    select|   0|  0|  32|           1|           1|
    |select_ln39_1_fu_683_p3  |    select|   0|  0|   3|           1|           3|
    |select_ln39_fu_669_p3    |    select|   0|  0|   9|           1|           1|
    |ap_enable_pp0            |       xor|   0|  0|   2|           1|           2|
    +-------------------------+----------+----+---+----+------------+------------+
    |Total                    |          |   0|  0| 795|         422|         319|
    +-------------------------+----------+----+---+----+------------+------------+

    * Multiplexer: 
    +----------------------------------------+----+-----------+-----+-----------+
    |                  Name                  | LUT| Input Size| Bits| Total Bits|
    +----------------------------------------+----+-----------+-----+-----------+
    |OutPadConv1_address0                    |  59|         11|   11|        121|
    |OutPadConv1_address1                    |  59|         11|   11|        121|
    |Weights_address0                        |  65|         12|   14|        168|
    |Weights_address1                        |  59|         11|   14|        154|
    |ap_NS_fsm                               |  65|         12|    1|         12|
    |ap_done_int                             |   9|          2|    1|          2|
    |ap_enable_reg_pp0_iter0                 |   9|          2|    1|          2|
    |ap_enable_reg_pp0_iter1                 |   9|          2|    1|          2|
    |ap_enable_reg_pp0_iter8                 |   9|          2|    1|          2|
    |ap_loop_exit_ready_pp0_iter1_reg        |   9|          2|    1|          2|
    |ap_loop_exit_ready_pp0_iter2_reg        |   9|          2|    1|          2|
    |ap_loop_exit_ready_pp0_iter3_reg        |   9|          2|    1|          2|
    |ap_loop_exit_ready_pp0_iter4_reg        |   9|          2|    1|          2|
    |ap_loop_exit_ready_pp0_iter5_reg        |   9|          2|    1|          2|
    |ap_loop_exit_ready_pp0_iter6_reg        |   9|          2|    1|          2|
    |ap_loop_exit_ready_pp0_iter7_reg        |   9|          2|    1|          2|
    |ap_sig_allocacmp_indvar_flatten13_load  |   9|          2|   11|         22|
    |ap_sig_allocacmp_n_load                 |   9|          2|    3|          6|
    |ap_sig_allocacmp_y_load                 |   9|          2|    9|         18|
    |grp_fu_521_p0                           |  37|          7|   32|        224|
    |grp_fu_521_p1                           |  65|         12|   32|        384|
    |grp_fu_526_p0                           |  37|          7|   32|        224|
    |grp_fu_526_p1                           |  59|         11|   32|        352|
    |grp_fu_530_p0                           |  59|         11|   32|        352|
    |grp_fu_530_p1                           |  26|          5|   32|        160|
    |grp_fu_534_p0                           |  59|         11|   32|        352|
    |grp_fu_534_p1                           |  26|          5|   32|        160|
    |indvar_flatten13_fu_158                 |   9|          2|   11|         22|
    |n_fu_154                                |   9|          2|    3|          6|
    |y_fu_150                                |   9|          2|    9|         18|
    +----------------------------------------+----+-----------+-----+-----------+
    |Total                                   | 828|        160|  364|       2898|
    +----------------------------------------+----+-----------+-----+-----------+

    * Register: 
    +------------------------------------+----+----+-----+-----------+
    |                Name                | FF | LUT| Bits| Const Bits|
    +------------------------------------+----+----+-----+-----------+
    |OutPadConv1_load_18_reg_1792        |  32|   0|   32|          0|
    |OutPadConv1_load_19_reg_1797        |  32|   0|   32|          0|
    |Weights_load_6_reg_1852             |  32|   0|   32|          0|
    |ap_CS_fsm                           |  11|   0|   11|          0|
    |ap_done_reg                         |   1|   0|    1|          0|
    |ap_enable_reg_pp0_iter0_reg         |   1|   0|    1|          0|
    |ap_enable_reg_pp0_iter1             |   1|   0|    1|          0|
    |ap_enable_reg_pp0_iter2             |   1|   0|    1|          0|
    |ap_enable_reg_pp0_iter3             |   1|   0|    1|          0|
    |ap_enable_reg_pp0_iter4             |   1|   0|    1|          0|
    |ap_enable_reg_pp0_iter5             |   1|   0|    1|          0|
    |ap_enable_reg_pp0_iter6             |   1|   0|    1|          0|
    |ap_enable_reg_pp0_iter7             |   1|   0|    1|          0|
    |ap_enable_reg_pp0_iter8             |   1|   0|    1|          0|
    |ap_loop_exit_ready_pp0_iter1_reg    |   1|   0|    1|          0|
    |ap_loop_exit_ready_pp0_iter2_reg    |   1|   0|    1|          0|
    |ap_loop_exit_ready_pp0_iter3_reg    |   1|   0|    1|          0|
    |ap_loop_exit_ready_pp0_iter4_reg    |   1|   0|    1|          0|
    |ap_loop_exit_ready_pp0_iter5_reg    |   1|   0|    1|          0|
    |ap_loop_exit_ready_pp0_iter6_reg    |   1|   0|    1|          0|
    |ap_loop_exit_ready_pp0_iter7_reg    |   1|   0|    1|          0|
    |empty_reg_1383                      |   2|   0|    2|          0|
    |icmp_ln39_reg_1364                  |   1|   0|    1|          0|
    |indvar_flatten13_fu_158             |  11|   0|   11|          0|
    |mul21_i1_reg_1524                   |  32|   0|   32|          0|
    |mul21_i26_1_1_reg_1652              |  32|   0|   32|          0|
    |mul21_i26_1_2_reg_1657              |  32|   0|   32|          0|
    |mul21_i26_1_3_reg_1692              |  32|   0|   32|          0|
    |mul21_i26_1_4_reg_1697              |  32|   0|   32|          0|
    |mul21_i26_1_reg_1609                |  32|   0|   32|          0|
    |mul21_i26_1_reg_1609_pp0_iter1_reg  |  32|   0|   32|          0|
    |mul21_i26_2_1_reg_1737              |  32|   0|   32|          0|
    |mul21_i26_2_2_reg_1772              |  32|   0|   32|          0|
    |mul21_i26_2_3_reg_1777              |  32|   0|   32|          0|
    |mul21_i26_2_4_reg_1802              |  32|   0|   32|          0|
    |mul21_i26_2_reg_1732                |  32|   0|   32|          0|
    |mul21_i26_3_1_reg_1822              |  32|   0|   32|          0|
    |mul21_i26_3_2_reg_1827              |  32|   0|   32|          0|
    |mul21_i26_3_3_reg_1832              |  32|   0|   32|          0|
    |mul21_i26_3_4_reg_1837              |  32|   0|   32|          0|
    |mul21_i26_3_reg_1807                |  32|   0|   32|          0|
    |mul21_i26_4_reg_1604                |  32|   0|   32|          0|
    |mul21_i26_4_reg_1604_pp0_iter1_reg  |  32|   0|   32|          0|
    |mul21_i26_5_reg_1564                |  32|   0|   32|          0|
    |mul21_i26_6_reg_1569                |  32|   0|   32|          0|
    |mul21_i26_6_reg_1569_pp0_iter1_reg  |  32|   0|   32|          0|
    |mul21_i26_s_reg_1529                |  32|   0|   32|          0|
    |n_fu_154                            |   3|   0|    3|          0|
    |p_cast55_reg_1389                   |   4|   0|    7|          3|
    |reg_543                             |  32|   0|   32|          0|
    |reg_547                             |  32|   0|   32|          0|
    |reg_552                             |  32|   0|   32|          0|
    |reg_556                             |  32|   0|   32|          0|
    |reg_561                             |  32|   0|   32|          0|
    |reg_566                             |  32|   0|   32|          0|
    |reg_571                             |  32|   0|   32|          0|
    |reg_576                             |  32|   0|   32|          0|
    |reg_581                             |  32|   0|   32|          0|
    |reg_586                             |  32|   0|   32|          0|
    |reg_591                             |  32|   0|   32|          0|
    |reg_596                             |  32|   0|   32|          0|
    |reg_601                             |  32|   0|   32|          0|
    |reg_606                             |  32|   0|   32|          0|
    |reg_611                             |  32|   0|   32|          0|
    |reg_616                             |  32|   0|   32|          0|
    |reg_622                             |  32|   0|   32|          0|
    |s_147_reg_1842                      |  32|   0|   32|          0|
    |s_156_reg_1857                      |  32|   0|   32|          0|
    |select_ln39_1_reg_1378              |   3|   0|    3|          0|
    |select_ln39_reg_1368                |   9|   0|    9|          0|
    |y_fu_150                            |   9|   0|    9|          0|
    |zext_ln41_2_reg_1644                |   9|   0|   11|          2|
    |zext_ln41_3_reg_1451                |   9|   0|   10|          1|
    |empty_reg_1383                      |  64|  32|    2|          0|
    |icmp_ln39_reg_1364                  |  64|  32|    1|          0|
    |mul21_i26_1_1_reg_1652              |  64|  32|   32|          0|
    |mul21_i26_1_2_reg_1657              |  64|  32|   32|          0|
    |mul21_i26_1_3_reg_1692              |  64|  32|   32|          0|
    |mul21_i26_1_4_reg_1697              |  64|  32|   32|          0|
    |mul21_i26_2_1_reg_1737              |  64|  32|   32|          0|
    |mul21_i26_2_2_reg_1772              |  64|  32|   32|          0|
    |mul21_i26_2_3_reg_1777              |  64|  32|   32|          0|
    |mul21_i26_2_4_reg_1802              |  64|  32|   32|          0|
    |mul21_i26_2_reg_1732                |  64|  32|   32|          0|
    |mul21_i26_3_1_reg_1822              |  64|  32|   32|          0|
    |mul21_i26_3_2_reg_1827              |  64|  32|   32|          0|
    |mul21_i26_3_3_reg_1832              |  64|  32|   32|          0|
    |mul21_i26_3_4_reg_1837              |  64|  32|   32|          0|
    |mul21_i26_3_reg_1807                |  64|  32|   32|          0|
    |select_ln39_1_reg_1378              |  64|  32|    3|          0|
    |select_ln39_reg_1368                |  64|  32|    9|          0|
    +------------------------------------+----+----+-----+-----------+
    |Total                               |2680| 576| 1997|          6|
    +------------------------------------+----+----+-----+-----------+



================================================================
== Interface
================================================================
* Summary: 
+----------------------+-----+-----+------------+--------------------------------------------+--------------+
|       RTL Ports      | Dir | Bits|  Protocol  |                Source Object               |    C Type    |
+----------------------+-----+-----+------------+--------------------------------------------+--------------+
|ap_clk                |   in|    1|  ap_ctrl_hs|  CNN_Pipeline_VITIS_LOOP_39_1_loop_for_ap_1|  return value|
|ap_rst                |   in|    1|  ap_ctrl_hs|  CNN_Pipeline_VITIS_LOOP_39_1_loop_for_ap_1|  return value|
|ap_start              |   in|    1|  ap_ctrl_hs|  CNN_Pipeline_VITIS_LOOP_39_1_loop_for_ap_1|  return value|
|ap_done               |  out|    1|  ap_ctrl_hs|  CNN_Pipeline_VITIS_LOOP_39_1_loop_for_ap_1|  return value|
|ap_idle               |  out|    1|  ap_ctrl_hs|  CNN_Pipeline_VITIS_LOOP_39_1_loop_for_ap_1|  return value|
|ap_ready              |  out|    1|  ap_ctrl_hs|  CNN_Pipeline_VITIS_LOOP_39_1_loop_for_ap_1|  return value|
|grp_fu_1453_p_din0    |  out|   32|  ap_ctrl_hs|  CNN_Pipeline_VITIS_LOOP_39_1_loop_for_ap_1|  return value|
|grp_fu_1453_p_din1    |  out|   32|  ap_ctrl_hs|  CNN_Pipeline_VITIS_LOOP_39_1_loop_for_ap_1|  return value|
|grp_fu_1453_p_opcode  |  out|    2|  ap_ctrl_hs|  CNN_Pipeline_VITIS_LOOP_39_1_loop_for_ap_1|  return value|
|grp_fu_1453_p_dout0   |   in|   32|  ap_ctrl_hs|  CNN_Pipeline_VITIS_LOOP_39_1_loop_for_ap_1|  return value|
|grp_fu_1453_p_ce      |  out|    1|  ap_ctrl_hs|  CNN_Pipeline_VITIS_LOOP_39_1_loop_for_ap_1|  return value|
|grp_fu_1457_p_din0    |  out|   32|  ap_ctrl_hs|  CNN_Pipeline_VITIS_LOOP_39_1_loop_for_ap_1|  return value|
|grp_fu_1457_p_din1    |  out|   32|  ap_ctrl_hs|  CNN_Pipeline_VITIS_LOOP_39_1_loop_for_ap_1|  return value|
|grp_fu_1457_p_opcode  |  out|    2|  ap_ctrl_hs|  CNN_Pipeline_VITIS_LOOP_39_1_loop_for_ap_1|  return value|
|grp_fu_1457_p_dout0   |   in|   32|  ap_ctrl_hs|  CNN_Pipeline_VITIS_LOOP_39_1_loop_for_ap_1|  return value|
|grp_fu_1457_p_ce      |  out|    1|  ap_ctrl_hs|  CNN_Pipeline_VITIS_LOOP_39_1_loop_for_ap_1|  return value|
|grp_fu_1461_p_din0    |  out|   32|  ap_ctrl_hs|  CNN_Pipeline_VITIS_LOOP_39_1_loop_for_ap_1|  return value|
|grp_fu_1461_p_din1    |  out|   32|  ap_ctrl_hs|  CNN_Pipeline_VITIS_LOOP_39_1_loop_for_ap_1|  return value|
|grp_fu_1461_p_dout0   |   in|   32|  ap_ctrl_hs|  CNN_Pipeline_VITIS_LOOP_39_1_loop_for_ap_1|  return value|
|grp_fu_1461_p_ce      |  out|    1|  ap_ctrl_hs|  CNN_Pipeline_VITIS_LOOP_39_1_loop_for_ap_1|  return value|
|grp_fu_1465_p_din0    |  out|   32|  ap_ctrl_hs|  CNN_Pipeline_VITIS_LOOP_39_1_loop_for_ap_1|  return value|
|grp_fu_1465_p_din1    |  out|   32|  ap_ctrl_hs|  CNN_Pipeline_VITIS_LOOP_39_1_loop_for_ap_1|  return value|
|grp_fu_1465_p_dout0   |   in|   32|  ap_ctrl_hs|  CNN_Pipeline_VITIS_LOOP_39_1_loop_for_ap_1|  return value|
|grp_fu_1465_p_ce      |  out|    1|  ap_ctrl_hs|  CNN_Pipeline_VITIS_LOOP_39_1_loop_for_ap_1|  return value|
|grp_fu_1469_p_din0    |  out|   32|  ap_ctrl_hs|  CNN_Pipeline_VITIS_LOOP_39_1_loop_for_ap_1|  return value|
|grp_fu_1469_p_din1    |  out|   32|  ap_ctrl_hs|  CNN_Pipeline_VITIS_LOOP_39_1_loop_for_ap_1|  return value|
|grp_fu_1469_p_opcode  |  out|    5|  ap_ctrl_hs|  CNN_Pipeline_VITIS_LOOP_39_1_loop_for_ap_1|  return value|
|grp_fu_1469_p_dout0   |   in|    1|  ap_ctrl_hs|  CNN_Pipeline_VITIS_LOOP_39_1_loop_for_ap_1|  return value|
|grp_fu_1469_p_ce      |  out|    1|  ap_ctrl_hs|  CNN_Pipeline_VITIS_LOOP_39_1_loop_for_ap_1|  return value|
|Weights_address0      |  out|   14|   ap_memory|                                     Weights|         array|
|Weights_ce0           |  out|    1|   ap_memory|                                     Weights|         array|
|Weights_q0            |   in|   32|   ap_memory|                                     Weights|         array|
|Weights_address1      |  out|   14|   ap_memory|                                     Weights|         array|
|Weights_ce1           |  out|    1|   ap_memory|                                     Weights|         array|
|Weights_q1            |   in|   32|   ap_memory|                                     Weights|         array|
|OutPadConv1_address0  |  out|   11|   ap_memory|                                 OutPadConv1|         array|
|OutPadConv1_ce0       |  out|    1|   ap_memory|                                 OutPadConv1|         array|
|OutPadConv1_q0        |   in|   32|   ap_memory|                                 OutPadConv1|         array|
|OutPadConv1_address1  |  out|   11|   ap_memory|                                 OutPadConv1|         array|
|OutPadConv1_ce1       |  out|    1|   ap_memory|                                 OutPadConv1|         array|
|OutPadConv1_q1        |   in|   32|   ap_memory|                                 OutPadConv1|         array|
|OutConv1_address0     |  out|   11|   ap_memory|                                    OutConv1|         array|
|OutConv1_ce0          |  out|    1|   ap_memory|                                    OutConv1|         array|
|OutConv1_we0          |  out|    1|   ap_memory|                                    OutConv1|         array|
|OutConv1_d0           |  out|   32|   ap_memory|                                    OutConv1|         array|
+----------------------+-----+-----+------------+--------------------------------------------+--------------+

