

================================================================
== Vitis HLS Report for 'CNN_Pipeline_VITIS_LOOP_117_1_loop_for_ap_4'
================================================================
* Date:           Sat Jun  1 06:31:30 2024

* Version:        2023.2 (Build 4023990 on Oct 11 2023)
* Project:        doan
* Solution:       solution1 (Vivado IP Flow Target)
* Product family: zynquplus
* Target device:  xck26-sfvc784-2LV-c


================================================================
== Performance Estimates
================================================================
+ Timing: 
    * Summary: 
    +--------+----------+----------+------------+
    |  Clock |  Target  | Estimated| Uncertainty|
    +--------+----------+----------+------------+
    |ap_clk  |  10.00 ns|  7.587 ns|     2.70 ns|
    +--------+----------+----------+------------+

+ Latency: 
    * Summary: 
    +---------+---------+----------+----------+-------+-------+---------+
    |  Latency (cycles) |  Latency (absolute) |    Interval   | Pipeline|
    |   min   |   max   |    min   |    max   |  min  |  max  |   Type  |
    +---------+---------+----------+----------+-------+-------+---------+
    |    27031|    27031|  0.270 ms|  0.270 ms|  27031|  27031|       no|
    +---------+---------+----------+----------+-------+-------+---------+

    + Detail: 
        * Instance: 
        N/A

        * Loop: 
        +----------------------------------+---------+---------+----------+-----------+-----------+------+----------+
        |                                  |  Latency (cycles) | Iteration|  Initiation Interval  | Trip |          |
        |             Loop Name            |   min   |   max   |  Latency |  achieved |   target  | Count| Pipelined|
        +----------------------------------+---------+---------+----------+-----------+-----------+------+----------+
        |- VITIS_LOOP_117_1_loop_for_ap_4  |    27029|    27029|       171|         21|          1|  1280|       yes|
        +----------------------------------+---------+---------+----------+-----------+-----------+------+----------+



================================================================
== Utilization Estimates
================================================================
* Summary: 
+-----------------+---------+------+--------+--------+-----+
|       Name      | BRAM_18K|  DSP |   FF   |   LUT  | URAM|
+-----------------+---------+------+--------+--------+-----+
|DSP              |        -|     -|       -|       -|    -|
|Expression       |        -|     -|       0|    1546|    -|
|FIFO             |        -|     -|       -|       -|    -|
|Instance         |        -|     -|       -|       -|    -|
|Memory           |        -|     -|       -|       -|    -|
|Multiplexer      |        -|     -|       -|    1224|    -|
|Register         |        -|     -|    4196|    1024|    -|
+-----------------+---------+------+--------+--------+-----+
|Total            |        0|     0|    4196|    3794|    0|
+-----------------+---------+------+--------+--------+-----+
|Available        |      288|  1248|  234240|  117120|   64|
+-----------------+---------+------+--------+--------+-----+
|Utilization (%)  |        0|     0|       1|       3|    0|
+-----------------+---------+------+--------+--------+-----+

+ Detail: 
    * Instance: 
    N/A

    * DSP: 
    N/A

    * Memory: 
    N/A

    * FIFO: 
    N/A

    * Expression: 
    +---------------------------+----------+----+---+----+------------+------------+
    |       Variable Name       | Operation| DSP| FF| LUT| Bitwidth P0| Bitwidth P1|
    +---------------------------+----------+----+---+----+------------+------------+
    |add_ln117_1_fu_1072_p2     |         +|   0|  0|  12|           5|           1|
    |add_ln117_fu_1046_p2       |         +|   0|  0|  18|          11|           1|
    |add_ln125_10_fu_1260_p2    |         +|   0|  0|  15|           8|           7|
    |add_ln125_11_fu_1290_p2    |         +|   0|  0|  18|          11|          10|
    |add_ln125_12_fu_1301_p2    |         +|   0|  0|  15|           8|           7|
    |add_ln125_13_fu_1320_p2    |         +|   0|  0|  18|          11|          10|
    |add_ln125_14_fu_1331_p2    |         +|   0|  0|  15|           8|           7|
    |add_ln125_15_fu_1351_p2    |         +|   0|  0|  18|          11|          10|
    |add_ln125_16_fu_1361_p2    |         +|   0|  0|  15|           8|           7|
    |add_ln125_17_fu_1371_p2    |         +|   0|  0|  18|          11|          10|
    |add_ln125_18_fu_1381_p2    |         +|   0|  0|  15|           8|           7|
    |add_ln125_19_fu_1401_p2    |         +|   0|  0|  18|          11|          10|
    |add_ln125_1_fu_1140_p2     |         +|   0|  0|  18|          11|          10|
    |add_ln125_20_fu_1411_p2    |         +|   0|  0|  15|           8|           8|
    |add_ln125_21_fu_1421_p2    |         +|   0|  0|  18|          11|          10|
    |add_ln125_22_fu_1431_p2    |         +|   0|  0|  15|           8|           8|
    |add_ln125_23_fu_1451_p2    |         +|   0|  0|  18|          11|          10|
    |add_ln125_24_fu_1461_p2    |         +|   0|  0|  15|           8|           8|
    |add_ln125_25_fu_1471_p2    |         +|   0|  0|  18|          11|          10|
    |add_ln125_26_fu_1481_p2    |         +|   0|  0|  15|           8|           8|
    |add_ln125_27_fu_1504_p2    |         +|   0|  0|  18|          11|          10|
    |add_ln125_28_fu_1514_p2    |         +|   0|  0|  15|           8|           8|
    |add_ln125_29_fu_1524_p2    |         +|   0|  0|  18|          11|          10|
    |add_ln125_2_fu_1151_p2     |         +|   0|  0|  14|           7|           1|
    |add_ln125_30_fu_1534_p2    |         +|   0|  0|  16|           9|           8|
    |add_ln125_31_fu_1555_p2    |         +|   0|  0|  18|          11|          10|
    |add_ln125_32_fu_1565_p2    |         +|   0|  0|  16|           9|           8|
    |add_ln125_33_fu_1575_p2    |         +|   0|  0|  18|          11|          10|
    |add_ln125_34_fu_1585_p2    |         +|   0|  0|  16|           9|           8|
    |add_ln125_35_fu_1605_p2    |         +|   0|  0|  18|          11|          10|
    |add_ln125_36_fu_1615_p2    |         +|   0|  0|  16|           9|           8|
    |add_ln125_37_fu_1625_p2    |         +|   0|  0|  18|          11|          10|
    |add_ln125_38_fu_1657_p2    |         +|   0|  0|  18|          11|          10|
    |add_ln125_39_fu_1667_p2    |         +|   0|  0|  16|           9|           9|
    |add_ln125_3_fu_1177_p2     |         +|   0|  0|  18|          11|          10|
    |add_ln125_40_fu_1677_p2    |         +|   0|  0|  18|          11|          10|
    |add_ln125_41_fu_1687_p2    |         +|   0|  0|  16|           9|           9|
    |add_ln125_42_fu_1707_p2    |         +|   0|  0|  18|          11|          10|
    |add_ln125_43_fu_1717_p2    |         +|   0|  0|  16|           9|           9|
    |add_ln125_44_fu_1727_p2    |         +|   0|  0|  18|          11|          10|
    |add_ln125_45_fu_1737_p2    |         +|   0|  0|  16|           9|           9|
    |add_ln125_46_fu_1779_p2    |         +|   0|  0|  18|          11|          10|
    |add_ln125_47_fu_1789_p2    |         +|   0|  0|  16|           9|           9|
    |add_ln125_48_fu_1799_p2    |         +|   0|  0|  18|          11|          10|
    |add_ln125_49_fu_1809_p2    |         +|   0|  0|  15|           8|           8|
    |add_ln125_4_fu_1187_p2     |         +|   0|  0|  14|           7|           2|
    |add_ln125_50_fu_1848_p2    |         +|   0|  0|  18|          11|          10|
    |add_ln125_51_fu_1858_p2    |         +|   0|  0|  15|           8|           8|
    |add_ln125_52_fu_1872_p2    |         +|   0|  0|  18|          11|          10|
    |add_ln125_53_fu_1882_p2    |         +|   0|  0|  15|           8|           8|
    |add_ln125_54_fu_1906_p2    |         +|   0|  0|  18|          11|          10|
    |add_ln125_55_fu_1916_p2    |         +|   0|  0|  15|           8|           8|
    |add_ln125_56_fu_1930_p2    |         +|   0|  0|  18|          11|          10|
    |add_ln125_57_fu_1961_p2    |         +|   0|  0|  18|          11|          10|
    |add_ln125_58_fu_1971_p2    |         +|   0|  0|  17|          10|           9|
    |add_ln125_59_fu_1982_p2    |         +|   0|  0|  18|          11|          10|
    |add_ln125_5_fu_1197_p2     |         +|   0|  0|  18|          11|          10|
    |add_ln125_60_fu_1992_p2    |         +|   0|  0|  17|          10|           9|
    |add_ln125_61_fu_2013_p2    |         +|   0|  0|  18|          11|          10|
    |add_ln125_62_fu_2023_p2    |         +|   0|  0|  17|          10|           9|
    |add_ln125_63_fu_2033_p2    |         +|   0|  0|  18|          11|          10|
    |add_ln125_64_fu_2043_p2    |         +|   0|  0|  17|          10|           9|
    |add_ln125_65_fu_2063_p2    |         +|   0|  0|  18|          11|          10|
    |add_ln125_66_fu_2073_p2    |         +|   0|  0|  17|          10|           9|
    |add_ln125_67_fu_2083_p2    |         +|   0|  0|  18|          11|          10|
    |add_ln125_68_fu_2093_p2    |         +|   0|  0|  17|          10|          10|
    |add_ln125_69_fu_2113_p2    |         +|   0|  0|  18|          11|          10|
    |add_ln125_6_fu_1207_p2     |         +|   0|  0|  14|           7|           2|
    |add_ln125_70_fu_2123_p2    |         +|   0|  0|  17|          10|          10|
    |add_ln125_71_fu_2133_p2    |         +|   0|  0|  18|          11|          10|
    |add_ln125_72_fu_2143_p2    |         +|   0|  0|  17|          10|          10|
    |add_ln125_73_fu_2163_p2    |         +|   0|  0|  18|          11|          10|
    |add_ln125_74_fu_2173_p2    |         +|   0|  0|  17|          10|          10|
    |add_ln125_75_fu_2183_p2    |         +|   0|  0|  18|          11|          10|
    |add_ln125_76_fu_2193_p2    |         +|   0|  0|  17|          10|          10|
    |add_ln125_7_fu_1230_p2     |         +|   0|  0|  18|          11|          10|
    |add_ln125_8_fu_1240_p2     |         +|   0|  0|  14|           7|           3|
    |add_ln125_9_fu_1250_p2     |         +|   0|  0|  18|          11|          10|
    |add_ln125_fu_1129_p2       |         +|   0|  0|  18|          11|          10|
    |add_ln127_1_fu_1823_p2     |         +|   0|  0|  16|           9|           9|
    |add_ln127_fu_1832_p2       |         +|   0|  0|  18|          11|          11|
    |arrayidx31_sum_fu_2226_p2  |         +|   0|  0|  18|          11|          11|
    |empty_156_fu_1114_p2       |         +|   0|  0|  17|          10|          10|
    |and_ln127_fu_2277_p2       |       and|   0|  0|   2|           1|           1|
    |icmp_ln117_fu_1040_p2      |      icmp|   0|  0|  18|          11|          11|
    |icmp_ln119_fu_1058_p2      |      icmp|   0|  0|  14|           7|           7|
    |icmp_ln127_1_fu_2265_p2    |      icmp|   0|  0|  30|          23|           1|
    |icmp_ln127_fu_2259_p2      |      icmp|   0|  0|  15|           8|           2|
    |or_ln125_1_fu_1311_p2      |        or|   0|  0|  10|          10|           3|
    |or_ln125_fu_1281_p2        |        or|   0|  0|  10|          10|           3|
    |or_ln127_fu_2271_p2        |        or|   0|  0|   2|           1|           1|
    |OutConv4_d0                |    select|   0|  0|  32|           1|           1|
    |select_ln117_1_fu_1078_p3  |    select|   0|  0|   5|           1|           5|
    |select_ln117_fu_1064_p3    |    select|   0|  0|   7|           1|           1|
    |ap_enable_pp0              |       xor|   0|  0|   2|           1|           2|
    +---------------------------+----------+----+---+----+------------+------------+
    |Total                      |          |   0|  0|1546|         893|         768|
    +---------------------------+----------+----+---+----+------------+------------+

    * Multiplexer: 
    +----------------------------------------+-----+-----------+-----+-----------+
    |                  Name                  | LUT | Input Size| Bits| Total Bits|
    +----------------------------------------+-----+-----------+-----+-----------+
    |OutPadConv4_address0                    |  106|         21|   10|        210|
    |OutPadConv4_address1                    |  106|         21|   10|        210|
    |Weights_address0                        |  111|         22|   14|        308|
    |Weights_address1                        |  106|         21|   14|        294|
    |ap_NS_fsm                               |  111|         22|    1|         22|
    |ap_done_int                             |    9|          2|    1|          2|
    |ap_enable_reg_pp0_iter0                 |    9|          2|    1|          2|
    |ap_enable_reg_pp0_iter1                 |    9|          2|    1|          2|
    |ap_enable_reg_pp0_iter8                 |    9|          2|    1|          2|
    |ap_loop_exit_ready_pp0_iter1_reg        |    9|          2|    1|          2|
    |ap_loop_exit_ready_pp0_iter2_reg        |    9|          2|    1|          2|
    |ap_loop_exit_ready_pp0_iter3_reg        |    9|          2|    1|          2|
    |ap_loop_exit_ready_pp0_iter4_reg        |    9|          2|    1|          2|
    |ap_loop_exit_ready_pp0_iter5_reg        |    9|          2|    1|          2|
    |ap_loop_exit_ready_pp0_iter6_reg        |    9|          2|    1|          2|
    |ap_loop_exit_ready_pp0_iter7_reg        |    9|          2|    1|          2|
    |ap_sig_allocacmp_indvar_flatten69_load  |    9|          2|   11|         22|
    |ap_sig_allocacmp_n_load                 |    9|          2|    5|         10|
    |ap_sig_allocacmp_y_load                 |    9|          2|    7|         14|
    |grp_fu_921_p0                           |   31|          6|   32|        192|
    |grp_fu_921_p1                           |  111|         22|   32|        704|
    |grp_fu_926_p0                           |   31|          6|   32|        192|
    |grp_fu_926_p1                           |  106|         21|   32|        672|
    |grp_fu_930_p0                           |  106|         21|   32|        672|
    |grp_fu_930_p1                           |   20|          4|   32|        128|
    |grp_fu_934_p0                           |  106|         21|   32|        672|
    |grp_fu_934_p1                           |   20|          4|   32|        128|
    |indvar_flatten69_fu_238                 |    9|          2|   11|         22|
    |n_fu_234                                |    9|          2|    5|         10|
    |y_fu_230                                |    9|          2|    7|         14|
    +----------------------------------------+-----+-----------+-----+-----------+
    |Total                                   | 1224|        246|  362|       4518|
    +----------------------------------------+-----+-----------+-----+-----------+

    * Register: 
    +---------------------------------------+----+----+-----+-----------+
    |                  Name                 | FF | LUT| Bits| Const Bits|
    +---------------------------------------+----+----+-----+-----------+
    |Weights_load_89_reg_3251               |  32|   0|   32|          0|
    |add_ln125_20_reg_2571                  |   8|   0|    8|          0|
    |add_ln127_reg_2884                     |  11|   0|   11|          0|
    |ap_CS_fsm                              |  21|   0|   21|          0|
    |ap_done_reg                            |   1|   0|    1|          0|
    |ap_enable_reg_pp0_iter0_reg            |   1|   0|    1|          0|
    |ap_enable_reg_pp0_iter1                |   1|   0|    1|          0|
    |ap_enable_reg_pp0_iter2                |   1|   0|    1|          0|
    |ap_enable_reg_pp0_iter3                |   1|   0|    1|          0|
    |ap_enable_reg_pp0_iter4                |   1|   0|    1|          0|
    |ap_enable_reg_pp0_iter5                |   1|   0|    1|          0|
    |ap_enable_reg_pp0_iter6                |   1|   0|    1|          0|
    |ap_enable_reg_pp0_iter7                |   1|   0|    1|          0|
    |ap_enable_reg_pp0_iter8                |   1|   0|    1|          0|
    |ap_loop_exit_ready_pp0_iter1_reg       |   1|   0|    1|          0|
    |ap_loop_exit_ready_pp0_iter2_reg       |   1|   0|    1|          0|
    |ap_loop_exit_ready_pp0_iter3_reg       |   1|   0|    1|          0|
    |ap_loop_exit_ready_pp0_iter4_reg       |   1|   0|    1|          0|
    |ap_loop_exit_ready_pp0_iter5_reg       |   1|   0|    1|          0|
    |ap_loop_exit_ready_pp0_iter6_reg       |   1|   0|    1|          0|
    |ap_loop_exit_ready_pp0_iter7_reg       |   1|   0|    1|          0|
    |empty_156_reg_2343                     |   7|   0|   10|          3|
    |empty_reg_2337                         |   4|   0|    4|          0|
    |icmp_ln117_reg_2317                    |   1|   0|    1|          0|
    |indvar_flatten69_fu_238                |  11|   0|   11|          0|
    |mul21_i181_10_reg_2591                 |  32|   0|   32|          0|
    |mul21_i181_1_1_reg_2644                |  32|   0|   32|          0|
    |mul21_i181_1_1_reg_2644_pp0_iter1_reg  |  32|   0|   32|          0|
    |mul21_i181_1_2_reg_2649                |  32|   0|   32|          0|
    |mul21_i181_1_2_reg_2649_pp0_iter1_reg  |  32|   0|   32|          0|
    |mul21_i181_1_3_reg_2684                |  32|   0|   32|          0|
    |mul21_i181_1_3_reg_2684_pp0_iter1_reg  |  32|   0|   32|          0|
    |mul21_i181_1_4_reg_2689                |  32|   0|   32|          0|
    |mul21_i181_1_4_reg_2689_pp0_iter1_reg  |  32|   0|   32|          0|
    |mul21_i181_1_reg_2596                  |  32|   0|   32|          0|
    |mul21_i181_2_1_reg_2729                |  32|   0|   32|          0|
    |mul21_i181_2_2_reg_2764                |  32|   0|   32|          0|
    |mul21_i181_2_3_reg_2769                |  32|   0|   32|          0|
    |mul21_i181_2_4_reg_2804                |  32|   0|   32|          0|
    |mul21_i181_2_reg_2724                  |  32|   0|   32|          0|
    |mul21_i181_2_reg_2724_pp0_iter1_reg    |  32|   0|   32|          0|
    |mul21_i181_3_1_reg_2844                |  32|   0|   32|          0|
    |mul21_i181_3_2_reg_2849                |  32|   0|   32|          0|
    |mul21_i181_3_3_reg_2889                |  32|   0|   32|          0|
    |mul21_i181_3_4_reg_2894                |  32|   0|   32|          0|
    |mul21_i181_3_reg_2809                  |  32|   0|   32|          0|
    |mul21_i181_4_1_reg_2934                |  32|   0|   32|          0|
    |mul21_i181_4_2_reg_2981                |  32|   0|   32|          0|
    |mul21_i181_4_3_reg_2986                |  32|   0|   32|          0|
    |mul21_i181_4_4_reg_3021                |  32|   0|   32|          0|
    |mul21_i181_4_reg_2929                  |  32|   0|   32|          0|
    |mul21_i181_5_1_reg_3061                |  32|   0|   32|          0|
    |mul21_i181_5_2_reg_3066                |  32|   0|   32|          0|
    |mul21_i181_5_3_reg_3101                |  32|   0|   32|          0|
    |mul21_i181_5_4_reg_3106                |  32|   0|   32|          0|
    |mul21_i181_5_reg_3026                  |  32|   0|   32|          0|
    |mul21_i181_6_1_reg_3146                |  32|   0|   32|          0|
    |mul21_i181_6_2_reg_3181                |  32|   0|   32|          0|
    |mul21_i181_6_3_reg_3186                |  32|   0|   32|          0|
    |mul21_i181_6_4_reg_3201                |  32|   0|   32|          0|
    |mul21_i181_6_reg_3141                  |  32|   0|   32|          0|
    |mul21_i181_7_1_reg_3221                |  32|   0|   32|          0|
    |mul21_i181_7_2_reg_3226                |  32|   0|   32|          0|
    |mul21_i181_7_3_reg_3231                |  32|   0|   32|          0|
    |mul21_i181_7_4_reg_3236                |  32|   0|   32|          0|
    |mul21_i181_7_reg_3206                  |  32|   0|   32|          0|
    |mul21_i181_8_reg_2546                  |  32|   0|   32|          0|
    |mul21_i181_9_reg_2551                  |  32|   0|   32|          0|
    |mul21_i181_s_reg_2511                  |  32|   0|   32|          0|
    |mul21_i4_reg_2506                      |  32|   0|   32|          0|
    |n_fu_234                               |   5|   0|    5|          0|
    |p_cast92_reg_2349                      |   7|   0|   11|          4|
    |reg_1001                               |  32|   0|   32|          0|
    |reg_1006                               |  32|   0|   32|          0|
    |reg_1011                               |  32|   0|   32|          0|
    |reg_1016                               |  32|   0|   32|          0|
    |reg_943                                |  32|   0|   32|          0|
    |reg_947                                |  32|   0|   32|          0|
    |reg_952                                |  32|   0|   32|          0|
    |reg_956                                |  32|   0|   32|          0|
    |reg_961                                |  32|   0|   32|          0|
    |reg_966                                |  32|   0|   32|          0|
    |reg_971                                |  32|   0|   32|          0|
    |reg_976                                |  32|   0|   32|          0|
    |reg_981                                |  32|   0|   32|          0|
    |reg_986                                |  32|   0|   32|          0|
    |reg_991                                |  32|   0|   32|          0|
    |reg_996                                |  32|   0|   32|          0|
    |s_176_reg_3241                         |  32|   0|   32|          0|
    |select_ln117_1_reg_2332                |   5|   0|    5|          0|
    |select_ln117_reg_2321                  |   7|   0|    7|          0|
    |y_fu_230                               |   7|   0|    7|          0|
    |zext_ln119_2_reg_2969                  |   7|   0|   10|          3|
    |zext_ln119_3_reg_2631                  |   7|   0|    9|          2|
    |zext_ln119_4_reg_2429                  |   7|   0|    8|          1|
    |add_ln127_reg_2884                     |  64|  32|   11|          0|
    |icmp_ln117_reg_2317                    |  64|  32|    1|          0|
    |mul21_i181_2_1_reg_2729                |  64|  32|   32|          0|
    |mul21_i181_2_2_reg_2764                |  64|  32|   32|          0|
    |mul21_i181_2_3_reg_2769                |  64|  32|   32|          0|
    |mul21_i181_2_4_reg_2804                |  64|  32|   32|          0|
    |mul21_i181_3_1_reg_2844                |  64|  32|   32|          0|
    |mul21_i181_3_2_reg_2849                |  64|  32|   32|          0|
    |mul21_i181_3_3_reg_2889                |  64|  32|   32|          0|
    |mul21_i181_3_4_reg_2894                |  64|  32|   32|          0|
    |mul21_i181_3_reg_2809                  |  64|  32|   32|          0|
    |mul21_i181_4_1_reg_2934                |  64|  32|   32|          0|
    |mul21_i181_4_2_reg_2981                |  64|  32|   32|          0|
    |mul21_i181_4_3_reg_2986                |  64|  32|   32|          0|
    |mul21_i181_4_4_reg_3021                |  64|  32|   32|          0|
    |mul21_i181_4_reg_2929                  |  64|  32|   32|          0|
    |mul21_i181_5_1_reg_3061                |  64|  32|   32|          0|
    |mul21_i181_5_2_reg_3066                |  64|  32|   32|          0|
    |mul21_i181_5_3_reg_3101                |  64|  32|   32|          0|
    |mul21_i181_5_4_reg_3106                |  64|  32|   32|          0|
    |mul21_i181_5_reg_3026                  |  64|  32|   32|          0|
    |mul21_i181_6_1_reg_3146                |  64|  32|   32|          0|
    |mul21_i181_6_2_reg_3181                |  64|  32|   32|          0|
    |mul21_i181_6_3_reg_3186                |  64|  32|   32|          0|
    |mul21_i181_6_4_reg_3201                |  64|  32|   32|          0|
    |mul21_i181_6_reg_3141                  |  64|  32|   32|          0|
    |mul21_i181_7_1_reg_3221                |  64|  32|   32|          0|
    |mul21_i181_7_2_reg_3226                |  64|  32|   32|          0|
    |mul21_i181_7_3_reg_3231                |  64|  32|   32|          0|
    |mul21_i181_7_4_reg_3236                |  64|  32|   32|          0|
    |mul21_i181_7_reg_3206                  |  64|  32|   32|          0|
    |select_ln117_1_reg_2332                |  64|  32|    5|          0|
    +---------------------------------------+----+----+-----+-----------+
    |Total                                  |4196|1024| 3106|         13|
    +---------------------------------------+----+----+-----+-----------+



================================================================
== Interface
================================================================
* Summary: 
+----------------------+-----+-----+------------+---------------------------------------------+--------------+
|       RTL Ports      | Dir | Bits|  Protocol  |                Source Object                |    C Type    |
+----------------------+-----+-----+------------+---------------------------------------------+--------------+
|ap_clk                |   in|    1|  ap_ctrl_hs|  CNN_Pipeline_VITIS_LOOP_117_1_loop_for_ap_4|  return value|
|ap_rst                |   in|    1|  ap_ctrl_hs|  CNN_Pipeline_VITIS_LOOP_117_1_loop_for_ap_4|  return value|
|ap_start              |   in|    1|  ap_ctrl_hs|  CNN_Pipeline_VITIS_LOOP_117_1_loop_for_ap_4|  return value|
|ap_done               |  out|    1|  ap_ctrl_hs|  CNN_Pipeline_VITIS_LOOP_117_1_loop_for_ap_4|  return value|
|ap_idle               |  out|    1|  ap_ctrl_hs|  CNN_Pipeline_VITIS_LOOP_117_1_loop_for_ap_4|  return value|
|ap_ready              |  out|    1|  ap_ctrl_hs|  CNN_Pipeline_VITIS_LOOP_117_1_loop_for_ap_4|  return value|
|grp_fu_1453_p_din0    |  out|   32|  ap_ctrl_hs|  CNN_Pipeline_VITIS_LOOP_117_1_loop_for_ap_4|  return value|
|grp_fu_1453_p_din1    |  out|   32|  ap_ctrl_hs|  CNN_Pipeline_VITIS_LOOP_117_1_loop_for_ap_4|  return value|
|grp_fu_1453_p_opcode  |  out|    2|  ap_ctrl_hs|  CNN_Pipeline_VITIS_LOOP_117_1_loop_for_ap_4|  return value|
|grp_fu_1453_p_dout0   |   in|   32|  ap_ctrl_hs|  CNN_Pipeline_VITIS_LOOP_117_1_loop_for_ap_4|  return value|
|grp_fu_1453_p_ce      |  out|    1|  ap_ctrl_hs|  CNN_Pipeline_VITIS_LOOP_117_1_loop_for_ap_4|  return value|
|grp_fu_1457_p_din0    |  out|   32|  ap_ctrl_hs|  CNN_Pipeline_VITIS_LOOP_117_1_loop_for_ap_4|  return value|
|grp_fu_1457_p_din1    |  out|   32|  ap_ctrl_hs|  CNN_Pipeline_VITIS_LOOP_117_1_loop_for_ap_4|  return value|
|grp_fu_1457_p_opcode  |  out|    2|  ap_ctrl_hs|  CNN_Pipeline_VITIS_LOOP_117_1_loop_for_ap_4|  return value|
|grp_fu_1457_p_dout0   |   in|   32|  ap_ctrl_hs|  CNN_Pipeline_VITIS_LOOP_117_1_loop_for_ap_4|  return value|
|grp_fu_1457_p_ce      |  out|    1|  ap_ctrl_hs|  CNN_Pipeline_VITIS_LOOP_117_1_loop_for_ap_4|  return value|
|grp_fu_1461_p_din0    |  out|   32|  ap_ctrl_hs|  CNN_Pipeline_VITIS_LOOP_117_1_loop_for_ap_4|  return value|
|grp_fu_1461_p_din1    |  out|   32|  ap_ctrl_hs|  CNN_Pipeline_VITIS_LOOP_117_1_loop_for_ap_4|  return value|
|grp_fu_1461_p_dout0   |   in|   32|  ap_ctrl_hs|  CNN_Pipeline_VITIS_LOOP_117_1_loop_for_ap_4|  return value|
|grp_fu_1461_p_ce      |  out|    1|  ap_ctrl_hs|  CNN_Pipeline_VITIS_LOOP_117_1_loop_for_ap_4|  return value|
|grp_fu_1465_p_din0    |  out|   32|  ap_ctrl_hs|  CNN_Pipeline_VITIS_LOOP_117_1_loop_for_ap_4|  return value|
|grp_fu_1465_p_din1    |  out|   32|  ap_ctrl_hs|  CNN_Pipeline_VITIS_LOOP_117_1_loop_for_ap_4|  return value|
|grp_fu_1465_p_dout0   |   in|   32|  ap_ctrl_hs|  CNN_Pipeline_VITIS_LOOP_117_1_loop_for_ap_4|  return value|
|grp_fu_1465_p_ce      |  out|    1|  ap_ctrl_hs|  CNN_Pipeline_VITIS_LOOP_117_1_loop_for_ap_4|  return value|
|grp_fu_1469_p_din0    |  out|   32|  ap_ctrl_hs|  CNN_Pipeline_VITIS_LOOP_117_1_loop_for_ap_4|  return value|
|grp_fu_1469_p_din1    |  out|   32|  ap_ctrl_hs|  CNN_Pipeline_VITIS_LOOP_117_1_loop_for_ap_4|  return value|
|grp_fu_1469_p_opcode  |  out|    5|  ap_ctrl_hs|  CNN_Pipeline_VITIS_LOOP_117_1_loop_for_ap_4|  return value|
|grp_fu_1469_p_dout0   |   in|    1|  ap_ctrl_hs|  CNN_Pipeline_VITIS_LOOP_117_1_loop_for_ap_4|  return value|
|grp_fu_1469_p_ce      |  out|    1|  ap_ctrl_hs|  CNN_Pipeline_VITIS_LOOP_117_1_loop_for_ap_4|  return value|
|Weights_address0      |  out|   14|   ap_memory|                                      Weights|         array|
|Weights_ce0           |  out|    1|   ap_memory|                                      Weights|         array|
|Weights_q0            |   in|   32|   ap_memory|                                      Weights|         array|
|Weights_address1      |  out|   14|   ap_memory|                                      Weights|         array|
|Weights_ce1           |  out|    1|   ap_memory|                                      Weights|         array|
|Weights_q1            |   in|   32|   ap_memory|                                      Weights|         array|
|OutPadConv4_address0  |  out|   10|   ap_memory|                                  OutPadConv4|         array|
|OutPadConv4_ce0       |  out|    1|   ap_memory|                                  OutPadConv4|         array|
|OutPadConv4_q0        |   in|   32|   ap_memory|                                  OutPadConv4|         array|
|OutPadConv4_address1  |  out|   10|   ap_memory|                                  OutPadConv4|         array|
|OutPadConv4_ce1       |  out|    1|   ap_memory|                                  OutPadConv4|         array|
|OutPadConv4_q1        |   in|   32|   ap_memory|                                  OutPadConv4|         array|
|OutConv4_address0     |  out|   11|   ap_memory|                                     OutConv4|         array|
|OutConv4_ce0          |  out|    1|   ap_memory|                                     OutConv4|         array|
|OutConv4_we0          |  out|    1|   ap_memory|                                     OutConv4|         array|
|OutConv4_d0           |  out|   32|   ap_memory|                                     OutConv4|         array|
+----------------------+-----+-----+------------+---------------------------------------------+--------------+

