

================================================================
== Vitis HLS Report for 'CNN_Pipeline_VITIS_LOOP_91_1_loop_for_ap_3'
================================================================
* Date:           Sat Jun  1 06:31:28 2024

* Version:        2023.2 (Build 4023990 on Oct 11 2023)
* Project:        doan
* Solution:       solution1 (Vivado IP Flow Target)
* Product family: zynquplus
* Target device:  xck26-sfvc784-2LV-c


================================================================
== Performance Estimates
================================================================
+ Timing: 
    * Summary: 
    +--------+----------+----------+------------+
    |  Clock |  Target  | Estimated| Uncertainty|
    +--------+----------+----------+------------+
    |ap_clk  |  10.00 ns|  7.587 ns|     2.70 ns|
    +--------+----------+----------+------------+

+ Latency: 
    * Summary: 
    +---------+---------+----------+----------+-------+-------+---------+
    |  Latency (cycles) |  Latency (absolute) |    Interval   | Pipeline|
    |   min   |   max   |    min   |    max   |  min  |  max  |   Type  |
    +---------+---------+----------+----------+-------+-------+---------+
    |    27031|    27031|  0.270 ms|  0.270 ms|  27031|  27031|       no|
    +---------+---------+----------+----------+-------+-------+---------+

    + Detail: 
        * Instance: 
        N/A

        * Loop: 
        +---------------------------------+---------+---------+----------+-----------+-----------+------+----------+
        |                                 |  Latency (cycles) | Iteration|  Initiation Interval  | Trip |          |
        |            Loop Name            |   min   |   max   |  Latency |  achieved |   target  | Count| Pipelined|
        +---------------------------------+---------+---------+----------+-----------+-----------+------+----------+
        |- VITIS_LOOP_91_1_loop_for_ap_3  |    27029|    27029|       171|         21|          1|  1280|       yes|
        +---------------------------------+---------+---------+----------+-----------+-----------+------+----------+



================================================================
== Utilization Estimates
================================================================
* Summary: 
+-----------------+---------+------+--------+--------+-----+
|       Name      | BRAM_18K|  DSP |   FF   |   LUT  | URAM|
+-----------------+---------+------+--------+--------+-----+
|DSP              |        -|     -|       -|       -|    -|
|Expression       |        -|     -|       0|    1573|    -|
|FIFO             |        -|     -|       -|       -|    -|
|Instance         |        -|     -|       -|       -|    -|
|Memory           |        -|     -|       -|       -|    -|
|Multiplexer      |        -|     -|       -|    1224|    -|
|Register         |        -|     -|    4191|    1024|    -|
+-----------------+---------+------+--------+--------+-----+
|Total            |        0|     0|    4191|    3821|    0|
+-----------------+---------+------+--------+--------+-----+
|Available        |      288|  1248|  234240|  117120|   64|
+-----------------+---------+------+--------+--------+-----+
|Utilization (%)  |        0|     0|       1|       3|    0|
+-----------------+---------+------+--------+--------+-----+

+ Detail: 
    * Instance: 
    N/A

    * DSP: 
    N/A

    * Memory: 
    N/A

    * FIFO: 
    N/A

    * Expression: 
    +---------------------------+----------+----+---+----+------------+------------+
    |       Variable Name       | Operation| DSP| FF| LUT| Bitwidth P0| Bitwidth P1|
    +---------------------------+----------+----+---+----+------------+------------+
    |add_ln101_1_fu_1280_p2     |         +|   0|  0|  16|           9|           9|
    |add_ln101_fu_1289_p2       |         +|   0|  0|  18|          11|          11|
    |add_ln91_1_fu_1070_p2      |         +|   0|  0|  12|           4|           1|
    |add_ln91_fu_1044_p2        |         +|   0|  0|  18|          11|           1|
    |add_ln99_10_fu_1269_p2     |         +|   0|  0|  16|           9|           8|
    |add_ln99_11_fu_1314_p2     |         +|   0|  0|  17|          10|           9|
    |add_ln99_12_fu_1325_p2     |         +|   0|  0|  16|           9|           8|
    |add_ln99_13_fu_1344_p2     |         +|   0|  0|  17|          10|           9|
    |add_ln99_14_fu_1355_p2     |         +|   0|  0|  16|           9|           8|
    |add_ln99_15_fu_1375_p2     |         +|   0|  0|  17|          10|           9|
    |add_ln99_16_fu_1385_p2     |         +|   0|  0|  16|           9|           8|
    |add_ln99_17_fu_1395_p2     |         +|   0|  0|  17|          10|           9|
    |add_ln99_18_fu_1405_p2     |         +|   0|  0|  16|           9|           8|
    |add_ln99_19_fu_1425_p2     |         +|   0|  0|  17|          10|           9|
    |add_ln99_1_fu_1138_p2      |         +|   0|  0|  17|          10|           9|
    |add_ln99_20_fu_1435_p2     |         +|   0|  0|  16|           9|           9|
    |add_ln99_21_fu_1445_p2     |         +|   0|  0|  17|          10|           9|
    |add_ln99_22_fu_1455_p2     |         +|   0|  0|  16|           9|           9|
    |add_ln99_23_fu_1475_p2     |         +|   0|  0|  17|          10|           9|
    |add_ln99_24_fu_1485_p2     |         +|   0|  0|  16|           9|           9|
    |add_ln99_25_fu_1495_p2     |         +|   0|  0|  17|          10|           9|
    |add_ln99_26_fu_1505_p2     |         +|   0|  0|  16|           9|           9|
    |add_ln99_27_fu_1528_p2     |         +|   0|  0|  17|          10|           9|
    |add_ln99_28_fu_1538_p2     |         +|   0|  0|  16|           9|           9|
    |add_ln99_29_fu_1548_p2     |         +|   0|  0|  17|          10|           9|
    |add_ln99_2_fu_1149_p2      |         +|   0|  0|  15|           8|           1|
    |add_ln99_30_fu_1558_p2     |         +|   0|  0|  17|          10|           9|
    |add_ln99_31_fu_1579_p2     |         +|   0|  0|  17|          10|           9|
    |add_ln99_32_fu_1589_p2     |         +|   0|  0|  17|          10|           9|
    |add_ln99_33_fu_1599_p2     |         +|   0|  0|  17|          10|           9|
    |add_ln99_34_fu_1609_p2     |         +|   0|  0|  17|          10|           9|
    |add_ln99_35_fu_1629_p2     |         +|   0|  0|  17|          10|           9|
    |add_ln99_36_fu_1639_p2     |         +|   0|  0|  17|          10|           9|
    |add_ln99_37_fu_1649_p2     |         +|   0|  0|  17|          10|           9|
    |add_ln99_38_fu_1659_p2     |         +|   0|  0|  17|          10|           9|
    |add_ln99_39_fu_1679_p2     |         +|   0|  0|  17|          10|           9|
    |add_ln99_3_fu_1175_p2      |         +|   0|  0|  17|          10|           9|
    |add_ln99_40_fu_1689_p2     |         +|   0|  0|  17|          10|          10|
    |add_ln99_41_fu_1699_p2     |         +|   0|  0|  17|          10|           9|
    |add_ln99_42_fu_1709_p2     |         +|   0|  0|  17|          10|          10|
    |add_ln99_43_fu_1729_p2     |         +|   0|  0|  17|          10|           9|
    |add_ln99_44_fu_1739_p2     |         +|   0|  0|  17|          10|          10|
    |add_ln99_45_fu_1749_p2     |         +|   0|  0|  17|          10|           9|
    |add_ln99_46_fu_1759_p2     |         +|   0|  0|  17|          10|          10|
    |add_ln99_47_fu_1779_p2     |         +|   0|  0|  17|          10|           9|
    |add_ln99_48_fu_1789_p2     |         +|   0|  0|  17|          10|          10|
    |add_ln99_49_fu_1799_p2     |         +|   0|  0|  17|          10|           9|
    |add_ln99_4_fu_1185_p2      |         +|   0|  0|  15|           8|           2|
    |add_ln99_50_fu_1809_p2     |         +|   0|  0|  16|           9|           9|
    |add_ln99_51_fu_1833_p2     |         +|   0|  0|  17|          10|           9|
    |add_ln99_52_fu_1843_p2     |         +|   0|  0|  16|           9|           9|
    |add_ln99_53_fu_1857_p2     |         +|   0|  0|  17|          10|           9|
    |add_ln99_54_fu_1867_p2     |         +|   0|  0|  16|           9|           9|
    |add_ln99_55_fu_1891_p2     |         +|   0|  0|  17|          10|           9|
    |add_ln99_56_fu_1901_p2     |         +|   0|  0|  16|           9|           9|
    |add_ln99_57_fu_1915_p2     |         +|   0|  0|  17|          10|           9|
    |add_ln99_58_fu_1925_p2     |         +|   0|  0|  16|           9|           9|
    |add_ln99_59_fu_1952_p2     |         +|   0|  0|  17|          10|           9|
    |add_ln99_5_fu_1195_p2      |         +|   0|  0|  17|          10|           9|
    |add_ln99_60_fu_1962_p2     |         +|   0|  0|  18|          11|          10|
    |add_ln99_61_fu_1973_p2     |         +|   0|  0|  17|          10|           9|
    |add_ln99_62_fu_1983_p2     |         +|   0|  0|  18|          11|          10|
    |add_ln99_63_fu_2004_p2     |         +|   0|  0|  17|          10|           9|
    |add_ln99_64_fu_2014_p2     |         +|   0|  0|  18|          11|          10|
    |add_ln99_65_fu_2024_p2     |         +|   0|  0|  17|          10|           9|
    |add_ln99_66_fu_2034_p2     |         +|   0|  0|  18|          11|          10|
    |add_ln99_67_fu_2054_p2     |         +|   0|  0|  17|          10|           9|
    |add_ln99_68_fu_2064_p2     |         +|   0|  0|  18|          11|          10|
    |add_ln99_69_fu_2074_p2     |         +|   0|  0|  17|          10|           9|
    |add_ln99_6_fu_1205_p2      |         +|   0|  0|  15|           8|           2|
    |add_ln99_70_fu_2084_p2     |         +|   0|  0|  18|          11|          11|
    |add_ln99_71_fu_2104_p2     |         +|   0|  0|  17|          10|           9|
    |add_ln99_72_fu_2114_p2     |         +|   0|  0|  18|          11|          11|
    |add_ln99_73_fu_2124_p2     |         +|   0|  0|  17|          10|           9|
    |add_ln99_74_fu_2134_p2     |         +|   0|  0|  18|          11|          11|
    |add_ln99_75_fu_2154_p2     |         +|   0|  0|  17|          10|           9|
    |add_ln99_76_fu_2164_p2     |         +|   0|  0|  18|          11|          11|
    |add_ln99_77_fu_2174_p2     |         +|   0|  0|  17|          10|           9|
    |add_ln99_78_fu_2184_p2     |         +|   0|  0|  18|          11|          11|
    |add_ln99_7_fu_1239_p2      |         +|   0|  0|  17|          10|           9|
    |add_ln99_8_fu_1249_p2      |         +|   0|  0|  15|           8|           3|
    |add_ln99_9_fu_1259_p2      |         +|   0|  0|  17|          10|           9|
    |add_ln99_fu_1127_p2        |         +|   0|  0|  17|          10|           9|
    |arrayidx23_sum_fu_2217_p2  |         +|   0|  0|  17|          10|          10|
    |empty_142_fu_1112_p2       |         +|   0|  0|  16|           9|           9|
    |and_ln101_fu_2268_p2       |       and|   0|  0|   2|           1|           1|
    |icmp_ln101_1_fu_2256_p2    |      icmp|   0|  0|  30|          23|           1|
    |icmp_ln101_fu_2250_p2      |      icmp|   0|  0|  15|           8|           2|
    |icmp_ln91_fu_1038_p2       |      icmp|   0|  0|  18|          11|          11|
    |icmp_ln93_fu_1056_p2       |      icmp|   0|  0|  15|           8|           8|
    |or_ln101_fu_2262_p2        |        or|   0|  0|   2|           1|           1|
    |or_ln99_1_fu_1335_p2       |        or|   0|  0|   9|           9|           3|
    |or_ln99_fu_1305_p2         |        or|   0|  0|   9|           9|           3|
    |OutConv3_d0                |    select|   0|  0|  32|           1|           1|
    |select_ln91_1_fu_1076_p3   |    select|   0|  0|   4|           1|           4|
    |select_ln91_fu_1062_p3     |    select|   0|  0|   8|           1|           1|
    |ap_enable_pp0              |       xor|   0|  0|   2|           1|           2|
    +---------------------------+----------+----+---+----+------------+------------+
    |Total                      |          |   0|  0|1573|         905|         777|
    +---------------------------+----------+----+---+----+------------+------------+

    * Multiplexer: 
    +----------------------------------------+-----+-----------+-----+-----------+
    |                  Name                  | LUT | Input Size| Bits| Total Bits|
    +----------------------------------------+-----+-----------+-----+-----------+
    |OutPadConv3_address0                    |  106|         21|   11|        231|
    |OutPadConv3_address1                    |  106|         21|   11|        231|
    |Weights_address0                        |  111|         22|   14|        308|
    |Weights_address1                        |  106|         21|   14|        294|
    |ap_NS_fsm                               |  111|         22|    1|         22|
    |ap_done_int                             |    9|          2|    1|          2|
    |ap_enable_reg_pp0_iter0                 |    9|          2|    1|          2|
    |ap_enable_reg_pp0_iter1                 |    9|          2|    1|          2|
    |ap_enable_reg_pp0_iter8                 |    9|          2|    1|          2|
    |ap_loop_exit_ready_pp0_iter1_reg        |    9|          2|    1|          2|
    |ap_loop_exit_ready_pp0_iter2_reg        |    9|          2|    1|          2|
    |ap_loop_exit_ready_pp0_iter3_reg        |    9|          2|    1|          2|
    |ap_loop_exit_ready_pp0_iter4_reg        |    9|          2|    1|          2|
    |ap_loop_exit_ready_pp0_iter5_reg        |    9|          2|    1|          2|
    |ap_loop_exit_ready_pp0_iter6_reg        |    9|          2|    1|          2|
    |ap_loop_exit_ready_pp0_iter7_reg        |    9|          2|    1|          2|
    |ap_sig_allocacmp_indvar_flatten48_load  |    9|          2|   11|         22|
    |ap_sig_allocacmp_n_load                 |    9|          2|    4|          8|
    |ap_sig_allocacmp_y_load                 |    9|          2|    8|         16|
    |grp_fu_919_p0                           |   31|          6|   32|        192|
    |grp_fu_919_p1                           |  111|         22|   32|        704|
    |grp_fu_924_p0                           |   31|          6|   32|        192|
    |grp_fu_924_p1                           |  106|         21|   32|        672|
    |grp_fu_928_p0                           |  106|         21|   32|        672|
    |grp_fu_928_p1                           |   20|          4|   32|        128|
    |grp_fu_932_p0                           |  106|         21|   32|        672|
    |grp_fu_932_p1                           |   20|          4|   32|        128|
    |indvar_flatten48_fu_236                 |    9|          2|   11|         22|
    |n_fu_232                                |    9|          2|    4|          8|
    |y_fu_228                                |    9|          2|    8|         16|
    +----------------------------------------+-----+-----------+-----+-----------+
    |Total                                   | 1224|        246|  364|       4560|
    +----------------------------------------+-----+-----------+-----+-----------+

    * Register: 
    +---------------------------------------+----+----+-----+-----------+
    |                  Name                 | FF | LUT| Bits| Const Bits|
    +---------------------------------------+----+----+-----+-----------+
    |Weights_load_48_reg_3241               |  32|   0|   32|          0|
    |add_ln101_reg_2471                     |  11|   0|   11|          0|
    |ap_CS_fsm                              |  21|   0|   21|          0|
    |ap_done_reg                            |   1|   0|    1|          0|
    |ap_enable_reg_pp0_iter0_reg            |   1|   0|    1|          0|
    |ap_enable_reg_pp0_iter1                |   1|   0|    1|          0|
    |ap_enable_reg_pp0_iter2                |   1|   0|    1|          0|
    |ap_enable_reg_pp0_iter3                |   1|   0|    1|          0|
    |ap_enable_reg_pp0_iter4                |   1|   0|    1|          0|
    |ap_enable_reg_pp0_iter5                |   1|   0|    1|          0|
    |ap_enable_reg_pp0_iter6                |   1|   0|    1|          0|
    |ap_enable_reg_pp0_iter7                |   1|   0|    1|          0|
    |ap_enable_reg_pp0_iter8                |   1|   0|    1|          0|
    |ap_loop_exit_ready_pp0_iter1_reg       |   1|   0|    1|          0|
    |ap_loop_exit_ready_pp0_iter2_reg       |   1|   0|    1|          0|
    |ap_loop_exit_ready_pp0_iter3_reg       |   1|   0|    1|          0|
    |ap_loop_exit_ready_pp0_iter4_reg       |   1|   0|    1|          0|
    |ap_loop_exit_ready_pp0_iter5_reg       |   1|   0|    1|          0|
    |ap_loop_exit_ready_pp0_iter6_reg       |   1|   0|    1|          0|
    |ap_loop_exit_ready_pp0_iter7_reg       |   1|   0|    1|          0|
    |empty_142_reg_2337                     |   6|   0|    9|          3|
    |empty_reg_2327                         |   3|   0|    3|          0|
    |icmp_ln91_reg_2308                     |   1|   0|    1|          0|
    |indvar_flatten48_fu_236                |  11|   0|   11|          0|
    |mul21_i117_10_reg_2586                 |  32|   0|   32|          0|
    |mul21_i117_1_1_reg_2639                |  32|   0|   32|          0|
    |mul21_i117_1_1_reg_2639_pp0_iter1_reg  |  32|   0|   32|          0|
    |mul21_i117_1_2_reg_2644                |  32|   0|   32|          0|
    |mul21_i117_1_2_reg_2644_pp0_iter1_reg  |  32|   0|   32|          0|
    |mul21_i117_1_3_reg_2679                |  32|   0|   32|          0|
    |mul21_i117_1_3_reg_2679_pp0_iter1_reg  |  32|   0|   32|          0|
    |mul21_i117_1_4_reg_2684                |  32|   0|   32|          0|
    |mul21_i117_1_4_reg_2684_pp0_iter1_reg  |  32|   0|   32|          0|
    |mul21_i117_1_reg_2591                  |  32|   0|   32|          0|
    |mul21_i117_2_1_reg_2724                |  32|   0|   32|          0|
    |mul21_i117_2_2_reg_2759                |  32|   0|   32|          0|
    |mul21_i117_2_3_reg_2764                |  32|   0|   32|          0|
    |mul21_i117_2_4_reg_2799                |  32|   0|   32|          0|
    |mul21_i117_2_reg_2719                  |  32|   0|   32|          0|
    |mul21_i117_2_reg_2719_pp0_iter1_reg    |  32|   0|   32|          0|
    |mul21_i117_3_1_reg_2839                |  32|   0|   32|          0|
    |mul21_i117_3_2_reg_2844                |  32|   0|   32|          0|
    |mul21_i117_3_3_reg_2879                |  32|   0|   32|          0|
    |mul21_i117_3_4_reg_2884                |  32|   0|   32|          0|
    |mul21_i117_3_reg_2804                  |  32|   0|   32|          0|
    |mul21_i117_4_1_reg_2924                |  32|   0|   32|          0|
    |mul21_i117_4_2_reg_2971                |  32|   0|   32|          0|
    |mul21_i117_4_3_reg_2976                |  32|   0|   32|          0|
    |mul21_i117_4_4_reg_3011                |  32|   0|   32|          0|
    |mul21_i117_4_reg_2919                  |  32|   0|   32|          0|
    |mul21_i117_5_1_reg_3051                |  32|   0|   32|          0|
    |mul21_i117_5_2_reg_3056                |  32|   0|   32|          0|
    |mul21_i117_5_3_reg_3091                |  32|   0|   32|          0|
    |mul21_i117_5_4_reg_3096                |  32|   0|   32|          0|
    |mul21_i117_5_reg_3016                  |  32|   0|   32|          0|
    |mul21_i117_6_1_reg_3136                |  32|   0|   32|          0|
    |mul21_i117_6_2_reg_3171                |  32|   0|   32|          0|
    |mul21_i117_6_3_reg_3176                |  32|   0|   32|          0|
    |mul21_i117_6_4_reg_3191                |  32|   0|   32|          0|
    |mul21_i117_6_reg_3131                  |  32|   0|   32|          0|
    |mul21_i117_7_1_reg_3211                |  32|   0|   32|          0|
    |mul21_i117_7_2_reg_3216                |  32|   0|   32|          0|
    |mul21_i117_7_3_reg_3221                |  32|   0|   32|          0|
    |mul21_i117_7_4_reg_3226                |  32|   0|   32|          0|
    |mul21_i117_7_reg_3196                  |  32|   0|   32|          0|
    |mul21_i117_8_reg_2546                  |  32|   0|   32|          0|
    |mul21_i117_9_reg_2551                  |  32|   0|   32|          0|
    |mul21_i117_s_reg_2511                  |  32|   0|   32|          0|
    |mul21_i3_reg_2506                      |  32|   0|   32|          0|
    |n_fu_232                               |   4|   0|    4|          0|
    |p_cast78_reg_2343                      |   6|   0|   10|          4|
    |p_shl23_cast_reg_2332                  |   3|   0|    9|          6|
    |reg_1004                               |  32|   0|   32|          0|
    |reg_1009                               |  32|   0|   32|          0|
    |reg_1014                               |  32|   0|   32|          0|
    |reg_941                                |  32|   0|   32|          0|
    |reg_945                                |  32|   0|   32|          0|
    |reg_950                                |  32|   0|   32|          0|
    |reg_954                                |  32|   0|   32|          0|
    |reg_959                                |  32|   0|   32|          0|
    |reg_964                                |  32|   0|   32|          0|
    |reg_969                                |  32|   0|   32|          0|
    |reg_974                                |  32|   0|   32|          0|
    |reg_979                                |  32|   0|   32|          0|
    |reg_984                                |  32|   0|   32|          0|
    |reg_989                                |  32|   0|   32|          0|
    |reg_994                                |  32|   0|   32|          0|
    |reg_999                                |  32|   0|   32|          0|
    |s_104_reg_3231                         |  32|   0|   32|          0|
    |select_ln91_1_reg_2322                 |   4|   0|    4|          0|
    |select_ln91_reg_2312                   |   8|   0|    8|          0|
    |y_fu_228                               |   8|   0|    8|          0|
    |zext_ln93_2_reg_2959                   |   8|   0|   11|          3|
    |zext_ln93_3_reg_2626                   |   8|   0|   10|          2|
    |zext_ln93_4_reg_2423                   |   8|   0|    9|          1|
    |add_ln101_reg_2471                     |  64|  32|   11|          0|
    |icmp_ln91_reg_2308                     |  64|  32|    1|          0|
    |mul21_i117_2_1_reg_2724                |  64|  32|   32|          0|
    |mul21_i117_2_2_reg_2759                |  64|  32|   32|          0|
    |mul21_i117_2_3_reg_2764                |  64|  32|   32|          0|
    |mul21_i117_2_4_reg_2799                |  64|  32|   32|          0|
    |mul21_i117_3_1_reg_2839                |  64|  32|   32|          0|
    |mul21_i117_3_2_reg_2844                |  64|  32|   32|          0|
    |mul21_i117_3_3_reg_2879                |  64|  32|   32|          0|
    |mul21_i117_3_4_reg_2884                |  64|  32|   32|          0|
    |mul21_i117_3_reg_2804                  |  64|  32|   32|          0|
    |mul21_i117_4_1_reg_2924                |  64|  32|   32|          0|
    |mul21_i117_4_2_reg_2971                |  64|  32|   32|          0|
    |mul21_i117_4_3_reg_2976                |  64|  32|   32|          0|
    |mul21_i117_4_4_reg_3011                |  64|  32|   32|          0|
    |mul21_i117_4_reg_2919                  |  64|  32|   32|          0|
    |mul21_i117_5_1_reg_3051                |  64|  32|   32|          0|
    |mul21_i117_5_2_reg_3056                |  64|  32|   32|          0|
    |mul21_i117_5_3_reg_3091                |  64|  32|   32|          0|
    |mul21_i117_5_4_reg_3096                |  64|  32|   32|          0|
    |mul21_i117_5_reg_3016                  |  64|  32|   32|          0|
    |mul21_i117_6_1_reg_3136                |  64|  32|   32|          0|
    |mul21_i117_6_2_reg_3171                |  64|  32|   32|          0|
    |mul21_i117_6_3_reg_3176                |  64|  32|   32|          0|
    |mul21_i117_6_4_reg_3191                |  64|  32|   32|          0|
    |mul21_i117_6_reg_3131                  |  64|  32|   32|          0|
    |mul21_i117_7_1_reg_3211                |  64|  32|   32|          0|
    |mul21_i117_7_2_reg_3216                |  64|  32|   32|          0|
    |mul21_i117_7_3_reg_3221                |  64|  32|   32|          0|
    |mul21_i117_7_4_reg_3226                |  64|  32|   32|          0|
    |mul21_i117_7_reg_3196                  |  64|  32|   32|          0|
    |select_ln91_1_reg_2322                 |  64|  32|    4|          0|
    +---------------------------------------+----+----+-----+-----------+
    |Total                                  |4191|1024| 3106|         19|
    +---------------------------------------+----+----+-----+-----------+



================================================================
== Interface
================================================================
* Summary: 
+----------------------+-----+-----+------------+--------------------------------------------+--------------+
|       RTL Ports      | Dir | Bits|  Protocol  |                Source Object               |    C Type    |
+----------------------+-----+-----+------------+--------------------------------------------+--------------+
|ap_clk                |   in|    1|  ap_ctrl_hs|  CNN_Pipeline_VITIS_LOOP_91_1_loop_for_ap_3|  return value|
|ap_rst                |   in|    1|  ap_ctrl_hs|  CNN_Pipeline_VITIS_LOOP_91_1_loop_for_ap_3|  return value|
|ap_start              |   in|    1|  ap_ctrl_hs|  CNN_Pipeline_VITIS_LOOP_91_1_loop_for_ap_3|  return value|
|ap_done               |  out|    1|  ap_ctrl_hs|  CNN_Pipeline_VITIS_LOOP_91_1_loop_for_ap_3|  return value|
|ap_idle               |  out|    1|  ap_ctrl_hs|  CNN_Pipeline_VITIS_LOOP_91_1_loop_for_ap_3|  return value|
|ap_ready              |  out|    1|  ap_ctrl_hs|  CNN_Pipeline_VITIS_LOOP_91_1_loop_for_ap_3|  return value|
|grp_fu_1453_p_din0    |  out|   32|  ap_ctrl_hs|  CNN_Pipeline_VITIS_LOOP_91_1_loop_for_ap_3|  return value|
|grp_fu_1453_p_din1    |  out|   32|  ap_ctrl_hs|  CNN_Pipeline_VITIS_LOOP_91_1_loop_for_ap_3|  return value|
|grp_fu_1453_p_opcode  |  out|    2|  ap_ctrl_hs|  CNN_Pipeline_VITIS_LOOP_91_1_loop_for_ap_3|  return value|
|grp_fu_1453_p_dout0   |   in|   32|  ap_ctrl_hs|  CNN_Pipeline_VITIS_LOOP_91_1_loop_for_ap_3|  return value|
|grp_fu_1453_p_ce      |  out|    1|  ap_ctrl_hs|  CNN_Pipeline_VITIS_LOOP_91_1_loop_for_ap_3|  return value|
|grp_fu_1457_p_din0    |  out|   32|  ap_ctrl_hs|  CNN_Pipeline_VITIS_LOOP_91_1_loop_for_ap_3|  return value|
|grp_fu_1457_p_din1    |  out|   32|  ap_ctrl_hs|  CNN_Pipeline_VITIS_LOOP_91_1_loop_for_ap_3|  return value|
|grp_fu_1457_p_opcode  |  out|    2|  ap_ctrl_hs|  CNN_Pipeline_VITIS_LOOP_91_1_loop_for_ap_3|  return value|
|grp_fu_1457_p_dout0   |   in|   32|  ap_ctrl_hs|  CNN_Pipeline_VITIS_LOOP_91_1_loop_for_ap_3|  return value|
|grp_fu_1457_p_ce      |  out|    1|  ap_ctrl_hs|  CNN_Pipeline_VITIS_LOOP_91_1_loop_for_ap_3|  return value|
|grp_fu_1461_p_din0    |  out|   32|  ap_ctrl_hs|  CNN_Pipeline_VITIS_LOOP_91_1_loop_for_ap_3|  return value|
|grp_fu_1461_p_din1    |  out|   32|  ap_ctrl_hs|  CNN_Pipeline_VITIS_LOOP_91_1_loop_for_ap_3|  return value|
|grp_fu_1461_p_dout0   |   in|   32|  ap_ctrl_hs|  CNN_Pipeline_VITIS_LOOP_91_1_loop_for_ap_3|  return value|
|grp_fu_1461_p_ce      |  out|    1|  ap_ctrl_hs|  CNN_Pipeline_VITIS_LOOP_91_1_loop_for_ap_3|  return value|
|grp_fu_1465_p_din0    |  out|   32|  ap_ctrl_hs|  CNN_Pipeline_VITIS_LOOP_91_1_loop_for_ap_3|  return value|
|grp_fu_1465_p_din1    |  out|   32|  ap_ctrl_hs|  CNN_Pipeline_VITIS_LOOP_91_1_loop_for_ap_3|  return value|
|grp_fu_1465_p_dout0   |   in|   32|  ap_ctrl_hs|  CNN_Pipeline_VITIS_LOOP_91_1_loop_for_ap_3|  return value|
|grp_fu_1465_p_ce      |  out|    1|  ap_ctrl_hs|  CNN_Pipeline_VITIS_LOOP_91_1_loop_for_ap_3|  return value|
|grp_fu_1469_p_din0    |  out|   32|  ap_ctrl_hs|  CNN_Pipeline_VITIS_LOOP_91_1_loop_for_ap_3|  return value|
|grp_fu_1469_p_din1    |  out|   32|  ap_ctrl_hs|  CNN_Pipeline_VITIS_LOOP_91_1_loop_for_ap_3|  return value|
|grp_fu_1469_p_opcode  |  out|    5|  ap_ctrl_hs|  CNN_Pipeline_VITIS_LOOP_91_1_loop_for_ap_3|  return value|
|grp_fu_1469_p_dout0   |   in|    1|  ap_ctrl_hs|  CNN_Pipeline_VITIS_LOOP_91_1_loop_for_ap_3|  return value|
|grp_fu_1469_p_ce      |  out|    1|  ap_ctrl_hs|  CNN_Pipeline_VITIS_LOOP_91_1_loop_for_ap_3|  return value|
|Weights_address0      |  out|   14|   ap_memory|                                     Weights|         array|
|Weights_ce0           |  out|    1|   ap_memory|                                     Weights|         array|
|Weights_q0            |   in|   32|   ap_memory|                                     Weights|         array|
|Weights_address1      |  out|   14|   ap_memory|                                     Weights|         array|
|Weights_ce1           |  out|    1|   ap_memory|                                     Weights|         array|
|Weights_q1            |   in|   32|   ap_memory|                                     Weights|         array|
|OutPadConv3_address0  |  out|   11|   ap_memory|                                 OutPadConv3|         array|
|OutPadConv3_ce0       |  out|    1|   ap_memory|                                 OutPadConv3|         array|
|OutPadConv3_q0        |   in|   32|   ap_memory|                                 OutPadConv3|         array|
|OutPadConv3_address1  |  out|   11|   ap_memory|                                 OutPadConv3|         array|
|OutPadConv3_ce1       |  out|    1|   ap_memory|                                 OutPadConv3|         array|
|OutPadConv3_q1        |   in|   32|   ap_memory|                                 OutPadConv3|         array|
|OutConv3_address0     |  out|   11|   ap_memory|                                    OutConv3|         array|
|OutConv3_ce0          |  out|    1|   ap_memory|                                    OutConv3|         array|
|OutConv3_we0          |  out|    1|   ap_memory|                                    OutConv3|         array|
|OutConv3_d0           |  out|   32|   ap_memory|                                    OutConv3|         array|
+----------------------+-----+-----+------------+--------------------------------------------+--------------+

