

================================================================
== Vitis HLS Report for 'CNN_Pipeline_loop_for_3_channel_pad_5_loop_for_channel_pad_5'
================================================================
* Date:           Sat Jun  1 06:31:13 2024

* Version:        2023.2 (Build 4023990 on Oct 11 2023)
* Project:        doan
* Solution:       solution1 (Vivado IP Flow Target)
* Product family: zynquplus
* Target device:  xck26-sfvc784-2LV-c


================================================================
== Performance Estimates
================================================================
+ Timing: 
    * Summary: 
    +--------+----------+----------+------------+
    |  Clock |  Target  | Estimated| Uncertainty|
    +--------+----------+----------+------------+
    |ap_clk  |  10.00 ns|  2.925 ns|     2.70 ns|
    +--------+----------+----------+------------+

+ Latency: 
    * Summary: 
    +---------+---------+-----------+-----------+------+------+---------+
    |  Latency (cycles) |   Latency (absolute)  |   Interval  | Pipeline|
    |   min   |   max   |    min    |    max    |  min |  max |   Type  |
    +---------+---------+-----------+-----------+------+------+---------+
    |     1348|     1348|  13.480 us|  13.480 us|  1348|  1348|       no|
    +---------+---------+-----------+-----------+------+------+---------+

    + Detail: 
        * Instance: 
        N/A

        * Loop: 
        +---------------------------------------------------+---------+---------+----------+-----------+-----------+------+----------+
        |                                                   |  Latency (cycles) | Iteration|  Initiation Interval  | Trip |          |
        |                     Loop Name                     |   min   |   max   |  Latency |  achieved |   target  | Count| Pipelined|
        +---------------------------------------------------+---------+---------+----------+-----------+-----------+------+----------+
        |- loop_for_3_channel_pad_5_loop_for_channel_pad_5  |     1346|     1346|         4|          1|          1|  1344|       yes|
        +---------------------------------------------------+---------+---------+----------+-----------+-----------+------+----------+

============================================================
+ Verbose Summary: Synthesis Manager
============================================================
InlineROM: 1
ExposeGlobal: 0
============================================================
+ Verbose Summary: CDFG Model
============================================================
IsTopModel: 0
ResetActiveHigh: 1
IsCombinational: 0
IsDatapathOnly: 0
HasWiredReturn: 1
HasMFsm: 2
HasVarLatency: 1
IsPipeline: 0
IsRtlPipelined: 0
IsInstanceOverlapped: 0
IsDontTouch: 0
HasImplIP: 0
IsGatedGlobalClock: 0

+ Individual pipeline summary: 
  * Pipeline-0: initiation interval (II) = 1, depth = 4


============================================================
+ Verbose Summary: Schedule
============================================================
* Number of FSM states : 4
* Pipeline : 1
  Pipeline-0 : II = 1, D = 4, States = { 1 2 3 4 }
* Dataflow Pipeline: 0

* FSM state transitions: 
1 --> 2 
2 --> 3 
3 --> 4 
4 --> 

* FSM state operations: 

State 1 <SV = 0> <Delay = 2.76>
ST_1 : Operation 7 [1/1] (0.00ns)   --->   "%n = alloca i32 1" [Conv.cpp:135->CNN.cpp:41]   --->   Operation 7 'alloca' 'n' <Predicate = true> <Delay = 0.00>
ST_1 : Operation 8 [1/1] (0.00ns)   --->   "%c = alloca i32 1" [Conv.cpp:133->CNN.cpp:41]   --->   Operation 8 'alloca' 'c' <Predicate = true> <Delay = 0.00>
ST_1 : Operation 9 [1/1] (0.00ns)   --->   "%indvar_flatten76 = alloca i32 1"   --->   Operation 9 'alloca' 'indvar_flatten76' <Predicate = true> <Delay = 0.00>
ST_1 : Operation 10 [1/1] (0.42ns)   --->   "%store_ln0 = store i11 0, i11 %indvar_flatten76"   --->   Operation 10 'store' 'store_ln0' <Predicate = true> <Delay = 0.42>
ST_1 : Operation 11 [1/1] (0.42ns)   --->   "%store_ln133 = store i5 0, i5 %c" [Conv.cpp:133->CNN.cpp:41]   --->   Operation 11 'store' 'store_ln133' <Predicate = true> <Delay = 0.42>
ST_1 : Operation 12 [1/1] (0.42ns)   --->   "%store_ln135 = store i7 0, i7 %n" [Conv.cpp:135->CNN.cpp:41]   --->   Operation 12 'store' 'store_ln135' <Predicate = true> <Delay = 0.42>
ST_1 : Operation 13 [1/1] (0.00ns)   --->   "%br_ln0 = br void %for.body4.i207"   --->   Operation 13 'br' 'br_ln0' <Predicate = true> <Delay = 0.00>
ST_1 : Operation 14 [1/1] (0.00ns)   --->   "%indvar_flatten76_load = load i11 %indvar_flatten76" [Conv.cpp:133->CNN.cpp:41]   --->   Operation 14 'load' 'indvar_flatten76_load' <Predicate = true> <Delay = 0.00>
ST_1 : Operation 15 [1/1] (0.79ns)   --->   "%icmp_ln133 = icmp_eq  i11 %indvar_flatten76_load, i11 1344" [Conv.cpp:133->CNN.cpp:41]   --->   Operation 15 'icmp' 'icmp_ln133' <Predicate = true> <Delay = 0.79> <CoreInst = "Cmp">   --->   Core 9 'Cmp' <Latency = 0> <II = 1> <Delay = 0.79> <FuncUnit> <Opcode : 'icmp'> <InPorts = 2> <OutPorts = 1>
ST_1 : Operation 16 [1/1] (0.79ns)   --->   "%add_ln133 = add i11 %indvar_flatten76_load, i11 1" [Conv.cpp:133->CNN.cpp:41]   --->   Operation 16 'add' 'add_ln133' <Predicate = true> <Delay = 0.79> <CoreInst = "Adder">   --->   Core 1 'Adder' <Latency = 0> <II = 1> <Delay = 0.79> <FuncUnit> <Opcode : 'add' 'sub'> <InPorts = 2> <OutPorts = 1>
ST_1 : Operation 17 [1/1] (0.00ns)   --->   "%br_ln133 = br i1 %icmp_ln133, void %for.inc15.i218, void %for.inc.i232.preheader.exitStub" [Conv.cpp:133->CNN.cpp:41]   --->   Operation 17 'br' 'br_ln133' <Predicate = true> <Delay = 0.00>
ST_1 : Operation 18 [1/1] (0.00ns)   --->   "%n_load = load i7 %n" [Conv.cpp:135->CNN.cpp:41]   --->   Operation 18 'load' 'n_load' <Predicate = (!icmp_ln133)> <Delay = 0.00>
ST_1 : Operation 19 [1/1] (0.00ns)   --->   "%c_load = load i5 %c" [Conv.cpp:133->CNN.cpp:41]   --->   Operation 19 'load' 'c_load' <Predicate = (!icmp_ln133)> <Delay = 0.00>
ST_1 : Operation 20 [1/1] (0.77ns)   --->   "%icmp_ln135 = icmp_eq  i7 %n_load, i7 84" [Conv.cpp:135->CNN.cpp:41]   --->   Operation 20 'icmp' 'icmp_ln135' <Predicate = (!icmp_ln133)> <Delay = 0.77> <CoreInst = "Cmp">   --->   Core 9 'Cmp' <Latency = 0> <II = 1> <Delay = 0.77> <FuncUnit> <Opcode : 'icmp'> <InPorts = 2> <OutPorts = 1>
ST_1 : Operation 21 [1/1] (0.36ns)   --->   "%select_ln133 = select i1 %icmp_ln135, i7 0, i7 %n_load" [Conv.cpp:133->CNN.cpp:41]   --->   Operation 21 'select' 'select_ln133' <Predicate = (!icmp_ln133)> <Delay = 0.36> <CoreInst = "Sel">   --->   Core 73 'Sel' <Latency = 0> <II = 1> <Delay = 0.36> <FuncUnit> <Opcode : 'select'> <InPorts = 3> <OutPorts = 1>
ST_1 : Operation 22 [1/1] (0.78ns)   --->   "%add_ln133_1 = add i5 %c_load, i5 1" [Conv.cpp:133->CNN.cpp:41]   --->   Operation 22 'add' 'add_ln133_1' <Predicate = (!icmp_ln133)> <Delay = 0.78> <CoreInst = "Adder">   --->   Core 1 'Adder' <Latency = 0> <II = 1> <Delay = 0.78> <FuncUnit> <Opcode : 'add' 'sub'> <InPorts = 2> <OutPorts = 1>
ST_1 : Operation 23 [1/1] (0.41ns)   --->   "%select_ln133_1 = select i1 %icmp_ln135, i5 %add_ln133_1, i5 %c_load" [Conv.cpp:133->CNN.cpp:41]   --->   Operation 23 'select' 'select_ln133_1' <Predicate = (!icmp_ln133)> <Delay = 0.41> <CoreInst = "Sel">   --->   Core 73 'Sel' <Latency = 0> <II = 1> <Delay = 0.41> <FuncUnit> <Opcode : 'select'> <InPorts = 3> <OutPorts = 1>
ST_1 : Operation 24 [1/1] (0.00ns)   --->   "%c_4_cast = zext i5 %select_ln133_1" [Conv.cpp:133->CNN.cpp:41]   --->   Operation 24 'zext' 'c_4_cast' <Predicate = (!icmp_ln133)> <Delay = 0.00>
ST_1 : Operation 25 [3/3] (0.99ns) (grouped into DSP with root node add_ln136)   --->   "%empty = mul i11 %c_4_cast, i11 84" [Conv.cpp:133->CNN.cpp:41]   --->   Operation 25 'mul' 'empty' <Predicate = (!icmp_ln133)> <Delay = 0.99> <CoreInst = "DSP48">   --->   Core 127 'DSP48' <Latency = 3> <II = 1> <Delay = 0.53> <IPBlock> <Opcode : '' 'add' 'sub' 'mul' 'select'> <InPorts = 0> <OutPorts = 1> <Sync> <CReg>
ST_1 : Operation 26 [1/1] (0.00ns)   --->   "%empty_137 = trunc i5 %select_ln133_1" [Conv.cpp:133->CNN.cpp:41]   --->   Operation 26 'trunc' 'empty_137' <Predicate = (!icmp_ln133)> <Delay = 0.00>
ST_1 : Operation 27 [1/1] (0.00ns)   --->   "%tmp = partselect i6 @_ssdm_op_PartSelect.i6.i7.i32.i32, i7 %select_ln133, i32 1, i32 6" [Conv.cpp:136->CNN.cpp:41]   --->   Operation 27 'partselect' 'tmp' <Predicate = (!icmp_ln133)> <Delay = 0.00>
ST_1 : Operation 28 [1/1] (0.78ns)   --->   "%icmp_ln136 = icmp_eq  i6 %tmp, i6 0" [Conv.cpp:136->CNN.cpp:41]   --->   Operation 28 'icmp' 'icmp_ln136' <Predicate = (!icmp_ln133)> <Delay = 0.78> <CoreInst = "Cmp">   --->   Core 9 'Cmp' <Latency = 0> <II = 1> <Delay = 0.78> <FuncUnit> <Opcode : 'icmp'> <InPorts = 2> <OutPorts = 1>
ST_1 : Operation 29 [1/1] (0.77ns)   --->   "%add_ln135 = add i7 %select_ln133, i7 1" [Conv.cpp:135->CNN.cpp:41]   --->   Operation 29 'add' 'add_ln135' <Predicate = (!icmp_ln133)> <Delay = 0.77> <CoreInst = "Adder">   --->   Core 1 'Adder' <Latency = 0> <II = 1> <Delay = 0.77> <FuncUnit> <Opcode : 'add' 'sub'> <InPorts = 2> <OutPorts = 1>
ST_1 : Operation 30 [1/1] (0.42ns)   --->   "%store_ln133 = store i11 %add_ln133, i11 %indvar_flatten76" [Conv.cpp:133->CNN.cpp:41]   --->   Operation 30 'store' 'store_ln133' <Predicate = (!icmp_ln133)> <Delay = 0.42>
ST_1 : Operation 31 [1/1] (0.42ns)   --->   "%store_ln133 = store i5 %select_ln133_1, i5 %c" [Conv.cpp:133->CNN.cpp:41]   --->   Operation 31 'store' 'store_ln133' <Predicate = (!icmp_ln133)> <Delay = 0.42>
ST_1 : Operation 32 [1/1] (0.42ns)   --->   "%store_ln135 = store i7 %add_ln135, i7 %n" [Conv.cpp:135->CNN.cpp:41]   --->   Operation 32 'store' 'store_ln135' <Predicate = (!icmp_ln133)> <Delay = 0.42>

State 2 <SV = 1> <Delay = 0.99>
ST_2 : Operation 33 [2/3] (0.99ns) (grouped into DSP with root node add_ln136)   --->   "%empty = mul i11 %c_4_cast, i11 84" [Conv.cpp:133->CNN.cpp:41]   --->   Operation 33 'mul' 'empty' <Predicate = true> <Delay = 0.99> <CoreInst = "DSP48">   --->   Core 127 'DSP48' <Latency = 3> <II = 1> <Delay = 0.53> <IPBlock> <Opcode : '' 'add' 'sub' 'mul' 'select'> <InPorts = 0> <OutPorts = 1> <Sync> <CReg>

State 3 <SV = 2> <Delay = 2.92>
ST_3 : Operation 34 [1/3] (0.00ns) (grouped into DSP with root node add_ln136)   --->   "%empty = mul i11 %c_4_cast, i11 84" [Conv.cpp:133->CNN.cpp:41]   --->   Operation 34 'mul' 'empty' <Predicate = true> <Delay = 0.00> <CoreInst = "DSP48">   --->   Core 127 'DSP48' <Latency = 3> <II = 1> <Delay = 0.53> <IPBlock> <Opcode : '' 'add' 'sub' 'mul' 'select'> <InPorts = 0> <OutPorts = 1> <Sync> <CReg>
ST_3 : Operation 35 [1/1] (0.00ns)   --->   "%p_shl = bitconcatenate i10 @_ssdm_op_BitConcatenate.i10.i4.i6, i4 %empty_137, i6 0" [Conv.cpp:133->CNN.cpp:41]   --->   Operation 35 'bitconcatenate' 'p_shl' <Predicate = true> <Delay = 0.00>
ST_3 : Operation 36 [1/1] (0.00ns)   --->   "%p_shl35_cast = zext i10 %p_shl" [Conv.cpp:133->CNN.cpp:41]   --->   Operation 36 'zext' 'p_shl35_cast' <Predicate = true> <Delay = 0.00>
ST_3 : Operation 37 [1/1] (0.00ns)   --->   "%p_shl13 = bitconcatenate i8 @_ssdm_op_BitConcatenate.i8.i4.i4, i4 %empty_137, i4 0" [Conv.cpp:133->CNN.cpp:41]   --->   Operation 37 'bitconcatenate' 'p_shl13' <Predicate = true> <Delay = 0.00>
ST_3 : Operation 38 [1/1] (0.00ns)   --->   "%zext_ln135 = zext i8 %p_shl13" [Conv.cpp:135->CNN.cpp:41]   --->   Operation 38 'zext' 'zext_ln135' <Predicate = true> <Delay = 0.00>
ST_3 : Operation 39 [1/1] (0.00ns)   --->   "%zext_ln135_1 = zext i7 %select_ln133" [Conv.cpp:135->CNN.cpp:41]   --->   Operation 39 'zext' 'zext_ln135_1' <Predicate = true> <Delay = 0.00>
ST_3 : Operation 40 [1/1] (0.00ns)   --->   "%zext_ln135_2 = zext i7 %select_ln133" [Conv.cpp:135->CNN.cpp:41]   --->   Operation 40 'zext' 'zext_ln135_2' <Predicate = true> <Delay = 0.00>
ST_3 : Operation 41 [1/1] (0.77ns)   --->   "%icmp_ln136_1 = icmp_ugt  i7 %select_ln133, i7 81" [Conv.cpp:136->CNN.cpp:41]   --->   Operation 41 'icmp' 'icmp_ln136_1' <Predicate = true> <Delay = 0.77> <CoreInst = "Cmp">   --->   Core 9 'Cmp' <Latency = 0> <II = 1> <Delay = 0.77> <FuncUnit> <Opcode : 'icmp'> <InPorts = 2> <OutPorts = 1>
ST_3 : Operation 42 [2/2] (0.64ns) (root node of the DSP)   --->   "%add_ln136 = add i11 %zext_ln135_1, i11 %empty" [Conv.cpp:136->CNN.cpp:41]   --->   Operation 42 'add' 'add_ln136' <Predicate = true> <Delay = 0.64> <CoreInst = "DSP48">   --->   Core 127 'DSP48' <Latency = 3> <II = 1> <Delay = 0.53> <IPBlock> <Opcode : '' 'add' 'sub' 'mul' 'select'> <InPorts = 0> <OutPorts = 1> <Sync> <CReg>
ST_3 : Operation 43 [1/1] (0.00ns) (grouped into TernaryAdder)   --->   "%add_ln136_1 = add i11 %p_shl35_cast, i11 %zext_ln135" [Conv.cpp:136->CNN.cpp:41]   --->   Operation 43 'add' 'add_ln136_1' <Predicate = true> <Delay = 0.00> <CoreInst = "TAddSub">   --->   Core 10 'TAddSub' <Latency = 0> <II = 1> <Delay = 0.45> <IPBlock> <Opcode : '' 'add' 'sub'> <InPorts = 3> <OutPorts = 1> <Sync> <CReg>
ST_3 : Operation 44 [1/1] (0.77ns)   --->   "%add_ln136_3 = add i8 %zext_ln135_2, i8 254" [Conv.cpp:136->CNN.cpp:41]   --->   Operation 44 'add' 'add_ln136_3' <Predicate = true> <Delay = 0.77> <CoreInst = "Adder">   --->   Core 1 'Adder' <Latency = 0> <II = 1> <Delay = 0.77> <FuncUnit> <Opcode : 'add' 'sub'> <InPorts = 2> <OutPorts = 1>
ST_3 : Operation 45 [1/1] (0.00ns)   --->   "%sext_ln136 = sext i8 %add_ln136_3" [Conv.cpp:136->CNN.cpp:41]   --->   Operation 45 'sext' 'sext_ln136' <Predicate = true> <Delay = 0.00>
ST_3 : Operation 46 [1/1] (0.91ns) (root node of TernaryAdder)   --->   "%add_ln136_2 = add i11 %sext_ln136, i11 %add_ln136_1" [Conv.cpp:136->CNN.cpp:41]   --->   Operation 46 'add' 'add_ln136_2' <Predicate = true> <Delay = 0.91> <CoreInst = "TAddSub">   --->   Core 10 'TAddSub' <Latency = 0> <II = 1> <Delay = 0.45> <IPBlock> <Opcode : '' 'add' 'sub'> <InPorts = 3> <OutPorts = 1> <Sync> <CReg>
ST_3 : Operation 47 [1/1] (0.00ns)   --->   "%zext_ln136_1 = zext i11 %add_ln136_2" [Conv.cpp:136->CNN.cpp:41]   --->   Operation 47 'zext' 'zext_ln136_1' <Predicate = true> <Delay = 0.00>
ST_3 : Operation 48 [1/1] (0.00ns)   --->   "%OutConv4_addr = getelementptr i32 %OutConv4, i64 0, i64 %zext_ln136_1" [Conv.cpp:136->CNN.cpp:41]   --->   Operation 48 'getelementptr' 'OutConv4_addr' <Predicate = true> <Delay = 0.00>
ST_3 : Operation 49 [2/2] (1.23ns)   --->   "%OutConv4_load = load i11 %OutConv4_addr" [Conv.cpp:136->CNN.cpp:41]   --->   Operation 49 'load' 'OutConv4_load' <Predicate = true> <Delay = 1.23> <CoreInst = "RAM">   --->   Core 83 'RAM' <Latency = 1> <II = 1> <Delay = 1.23> <Storage> <Opcode : 'load' 'store'> <Ports = 2> <Width = 32> <Depth = 1280> <RAM>
ST_3 : Operation 61 [1/1] (0.00ns)   --->   "%ret_ln0 = ret"   --->   Operation 61 'ret' 'ret_ln0' <Predicate = (icmp_ln133)> <Delay = 0.00>

State 4 <SV = 3> <Delay = 2.92>
ST_4 : Operation 50 [1/1] (0.00ns)   --->   "%specloopname_ln0 = specloopname void @_ssdm_op_SpecLoopName, void @loop_for_3_channel_pad_5_loop_for_channel_pad_5_str"   --->   Operation 50 'specloopname' 'specloopname_ln0' <Predicate = true> <Delay = 0.00>
ST_4 : Operation 51 [1/1] (0.00ns)   --->   "%speclooptripcount_ln0 = speclooptripcount void @_ssdm_op_SpecLoopTripCount, i64 1344, i64 1344, i64 1344"   --->   Operation 51 'speclooptripcount' 'speclooptripcount_ln0' <Predicate = true> <Delay = 0.00>
ST_4 : Operation 52 [1/1] (0.00ns)   --->   "%specpipeline_ln135 = specpipeline void @_ssdm_op_SpecPipeline, i32 4294967295, i32 0, i32 0, i32 0, void @empty_7" [Conv.cpp:135->CNN.cpp:41]   --->   Operation 52 'specpipeline' 'specpipeline_ln135' <Predicate = true> <Delay = 0.00>
ST_4 : Operation 53 [1/1] (0.00ns) (grouped into LUT with out node select_ln136)   --->   "%or_ln136 = or i1 %icmp_ln136, i1 %icmp_ln136_1" [Conv.cpp:136->CNN.cpp:41]   --->   Operation 53 'or' 'or_ln136' <Predicate = true> <Delay = 0.00> <CoreInst = "LogicGate">   --->   Core 74 'LogicGate' <Latency = 0> <II = 1> <Delay = 0.28> <FuncUnit> <Opcode : 'and' 'or' 'xor'> <InPorts = 2> <OutPorts = 1>
ST_4 : Operation 54 [1/2] (0.64ns) (root node of the DSP)   --->   "%add_ln136 = add i11 %zext_ln135_1, i11 %empty" [Conv.cpp:136->CNN.cpp:41]   --->   Operation 54 'add' 'add_ln136' <Predicate = true> <Delay = 0.64> <CoreInst = "DSP48">   --->   Core 127 'DSP48' <Latency = 3> <II = 1> <Delay = 0.53> <IPBlock> <Opcode : '' 'add' 'sub' 'mul' 'select'> <InPorts = 0> <OutPorts = 1> <Sync> <CReg>
ST_4 : Operation 55 [1/1] (0.00ns)   --->   "%zext_ln136 = zext i11 %add_ln136" [Conv.cpp:136->CNN.cpp:41]   --->   Operation 55 'zext' 'zext_ln136' <Predicate = true> <Delay = 0.00>
ST_4 : Operation 56 [1/1] (0.00ns)   --->   "%OutPadConv5_addr = getelementptr i32 %OutPadConv5, i64 0, i64 %zext_ln136" [Conv.cpp:136->CNN.cpp:41]   --->   Operation 56 'getelementptr' 'OutPadConv5_addr' <Predicate = true> <Delay = 0.00>
ST_4 : Operation 57 [1/2] (1.23ns)   --->   "%OutConv4_load = load i11 %OutConv4_addr" [Conv.cpp:136->CNN.cpp:41]   --->   Operation 57 'load' 'OutConv4_load' <Predicate = true> <Delay = 1.23> <CoreInst = "RAM">   --->   Core 83 'RAM' <Latency = 1> <II = 1> <Delay = 1.23> <Storage> <Opcode : 'load' 'store'> <Ports = 2> <Width = 32> <Depth = 1280> <RAM>
ST_4 : Operation 58 [1/1] (0.44ns) (out node of the LUT)   --->   "%select_ln136 = select i1 %or_ln136, i32 0, i32 %OutConv4_load" [Conv.cpp:136->CNN.cpp:41]   --->   Operation 58 'select' 'select_ln136' <Predicate = true> <Delay = 0.44> <CoreInst = "Sel">   --->   Core 73 'Sel' <Latency = 0> <II = 1> <Delay = 0.44> <FuncUnit> <Opcode : 'select'> <InPorts = 3> <OutPorts = 1>
ST_4 : Operation 59 [1/1] (1.23ns)   --->   "%store_ln136 = store i32 %select_ln136, i11 %OutPadConv5_addr" [Conv.cpp:136->CNN.cpp:41]   --->   Operation 59 'store' 'store_ln136' <Predicate = true> <Delay = 1.23> <CoreInst = "RAM">   --->   Core 83 'RAM' <Latency = 1> <II = 1> <Delay = 1.23> <Storage> <Opcode : 'load' 'store'> <Ports = 2> <Width = 32> <Depth = 1344> <RAM>
ST_4 : Operation 60 [1/1] (0.00ns)   --->   "%br_ln135 = br void %for.body4.i207" [Conv.cpp:135->CNN.cpp:41]   --->   Operation 60 'br' 'br_ln135' <Predicate = true> <Delay = 0.00>


============================================================
+ Verbose Summary: Timing violations
============================================================
Target clock period: 10.000ns, clock uncertainty: 2.700ns.

 <State 1>: 2.760ns
The critical path consists of the following:
	'store' operation 0 bit ('store_ln135', Conv.cpp:135->CNN.cpp:41) of constant 0 on local variable 'n', Conv.cpp:135->CNN.cpp:41 [8]  (0.427 ns)
	'load' operation 7 bit ('n_load', Conv.cpp:135->CNN.cpp:41) on local variable 'n', Conv.cpp:135->CNN.cpp:41 [16]  (0.000 ns)
	'icmp' operation 1 bit ('icmp_ln135', Conv.cpp:135->CNN.cpp:41) [20]  (0.773 ns)
	'select' operation 7 bit ('select_ln133', Conv.cpp:133->CNN.cpp:41) [21]  (0.360 ns)
	'add' operation 7 bit ('add_ln135', Conv.cpp:135->CNN.cpp:41) [50]  (0.773 ns)
	'store' operation 0 bit ('store_ln135', Conv.cpp:135->CNN.cpp:41) of variable 'add_ln135', Conv.cpp:135->CNN.cpp:41 on local variable 'n', Conv.cpp:135->CNN.cpp:41 [53]  (0.427 ns)

 <State 2>: 0.996ns
The critical path consists of the following:
	'mul' operation 11 bit of DSP[38] ('empty', Conv.cpp:133->CNN.cpp:41) [25]  (0.996 ns)

 <State 3>: 2.925ns
The critical path consists of the following:
	'add' operation 8 bit ('add_ln136_3', Conv.cpp:136->CNN.cpp:41) [42]  (0.773 ns)
	'add' operation 11 bit ('add_ln136_2', Conv.cpp:136->CNN.cpp:41) [44]  (0.914 ns)
	'getelementptr' operation 11 bit ('OutConv4_addr', Conv.cpp:136->CNN.cpp:41) [46]  (0.000 ns)
	'load' operation 32 bit ('OutConv4_load', Conv.cpp:136->CNN.cpp:41) on array 'OutConv4' [47]  (1.237 ns)

 <State 4>: 2.923ns
The critical path consists of the following:
	'load' operation 32 bit ('OutConv4_load', Conv.cpp:136->CNN.cpp:41) on array 'OutConv4' [47]  (1.237 ns)
	'select' operation 32 bit ('select_ln136', Conv.cpp:136->CNN.cpp:41) [48]  (0.449 ns)
	'store' operation 0 bit ('store_ln136', Conv.cpp:136->CNN.cpp:41) of variable 'select_ln136', Conv.cpp:136->CNN.cpp:41 on array 'OutPadConv5' [49]  (1.237 ns)


============================================================
+ Verbose Summary: Binding
============================================================
N/A
* FSMD analyzer results:
  - Output states:
 - Input state : 
  - Chain level:
	State 1
	State 2
	State 3
	State 4


============================================================
+ Verbose Summary: Datapath Resource usage 
============================================================
N/A
