

================================================================
== Vitis HLS Report for 'CNN_Pipeline_loop_for_3_channel_pad_6_loop_for_channel_pad_6'
================================================================
* Date:           Sat Jun  1 06:31:14 2024

* Version:        2023.2 (Build 4023990 on Oct 11 2023)
* Project:        doan
* Solution:       solution1 (Vivado IP Flow Target)
* Product family: zynquplus
* Target device:  xck26-sfvc784-2LV-c


================================================================
== Performance Estimates
================================================================
+ Timing: 
    * Summary: 
    +--------+----------+----------+------------+
    |  Clock |  Target  | Estimated| Uncertainty|
    +--------+----------+----------+------------+
    |ap_clk  |  10.00 ns|  2.978 ns|     2.70 ns|
    +--------+----------+----------+------------+

+ Latency: 
    * Summary: 
    +---------+---------+----------+----------+-----+-----+---------+
    |  Latency (cycles) |  Latency (absolute) |  Interval | Pipeline|
    |   min   |   max   |    min   |    max   | min | max |   Type  |
    +---------+---------+----------+----------+-----+-----+---------+
    |      708|      708|  7.080 us|  7.080 us|  708|  708|       no|
    +---------+---------+----------+----------+-----+-----+---------+

    + Detail: 
        * Instance: 
        N/A

        * Loop: 
        +---------------------------------------------------+---------+---------+----------+-----------+-----------+------+----------+
        |                                                   |  Latency (cycles) | Iteration|  Initiation Interval  | Trip |          |
        |                     Loop Name                     |   min   |   max   |  Latency |  achieved |   target  | Count| Pipelined|
        +---------------------------------------------------+---------+---------+----------+-----------+-----------+------+----------+
        |- loop_for_3_channel_pad_6_loop_for_channel_pad_6  |      706|      706|         4|          1|          1|   704|       yes|
        +---------------------------------------------------+---------+---------+----------+-----------+-----------+------+----------+

============================================================
+ Verbose Summary: Synthesis Manager
============================================================
InlineROM: 1
ExposeGlobal: 0
============================================================
+ Verbose Summary: CDFG Model
============================================================
IsTopModel: 0
ResetActiveHigh: 1
IsCombinational: 0
IsDatapathOnly: 0
HasWiredReturn: 1
HasMFsm: 2
HasVarLatency: 1
IsPipeline: 0
IsRtlPipelined: 0
IsInstanceOverlapped: 0
IsDontTouch: 0
HasImplIP: 0
IsGatedGlobalClock: 0

+ Individual pipeline summary: 
  * Pipeline-0: initiation interval (II) = 1, depth = 4


============================================================
+ Verbose Summary: Schedule
============================================================
* Number of FSM states : 4
* Pipeline : 1
  Pipeline-0 : II = 1, D = 4, States = { 1 2 3 4 }
* Dataflow Pipeline: 0

* FSM state transitions: 
1 --> 2 
2 --> 3 
3 --> 4 
4 --> 

* FSM state operations: 

State 1 <SV = 0> <Delay = 2.80>
ST_1 : Operation 7 [1/1] (0.00ns)   --->   "%n = alloca i32 1" [Conv.cpp:161->CNN.cpp:44]   --->   Operation 7 'alloca' 'n' <Predicate = true> <Delay = 0.00>
ST_1 : Operation 8 [1/1] (0.00ns)   --->   "%c = alloca i32 1" [Conv.cpp:159->CNN.cpp:44]   --->   Operation 8 'alloca' 'c' <Predicate = true> <Delay = 0.00>
ST_1 : Operation 9 [1/1] (0.00ns)   --->   "%indvar_flatten136 = alloca i32 1"   --->   Operation 9 'alloca' 'indvar_flatten136' <Predicate = true> <Delay = 0.00>
ST_1 : Operation 10 [1/1] (0.42ns)   --->   "%store_ln0 = store i10 0, i10 %indvar_flatten136"   --->   Operation 10 'store' 'store_ln0' <Predicate = true> <Delay = 0.42>
ST_1 : Operation 11 [1/1] (0.42ns)   --->   "%store_ln159 = store i5 0, i5 %c" [Conv.cpp:159->CNN.cpp:44]   --->   Operation 11 'store' 'store_ln159' <Predicate = true> <Delay = 0.42>
ST_1 : Operation 12 [1/1] (0.42ns)   --->   "%store_ln161 = store i6 0, i6 %n" [Conv.cpp:161->CNN.cpp:44]   --->   Operation 12 'store' 'store_ln161' <Predicate = true> <Delay = 0.42>
ST_1 : Operation 13 [1/1] (0.00ns)   --->   "%br_ln0 = br void %for.body4.i270"   --->   Operation 13 'br' 'br_ln0' <Predicate = true> <Delay = 0.00>
ST_1 : Operation 14 [1/1] (0.00ns)   --->   "%indvar_flatten136_load = load i10 %indvar_flatten136" [Conv.cpp:159->CNN.cpp:44]   --->   Operation 14 'load' 'indvar_flatten136_load' <Predicate = true> <Delay = 0.00>
ST_1 : Operation 15 [1/1] (0.78ns)   --->   "%icmp_ln159 = icmp_eq  i10 %indvar_flatten136_load, i10 704" [Conv.cpp:159->CNN.cpp:44]   --->   Operation 15 'icmp' 'icmp_ln159' <Predicate = true> <Delay = 0.78> <CoreInst = "Cmp">   --->   Core 9 'Cmp' <Latency = 0> <II = 1> <Delay = 0.78> <FuncUnit> <Opcode : 'icmp'> <InPorts = 2> <OutPorts = 1>
ST_1 : Operation 16 [1/1] (0.78ns)   --->   "%add_ln159 = add i10 %indvar_flatten136_load, i10 1" [Conv.cpp:159->CNN.cpp:44]   --->   Operation 16 'add' 'add_ln159' <Predicate = true> <Delay = 0.78> <CoreInst = "Adder">   --->   Core 1 'Adder' <Latency = 0> <II = 1> <Delay = 0.78> <FuncUnit> <Opcode : 'add' 'sub'> <InPorts = 2> <OutPorts = 1>
ST_1 : Operation 17 [1/1] (0.00ns)   --->   "%br_ln159 = br i1 %icmp_ln159, void %for.inc15.i281, void %for.inc.i295.preheader.exitStub" [Conv.cpp:159->CNN.cpp:44]   --->   Operation 17 'br' 'br_ln159' <Predicate = true> <Delay = 0.00>
ST_1 : Operation 18 [1/1] (0.00ns)   --->   "%n_load = load i6 %n" [Conv.cpp:161->CNN.cpp:44]   --->   Operation 18 'load' 'n_load' <Predicate = (!icmp_ln159)> <Delay = 0.00>
ST_1 : Operation 19 [1/1] (0.00ns)   --->   "%c_load = load i5 %c" [Conv.cpp:159->CNN.cpp:44]   --->   Operation 19 'load' 'c_load' <Predicate = (!icmp_ln159)> <Delay = 0.00>
ST_1 : Operation 20 [1/1] (0.78ns)   --->   "%icmp_ln161 = icmp_eq  i6 %n_load, i6 44" [Conv.cpp:161->CNN.cpp:44]   --->   Operation 20 'icmp' 'icmp_ln161' <Predicate = (!icmp_ln159)> <Delay = 0.78> <CoreInst = "Cmp">   --->   Core 9 'Cmp' <Latency = 0> <II = 1> <Delay = 0.78> <FuncUnit> <Opcode : 'icmp'> <InPorts = 2> <OutPorts = 1>
ST_1 : Operation 21 [1/1] (0.38ns)   --->   "%select_ln159 = select i1 %icmp_ln161, i6 0, i6 %n_load" [Conv.cpp:159->CNN.cpp:44]   --->   Operation 21 'select' 'select_ln159' <Predicate = (!icmp_ln159)> <Delay = 0.38> <CoreInst = "Sel">   --->   Core 73 'Sel' <Latency = 0> <II = 1> <Delay = 0.38> <FuncUnit> <Opcode : 'select'> <InPorts = 3> <OutPorts = 1>
ST_1 : Operation 22 [1/1] (0.78ns)   --->   "%add_ln159_1 = add i5 %c_load, i5 1" [Conv.cpp:159->CNN.cpp:44]   --->   Operation 22 'add' 'add_ln159_1' <Predicate = (!icmp_ln159)> <Delay = 0.78> <CoreInst = "Adder">   --->   Core 1 'Adder' <Latency = 0> <II = 1> <Delay = 0.78> <FuncUnit> <Opcode : 'add' 'sub'> <InPorts = 2> <OutPorts = 1>
ST_1 : Operation 23 [1/1] (0.41ns)   --->   "%select_ln159_1 = select i1 %icmp_ln161, i5 %add_ln159_1, i5 %c_load" [Conv.cpp:159->CNN.cpp:44]   --->   Operation 23 'select' 'select_ln159_1' <Predicate = (!icmp_ln159)> <Delay = 0.41> <CoreInst = "Sel">   --->   Core 73 'Sel' <Latency = 0> <II = 1> <Delay = 0.41> <FuncUnit> <Opcode : 'select'> <InPorts = 3> <OutPorts = 1>
ST_1 : Operation 24 [1/1] (0.00ns)   --->   "%c_5_cast = zext i5 %select_ln159_1" [Conv.cpp:159->CNN.cpp:44]   --->   Operation 24 'zext' 'c_5_cast' <Predicate = (!icmp_ln159)> <Delay = 0.00>
ST_1 : Operation 25 [3/3] (0.99ns) (grouped into DSP with root node add_ln162)   --->   "%empty = mul i10 %c_5_cast, i10 44" [Conv.cpp:159->CNN.cpp:44]   --->   Operation 25 'mul' 'empty' <Predicate = (!icmp_ln159)> <Delay = 0.99> <CoreInst = "DSP48">   --->   Core 127 'DSP48' <Latency = 3> <II = 1> <Delay = 0.53> <IPBlock> <Opcode : '' 'add' 'sub' 'mul' 'select'> <InPorts = 0> <OutPorts = 1> <Sync> <CReg>
ST_1 : Operation 26 [1/1] (0.00ns)   --->   "%empty_136 = trunc i5 %select_ln159_1" [Conv.cpp:159->CNN.cpp:44]   --->   Operation 26 'trunc' 'empty_136' <Predicate = (!icmp_ln159)> <Delay = 0.00>
ST_1 : Operation 27 [1/1] (0.00ns)   --->   "%tmp = partselect i5 @_ssdm_op_PartSelect.i5.i6.i32.i32, i6 %select_ln159, i32 1, i32 5" [Conv.cpp:162->CNN.cpp:44]   --->   Operation 27 'partselect' 'tmp' <Predicate = (!icmp_ln159)> <Delay = 0.00>
ST_1 : Operation 28 [1/1] (0.78ns)   --->   "%icmp_ln162 = icmp_eq  i5 %tmp, i5 0" [Conv.cpp:162->CNN.cpp:44]   --->   Operation 28 'icmp' 'icmp_ln162' <Predicate = (!icmp_ln159)> <Delay = 0.78> <CoreInst = "Cmp">   --->   Core 9 'Cmp' <Latency = 0> <II = 1> <Delay = 0.78> <FuncUnit> <Opcode : 'icmp'> <InPorts = 2> <OutPorts = 1>
ST_1 : Operation 29 [1/1] (0.78ns)   --->   "%add_ln161 = add i6 %select_ln159, i6 1" [Conv.cpp:161->CNN.cpp:44]   --->   Operation 29 'add' 'add_ln161' <Predicate = (!icmp_ln159)> <Delay = 0.78> <CoreInst = "Adder">   --->   Core 1 'Adder' <Latency = 0> <II = 1> <Delay = 0.78> <FuncUnit> <Opcode : 'add' 'sub'> <InPorts = 2> <OutPorts = 1>
ST_1 : Operation 30 [1/1] (0.42ns)   --->   "%store_ln159 = store i10 %add_ln159, i10 %indvar_flatten136" [Conv.cpp:159->CNN.cpp:44]   --->   Operation 30 'store' 'store_ln159' <Predicate = (!icmp_ln159)> <Delay = 0.42>
ST_1 : Operation 31 [1/1] (0.42ns)   --->   "%store_ln159 = store i5 %select_ln159_1, i5 %c" [Conv.cpp:159->CNN.cpp:44]   --->   Operation 31 'store' 'store_ln159' <Predicate = (!icmp_ln159)> <Delay = 0.42>
ST_1 : Operation 32 [1/1] (0.42ns)   --->   "%store_ln161 = store i6 %add_ln161, i6 %n" [Conv.cpp:161->CNN.cpp:44]   --->   Operation 32 'store' 'store_ln161' <Predicate = (!icmp_ln159)> <Delay = 0.42>

State 2 <SV = 1> <Delay = 0.99>
ST_2 : Operation 33 [2/3] (0.99ns) (grouped into DSP with root node add_ln162)   --->   "%empty = mul i10 %c_5_cast, i10 44" [Conv.cpp:159->CNN.cpp:44]   --->   Operation 33 'mul' 'empty' <Predicate = true> <Delay = 0.99> <CoreInst = "DSP48">   --->   Core 127 'DSP48' <Latency = 3> <II = 1> <Delay = 0.53> <IPBlock> <Opcode : '' 'add' 'sub' 'mul' 'select'> <InPorts = 0> <OutPorts = 1> <Sync> <CReg>

State 3 <SV = 2> <Delay = 2.97>
ST_3 : Operation 34 [1/3] (0.00ns) (grouped into DSP with root node add_ln162)   --->   "%empty = mul i10 %c_5_cast, i10 44" [Conv.cpp:159->CNN.cpp:44]   --->   Operation 34 'mul' 'empty' <Predicate = true> <Delay = 0.00> <CoreInst = "DSP48">   --->   Core 127 'DSP48' <Latency = 3> <II = 1> <Delay = 0.53> <IPBlock> <Opcode : '' 'add' 'sub' 'mul' 'select'> <InPorts = 0> <OutPorts = 1> <Sync> <CReg>
ST_3 : Operation 35 [1/1] (0.00ns)   --->   "%p_shl = bitconcatenate i9 @_ssdm_op_BitConcatenate.i9.i4.i5, i4 %empty_136, i5 0" [Conv.cpp:159->CNN.cpp:44]   --->   Operation 35 'bitconcatenate' 'p_shl' <Predicate = true> <Delay = 0.00>
ST_3 : Operation 36 [1/1] (0.00ns)   --->   "%p_shl44_cast = zext i9 %p_shl" [Conv.cpp:159->CNN.cpp:44]   --->   Operation 36 'zext' 'p_shl44_cast' <Predicate = true> <Delay = 0.00>
ST_3 : Operation 37 [1/1] (0.00ns)   --->   "%p_shl12 = bitconcatenate i7 @_ssdm_op_BitConcatenate.i7.i4.i3, i4 %empty_136, i3 0" [Conv.cpp:159->CNN.cpp:44]   --->   Operation 37 'bitconcatenate' 'p_shl12' <Predicate = true> <Delay = 0.00>
ST_3 : Operation 38 [1/1] (0.00ns)   --->   "%zext_ln161 = zext i7 %p_shl12" [Conv.cpp:161->CNN.cpp:44]   --->   Operation 38 'zext' 'zext_ln161' <Predicate = true> <Delay = 0.00>
ST_3 : Operation 39 [1/1] (0.00ns)   --->   "%zext_ln161_1 = zext i6 %select_ln159" [Conv.cpp:161->CNN.cpp:44]   --->   Operation 39 'zext' 'zext_ln161_1' <Predicate = true> <Delay = 0.00>
ST_3 : Operation 40 [1/1] (0.00ns)   --->   "%zext_ln161_2 = zext i6 %select_ln159" [Conv.cpp:161->CNN.cpp:44]   --->   Operation 40 'zext' 'zext_ln161_2' <Predicate = true> <Delay = 0.00>
ST_3 : Operation 41 [1/1] (0.78ns)   --->   "%icmp_ln162_1 = icmp_ugt  i6 %select_ln159, i6 41" [Conv.cpp:162->CNN.cpp:44]   --->   Operation 41 'icmp' 'icmp_ln162_1' <Predicate = true> <Delay = 0.78> <CoreInst = "Cmp">   --->   Core 9 'Cmp' <Latency = 0> <II = 1> <Delay = 0.78> <FuncUnit> <Opcode : 'icmp'> <InPorts = 2> <OutPorts = 1>
ST_3 : Operation 42 [2/2] (0.64ns) (root node of the DSP)   --->   "%add_ln162 = add i10 %zext_ln161_1, i10 %empty" [Conv.cpp:162->CNN.cpp:44]   --->   Operation 42 'add' 'add_ln162' <Predicate = true> <Delay = 0.64> <CoreInst = "DSP48">   --->   Core 127 'DSP48' <Latency = 3> <II = 1> <Delay = 0.53> <IPBlock> <Opcode : '' 'add' 'sub' 'mul' 'select'> <InPorts = 0> <OutPorts = 1> <Sync> <CReg>
ST_3 : Operation 43 [1/1] (0.00ns) (grouped into TernaryAdder)   --->   "%add_ln162_1 = add i10 %p_shl44_cast, i10 %zext_ln161" [Conv.cpp:162->CNN.cpp:44]   --->   Operation 43 'add' 'add_ln162_1' <Predicate = true> <Delay = 0.00> <CoreInst = "TAddSub">   --->   Core 10 'TAddSub' <Latency = 0> <II = 1> <Delay = 0.48> <IPBlock> <Opcode : '' 'add' 'sub'> <InPorts = 3> <OutPorts = 1> <Sync> <CReg>
ST_3 : Operation 44 [1/1] (0.78ns)   --->   "%add_ln162_3 = add i7 %zext_ln161_2, i7 126" [Conv.cpp:162->CNN.cpp:44]   --->   Operation 44 'add' 'add_ln162_3' <Predicate = true> <Delay = 0.78> <CoreInst = "Adder">   --->   Core 1 'Adder' <Latency = 0> <II = 1> <Delay = 0.78> <FuncUnit> <Opcode : 'add' 'sub'> <InPorts = 2> <OutPorts = 1>
ST_3 : Operation 45 [1/1] (0.00ns)   --->   "%sext_ln162 = sext i7 %add_ln162_3" [Conv.cpp:162->CNN.cpp:44]   --->   Operation 45 'sext' 'sext_ln162' <Predicate = true> <Delay = 0.00>
ST_3 : Operation 46 [1/1] (0.96ns) (root node of TernaryAdder)   --->   "%add_ln162_2 = add i10 %sext_ln162, i10 %add_ln162_1" [Conv.cpp:162->CNN.cpp:44]   --->   Operation 46 'add' 'add_ln162_2' <Predicate = true> <Delay = 0.96> <CoreInst = "TAddSub">   --->   Core 10 'TAddSub' <Latency = 0> <II = 1> <Delay = 0.48> <IPBlock> <Opcode : '' 'add' 'sub'> <InPorts = 3> <OutPorts = 1> <Sync> <CReg>
ST_3 : Operation 47 [1/1] (0.00ns)   --->   "%zext_ln162_1 = zext i10 %add_ln162_2" [Conv.cpp:162->CNN.cpp:44]   --->   Operation 47 'zext' 'zext_ln162_1' <Predicate = true> <Delay = 0.00>
ST_3 : Operation 48 [1/1] (0.00ns)   --->   "%OutPool2_addr = getelementptr i32 %OutPool2, i64 0, i64 %zext_ln162_1" [Conv.cpp:162->CNN.cpp:44]   --->   Operation 48 'getelementptr' 'OutPool2_addr' <Predicate = true> <Delay = 0.00>
ST_3 : Operation 49 [2/2] (1.23ns)   --->   "%OutPool2_load = load i10 %OutPool2_addr" [Conv.cpp:162->CNN.cpp:44]   --->   Operation 49 'load' 'OutPool2_load' <Predicate = true> <Delay = 1.23> <CoreInst = "RAM">   --->   Core 83 'RAM' <Latency = 1> <II = 1> <Delay = 1.23> <Storage> <Opcode : 'load' 'store'> <Ports = 2> <Width = 32> <Depth = 640> <RAM>
ST_3 : Operation 61 [1/1] (0.00ns)   --->   "%ret_ln0 = ret"   --->   Operation 61 'ret' 'ret_ln0' <Predicate = (icmp_ln159)> <Delay = 0.00>

State 4 <SV = 3> <Delay = 2.92>
ST_4 : Operation 50 [1/1] (0.00ns)   --->   "%specloopname_ln0 = specloopname void @_ssdm_op_SpecLoopName, void @loop_for_3_channel_pad_6_loop_for_channel_pad_6_str"   --->   Operation 50 'specloopname' 'specloopname_ln0' <Predicate = true> <Delay = 0.00>
ST_4 : Operation 51 [1/1] (0.00ns)   --->   "%speclooptripcount_ln0 = speclooptripcount void @_ssdm_op_SpecLoopTripCount, i64 704, i64 704, i64 704"   --->   Operation 51 'speclooptripcount' 'speclooptripcount_ln0' <Predicate = true> <Delay = 0.00>
ST_4 : Operation 52 [1/1] (0.00ns)   --->   "%specpipeline_ln161 = specpipeline void @_ssdm_op_SpecPipeline, i32 4294967295, i32 0, i32 0, i32 0, void @empty_7" [Conv.cpp:161->CNN.cpp:44]   --->   Operation 52 'specpipeline' 'specpipeline_ln161' <Predicate = true> <Delay = 0.00>
ST_4 : Operation 53 [1/1] (0.00ns) (grouped into LUT with out node select_ln162)   --->   "%or_ln162 = or i1 %icmp_ln162, i1 %icmp_ln162_1" [Conv.cpp:162->CNN.cpp:44]   --->   Operation 53 'or' 'or_ln162' <Predicate = true> <Delay = 0.00> <CoreInst = "LogicGate">   --->   Core 74 'LogicGate' <Latency = 0> <II = 1> <Delay = 0.28> <FuncUnit> <Opcode : 'and' 'or' 'xor'> <InPorts = 2> <OutPorts = 1>
ST_4 : Operation 54 [1/2] (0.64ns) (root node of the DSP)   --->   "%add_ln162 = add i10 %zext_ln161_1, i10 %empty" [Conv.cpp:162->CNN.cpp:44]   --->   Operation 54 'add' 'add_ln162' <Predicate = true> <Delay = 0.64> <CoreInst = "DSP48">   --->   Core 127 'DSP48' <Latency = 3> <II = 1> <Delay = 0.53> <IPBlock> <Opcode : '' 'add' 'sub' 'mul' 'select'> <InPorts = 0> <OutPorts = 1> <Sync> <CReg>
ST_4 : Operation 55 [1/1] (0.00ns)   --->   "%zext_ln162 = zext i10 %add_ln162" [Conv.cpp:162->CNN.cpp:44]   --->   Operation 55 'zext' 'zext_ln162' <Predicate = true> <Delay = 0.00>
ST_4 : Operation 56 [1/1] (0.00ns)   --->   "%OutPadConv6_addr = getelementptr i32 %OutPadConv6, i64 0, i64 %zext_ln162" [Conv.cpp:162->CNN.cpp:44]   --->   Operation 56 'getelementptr' 'OutPadConv6_addr' <Predicate = true> <Delay = 0.00>
ST_4 : Operation 57 [1/2] (1.23ns)   --->   "%OutPool2_load = load i10 %OutPool2_addr" [Conv.cpp:162->CNN.cpp:44]   --->   Operation 57 'load' 'OutPool2_load' <Predicate = true> <Delay = 1.23> <CoreInst = "RAM">   --->   Core 83 'RAM' <Latency = 1> <II = 1> <Delay = 1.23> <Storage> <Opcode : 'load' 'store'> <Ports = 2> <Width = 32> <Depth = 640> <RAM>
ST_4 : Operation 58 [1/1] (0.44ns) (out node of the LUT)   --->   "%select_ln162 = select i1 %or_ln162, i32 0, i32 %OutPool2_load" [Conv.cpp:162->CNN.cpp:44]   --->   Operation 58 'select' 'select_ln162' <Predicate = true> <Delay = 0.44> <CoreInst = "Sel">   --->   Core 73 'Sel' <Latency = 0> <II = 1> <Delay = 0.44> <FuncUnit> <Opcode : 'select'> <InPorts = 3> <OutPorts = 1>
ST_4 : Operation 59 [1/1] (1.23ns)   --->   "%store_ln162 = store i32 %select_ln162, i10 %OutPadConv6_addr" [Conv.cpp:162->CNN.cpp:44]   --->   Operation 59 'store' 'store_ln162' <Predicate = true> <Delay = 1.23> <CoreInst = "RAM">   --->   Core 83 'RAM' <Latency = 1> <II = 1> <Delay = 1.23> <Storage> <Opcode : 'load' 'store'> <Ports = 2> <Width = 32> <Depth = 704> <RAM>
ST_4 : Operation 60 [1/1] (0.00ns)   --->   "%br_ln161 = br void %for.body4.i270" [Conv.cpp:161->CNN.cpp:44]   --->   Operation 60 'br' 'br_ln161' <Predicate = true> <Delay = 0.00>


============================================================
+ Verbose Summary: Timing violations
============================================================
Target clock period: 10.000ns, clock uncertainty: 2.700ns.

 <State 1>: 2.800ns
The critical path consists of the following:
	'store' operation 0 bit ('store_ln161', Conv.cpp:161->CNN.cpp:44) of constant 0 on local variable 'n', Conv.cpp:161->CNN.cpp:44 [8]  (0.427 ns)
	'load' operation 6 bit ('n_load', Conv.cpp:161->CNN.cpp:44) on local variable 'n', Conv.cpp:161->CNN.cpp:44 [16]  (0.000 ns)
	'icmp' operation 1 bit ('icmp_ln161', Conv.cpp:161->CNN.cpp:44) [20]  (0.781 ns)
	'select' operation 6 bit ('select_ln159', Conv.cpp:159->CNN.cpp:44) [21]  (0.384 ns)
	'add' operation 6 bit ('add_ln161', Conv.cpp:161->CNN.cpp:44) [50]  (0.781 ns)
	'store' operation 0 bit ('store_ln161', Conv.cpp:161->CNN.cpp:44) of variable 'add_ln161', Conv.cpp:161->CNN.cpp:44 on local variable 'n', Conv.cpp:161->CNN.cpp:44 [53]  (0.427 ns)

 <State 2>: 0.996ns
The critical path consists of the following:
	'mul' operation 10 bit of DSP[38] ('empty', Conv.cpp:159->CNN.cpp:44) [25]  (0.996 ns)

 <State 3>: 2.978ns
The critical path consists of the following:
	'add' operation 7 bit ('add_ln162_3', Conv.cpp:162->CNN.cpp:44) [42]  (0.781 ns)
	'add' operation 10 bit ('add_ln162_2', Conv.cpp:162->CNN.cpp:44) [44]  (0.960 ns)
	'getelementptr' operation 10 bit ('OutPool2_addr', Conv.cpp:162->CNN.cpp:44) [46]  (0.000 ns)
	'load' operation 32 bit ('OutPool2_load', Conv.cpp:162->CNN.cpp:44) on array 'OutPool2' [47]  (1.237 ns)

 <State 4>: 2.923ns
The critical path consists of the following:
	'load' operation 32 bit ('OutPool2_load', Conv.cpp:162->CNN.cpp:44) on array 'OutPool2' [47]  (1.237 ns)
	'select' operation 32 bit ('select_ln162', Conv.cpp:162->CNN.cpp:44) [48]  (0.449 ns)
	'store' operation 0 bit ('store_ln162', Conv.cpp:162->CNN.cpp:44) of variable 'select_ln162', Conv.cpp:162->CNN.cpp:44 on array 'OutPadConv6' [49]  (1.237 ns)


============================================================
+ Verbose Summary: Binding
============================================================
N/A
* FSMD analyzer results:
  - Output states:
 - Input state : 
  - Chain level:
	State 1
	State 2
	State 3
	State 4


============================================================
+ Verbose Summary: Datapath Resource usage 
============================================================
N/A
