

================================================================
== Vitis HLS Report for 'CNN_Pipeline_loop_for_channel_pool_1_loop_for_weight_pool_1'
================================================================
* Date:           Sat Jun  1 06:31:09 2024

* Version:        2023.2 (Build 4023990 on Oct 11 2023)
* Project:        doan
* Solution:       solution1 (Vivado IP Flow Target)
* Product family: zynquplus
* Target device:  xck26-sfvc784-2LV-c


================================================================
== Performance Estimates
================================================================
+ Timing: 
    * Summary: 
    +--------+----------+----------+------------+
    |  Clock |  Target  | Estimated| Uncertainty|
    +--------+----------+----------+------------+
    |ap_clk  |  10.00 ns|  6.013 ns|     2.70 ns|
    +--------+----------+----------+------------+

+ Latency: 
    * Summary: 
    +---------+---------+----------+----------+-----+-----+---------+
    |  Latency (cycles) |  Latency (absolute) |  Interval | Pipeline|
    |   min   |   max   |    min   |    max   | min | max |   Type  |
    +---------+---------+----------+----------+-----+-----+---------+
    |      644|      644|  6.440 us|  6.440 us|  644|  644|       no|
    +---------+---------+----------+----------+-----+-----+---------+

    + Detail: 
        * Instance: 
        N/A

        * Loop: 
        +--------------------------------------------------+---------+---------+----------+-----------+-----------+------+----------+
        |                                                  |  Latency (cycles) | Iteration|  Initiation Interval  | Trip |          |
        |                     Loop Name                    |   min   |   max   |  Latency |  achieved |   target  | Count| Pipelined|
        +--------------------------------------------------+---------+---------+----------+-----------+-----------+------+----------+
        |- loop_for_channel_pool_1_loop_for_weight_pool_1  |      642|      642|         4|          1|          1|   640|       yes|
        +--------------------------------------------------+---------+---------+----------+-----------+-----------+------+----------+

============================================================
+ Verbose Summary: Synthesis Manager
============================================================
InlineROM: 1
ExposeGlobal: 0
============================================================
+ Verbose Summary: CDFG Model
============================================================
IsTopModel: 0
ResetActiveHigh: 1
IsCombinational: 0
IsDatapathOnly: 0
HasWiredReturn: 1
HasMFsm: 2
HasVarLatency: 1
IsPipeline: 0
IsRtlPipelined: 0
IsInstanceOverlapped: 0
IsDontTouch: 0
HasImplIP: 0
IsGatedGlobalClock: 0

+ Individual pipeline summary: 
  * Pipeline-0: initiation interval (II) = 1, depth = 4


============================================================
+ Verbose Summary: Schedule
============================================================
* Number of FSM states : 4
* Pipeline : 1
  Pipeline-0 : II = 1, D = 4, States = { 1 2 3 4 }
* Dataflow Pipeline: 0

* FSM state transitions: 
1 --> 2 
2 --> 3 
3 --> 4 
4 --> 

* FSM state operations: 

State 1 <SV = 0> <Delay = 4.43>
ST_1 : Operation 7 [1/1] (0.00ns)   --->   "%y = alloca i32 1" [Pool.cpp:31->CNN.cpp:38]   --->   Operation 7 'alloca' 'y' <Predicate = true> <Delay = 0.00>
ST_1 : Operation 8 [1/1] (0.00ns)   --->   "%z = alloca i32 1" [Pool.cpp:28->CNN.cpp:38]   --->   Operation 8 'alloca' 'z' <Predicate = true> <Delay = 0.00>
ST_1 : Operation 9 [1/1] (0.00ns)   --->   "%indvar_flatten55 = alloca i32 1"   --->   Operation 9 'alloca' 'indvar_flatten55' <Predicate = true> <Delay = 0.00>
ST_1 : Operation 10 [1/1] (0.42ns)   --->   "%store_ln0 = store i10 0, i10 %indvar_flatten55"   --->   Operation 10 'store' 'store_ln0' <Predicate = true> <Delay = 0.42>
ST_1 : Operation 11 [1/1] (0.42ns)   --->   "%store_ln28 = store i4 0, i4 %z" [Pool.cpp:28->CNN.cpp:38]   --->   Operation 11 'store' 'store_ln28' <Predicate = true> <Delay = 0.42>
ST_1 : Operation 12 [1/1] (0.42ns)   --->   "%store_ln31 = store i7 0, i7 %y" [Pool.cpp:31->CNN.cpp:38]   --->   Operation 12 'store' 'store_ln31' <Predicate = true> <Delay = 0.42>
ST_1 : Operation 13 [1/1] (0.00ns)   --->   "%br_ln0 = br void %VITIS_LOOP_33_1.i"   --->   Operation 13 'br' 'br_ln0' <Predicate = true> <Delay = 0.00>
ST_1 : Operation 14 [1/1] (0.00ns)   --->   "%indvar_flatten55_load = load i10 %indvar_flatten55" [Pool.cpp:28->CNN.cpp:38]   --->   Operation 14 'load' 'indvar_flatten55_load' <Predicate = true> <Delay = 0.00>
ST_1 : Operation 15 [1/1] (0.78ns)   --->   "%icmp_ln28 = icmp_eq  i10 %indvar_flatten55_load, i10 640" [Pool.cpp:28->CNN.cpp:38]   --->   Operation 15 'icmp' 'icmp_ln28' <Predicate = true> <Delay = 0.78> <CoreInst = "Cmp">   --->   Core 9 'Cmp' <Latency = 0> <II = 1> <Delay = 0.78> <FuncUnit> <Opcode : 'icmp'> <InPorts = 2> <OutPorts = 1>
ST_1 : Operation 16 [1/1] (0.78ns)   --->   "%add_ln28 = add i10 %indvar_flatten55_load, i10 1" [Pool.cpp:28->CNN.cpp:38]   --->   Operation 16 'add' 'add_ln28' <Predicate = true> <Delay = 0.78> <CoreInst = "Adder">   --->   Core 1 'Adder' <Latency = 0> <II = 1> <Delay = 0.78> <FuncUnit> <Opcode : 'add' 'sub'> <InPorts = 2> <OutPorts = 1>
ST_1 : Operation 17 [1/1] (0.00ns)   --->   "%br_ln28 = br i1 %icmp_ln28, void %for.inc20.i154, void %for.body4.i160.preheader.exitStub" [Pool.cpp:28->CNN.cpp:38]   --->   Operation 17 'br' 'br_ln28' <Predicate = true> <Delay = 0.00>
ST_1 : Operation 18 [1/1] (0.00ns)   --->   "%y_load = load i7 %y" [Pool.cpp:31->CNN.cpp:38]   --->   Operation 18 'load' 'y_load' <Predicate = (!icmp_ln28)> <Delay = 0.00>
ST_1 : Operation 19 [1/1] (0.00ns)   --->   "%z_load = load i4 %z" [Pool.cpp:28->CNN.cpp:38]   --->   Operation 19 'load' 'z_load' <Predicate = (!icmp_ln28)> <Delay = 0.00>
ST_1 : Operation 20 [1/1] (0.77ns)   --->   "%icmp_ln31 = icmp_eq  i7 %y_load, i7 80" [Pool.cpp:31->CNN.cpp:38]   --->   Operation 20 'icmp' 'icmp_ln31' <Predicate = (!icmp_ln28)> <Delay = 0.77> <CoreInst = "Cmp">   --->   Core 9 'Cmp' <Latency = 0> <II = 1> <Delay = 0.77> <FuncUnit> <Opcode : 'icmp'> <InPorts = 2> <OutPorts = 1>
ST_1 : Operation 21 [1/1] (0.36ns)   --->   "%select_ln28 = select i1 %icmp_ln31, i7 0, i7 %y_load" [Pool.cpp:28->CNN.cpp:38]   --->   Operation 21 'select' 'select_ln28' <Predicate = (!icmp_ln28)> <Delay = 0.36> <CoreInst = "Sel">   --->   Core 73 'Sel' <Latency = 0> <II = 1> <Delay = 0.36> <FuncUnit> <Opcode : 'select'> <InPorts = 3> <OutPorts = 1>
ST_1 : Operation 22 [1/1] (0.79ns)   --->   "%add_ln28_1 = add i4 %z_load, i4 1" [Pool.cpp:28->CNN.cpp:38]   --->   Operation 22 'add' 'add_ln28_1' <Predicate = (!icmp_ln28)> <Delay = 0.79> <CoreInst = "Adder">   --->   Core 1 'Adder' <Latency = 0> <II = 1> <Delay = 0.79> <FuncUnit> <Opcode : 'add' 'sub'> <InPorts = 2> <OutPorts = 1>
ST_1 : Operation 23 [1/1] (0.39ns)   --->   "%select_ln28_1 = select i1 %icmp_ln31, i4 %add_ln28_1, i4 %z_load" [Pool.cpp:28->CNN.cpp:38]   --->   Operation 23 'select' 'select_ln28_1' <Predicate = (!icmp_ln28)> <Delay = 0.39> <CoreInst = "Sel">   --->   Core 73 'Sel' <Latency = 0> <II = 1> <Delay = 0.39> <FuncUnit> <Opcode : 'select'> <InPorts = 3> <OutPorts = 1>
ST_1 : Operation 24 [1/1] (0.00ns)   --->   "%empty = trunc i4 %select_ln28_1" [Pool.cpp:28->CNN.cpp:38]   --->   Operation 24 'trunc' 'empty' <Predicate = (!icmp_ln28)> <Delay = 0.00>
ST_1 : Operation 25 [1/1] (0.00ns)   --->   "%p_shl = bitconcatenate i10 @_ssdm_op_BitConcatenate.i10.i3.i7, i3 %empty, i7 0" [Pool.cpp:28->CNN.cpp:38]   --->   Operation 25 'bitconcatenate' 'p_shl' <Predicate = (!icmp_ln28)> <Delay = 0.00>
ST_1 : Operation 26 [1/1] (0.00ns)   --->   "%p_shl27_cast = zext i10 %p_shl" [Pool.cpp:28->CNN.cpp:38]   --->   Operation 26 'zext' 'p_shl27_cast' <Predicate = (!icmp_ln28)> <Delay = 0.00>
ST_1 : Operation 27 [1/1] (0.00ns)   --->   "%p_shl7 = bitconcatenate i8 @_ssdm_op_BitConcatenate.i8.i3.i5, i3 %empty, i5 0" [Pool.cpp:28->CNN.cpp:38]   --->   Operation 27 'bitconcatenate' 'p_shl7' <Predicate = (!icmp_ln28)> <Delay = 0.00>
ST_1 : Operation 28 [1/1] (0.00ns)   --->   "%p_shl28_cast = zext i8 %p_shl7" [Pool.cpp:28->CNN.cpp:38]   --->   Operation 28 'zext' 'p_shl28_cast' <Predicate = (!icmp_ln28)> <Delay = 0.00>
ST_1 : Operation 29 [1/1] (0.78ns)   --->   "%empty_133 = add i11 %p_shl27_cast, i11 %p_shl28_cast" [Pool.cpp:28->CNN.cpp:38]   --->   Operation 29 'add' 'empty_133' <Predicate = (!icmp_ln28)> <Delay = 0.78> <CoreInst = "Adder">   --->   Core 1 'Adder' <Latency = 0> <II = 1> <Delay = 0.78> <FuncUnit> <Opcode : 'add' 'sub'> <InPorts = 2> <OutPorts = 1>
ST_1 : Operation 30 [1/1] (0.00ns)   --->   "%tmp_s = bitconcatenate i8 @_ssdm_op_BitConcatenate.i8.i7.i1, i7 %select_ln28, i1 0" [Pool.cpp:28->CNN.cpp:38]   --->   Operation 30 'bitconcatenate' 'tmp_s' <Predicate = (!icmp_ln28)> <Delay = 0.00>
ST_1 : Operation 31 [1/1] (0.00ns)   --->   "%zext_ln35 = zext i8 %tmp_s" [Pool.cpp:35->CNN.cpp:38]   --->   Operation 31 'zext' 'zext_ln35' <Predicate = (!icmp_ln28)> <Delay = 0.00>
ST_1 : Operation 32 [1/1] (0.79ns)   --->   "%add_ln35 = add i11 %zext_ln35, i11 %empty_133" [Pool.cpp:35->CNN.cpp:38]   --->   Operation 32 'add' 'add_ln35' <Predicate = (!icmp_ln28)> <Delay = 0.79> <CoreInst = "Adder">   --->   Core 1 'Adder' <Latency = 0> <II = 1> <Delay = 0.79> <FuncUnit> <Opcode : 'add' 'sub'> <InPorts = 2> <OutPorts = 1>
ST_1 : Operation 33 [1/1] (0.00ns)   --->   "%zext_ln36 = zext i11 %add_ln35" [Pool.cpp:36->CNN.cpp:38]   --->   Operation 33 'zext' 'zext_ln36' <Predicate = (!icmp_ln28)> <Delay = 0.00>
ST_1 : Operation 34 [1/1] (0.00ns)   --->   "%OutConv3_addr = getelementptr i32 %OutConv3, i64 0, i64 %zext_ln36" [Pool.cpp:36->CNN.cpp:38]   --->   Operation 34 'getelementptr' 'OutConv3_addr' <Predicate = (!icmp_ln28)> <Delay = 0.00>
ST_1 : Operation 35 [2/2] (1.23ns)   --->   "%pool_value = load i11 %OutConv3_addr" [Pool.cpp:36->CNN.cpp:38]   --->   Operation 35 'load' 'pool_value' <Predicate = (!icmp_ln28)> <Delay = 1.23> <CoreInst = "RAM">   --->   Core 83 'RAM' <Latency = 1> <II = 1> <Delay = 1.23> <Storage> <Opcode : 'load' 'store'> <Ports = 2> <Width = 32> <Depth = 1280> <RAM>
ST_1 : Operation 36 [1/1] (0.00ns) (grouped into LUT with out node add_ln35_1)   --->   "%or_ln35 = or i11 %empty_133, i11 1" [Pool.cpp:35->CNN.cpp:38]   --->   Operation 36 'or' 'or_ln35' <Predicate = (!icmp_ln28)> <Delay = 0.00>
ST_1 : Operation 37 [1/1] (0.79ns) (out node of the LUT)   --->   "%add_ln35_1 = add i11 %zext_ln35, i11 %or_ln35" [Pool.cpp:35->CNN.cpp:38]   --->   Operation 37 'add' 'add_ln35_1' <Predicate = (!icmp_ln28)> <Delay = 0.79> <CoreInst = "Adder">   --->   Core 1 'Adder' <Latency = 0> <II = 1> <Delay = 0.79> <FuncUnit> <Opcode : 'add' 'sub'> <InPorts = 2> <OutPorts = 1>
ST_1 : Operation 38 [1/1] (0.77ns)   --->   "%add_ln41 = add i7 %select_ln28, i7 1" [Pool.cpp:41->CNN.cpp:38]   --->   Operation 38 'add' 'add_ln41' <Predicate = (!icmp_ln28)> <Delay = 0.77> <CoreInst = "Adder">   --->   Core 1 'Adder' <Latency = 0> <II = 1> <Delay = 0.77> <FuncUnit> <Opcode : 'add' 'sub'> <InPorts = 2> <OutPorts = 1>
ST_1 : Operation 39 [1/1] (0.42ns)   --->   "%store_ln28 = store i10 %add_ln28, i10 %indvar_flatten55" [Pool.cpp:28->CNN.cpp:38]   --->   Operation 39 'store' 'store_ln28' <Predicate = (!icmp_ln28)> <Delay = 0.42>
ST_1 : Operation 40 [1/1] (0.42ns)   --->   "%store_ln28 = store i4 %select_ln28_1, i4 %z" [Pool.cpp:28->CNN.cpp:38]   --->   Operation 40 'store' 'store_ln28' <Predicate = (!icmp_ln28)> <Delay = 0.42>
ST_1 : Operation 41 [1/1] (0.42ns)   --->   "%store_ln31 = store i7 %add_ln41, i7 %y" [Pool.cpp:31->CNN.cpp:38]   --->   Operation 41 'store' 'store_ln31' <Predicate = (!icmp_ln28)> <Delay = 0.42>

State 2 <SV = 1> <Delay = 4.01>
ST_2 : Operation 42 [1/2] (1.23ns)   --->   "%pool_value = load i11 %OutConv3_addr" [Pool.cpp:36->CNN.cpp:38]   --->   Operation 42 'load' 'pool_value' <Predicate = true> <Delay = 1.23> <CoreInst = "RAM">   --->   Core 83 'RAM' <Latency = 1> <II = 1> <Delay = 1.23> <Storage> <Opcode : 'load' 'store'> <Ports = 2> <Width = 32> <Depth = 1280> <RAM>
ST_2 : Operation 43 [2/2] (2.78ns)   --->   "%tmp_12 = fcmp_ogt  i32 %pool_value, i32 -10" [Pool.cpp:37->CNN.cpp:38]   --->   Operation 43 'fcmp' 'tmp_12' <Predicate = true> <Delay = 2.78> <CoreInst = "FCompare">   --->   Core 19 'FCompare' <Latency = 1> <II = 1> <Delay = 2.78> <FuncUnit> <Opcode : 'fcmp'> <InPorts = 2> <OutPorts = 1>
ST_2 : Operation 44 [1/1] (0.00ns)   --->   "%zext_ln36_1 = zext i11 %add_ln35_1" [Pool.cpp:36->CNN.cpp:38]   --->   Operation 44 'zext' 'zext_ln36_1' <Predicate = true> <Delay = 0.00>
ST_2 : Operation 45 [1/1] (0.00ns)   --->   "%OutConv3_addr_1 = getelementptr i32 %OutConv3, i64 0, i64 %zext_ln36_1" [Pool.cpp:36->CNN.cpp:38]   --->   Operation 45 'getelementptr' 'OutConv3_addr_1' <Predicate = true> <Delay = 0.00>
ST_2 : Operation 46 [2/2] (1.23ns)   --->   "%pool_value_3 = load i11 %OutConv3_addr_1" [Pool.cpp:36->CNN.cpp:38]   --->   Operation 46 'load' 'pool_value_3' <Predicate = true> <Delay = 1.23> <CoreInst = "RAM">   --->   Core 83 'RAM' <Latency = 1> <II = 1> <Delay = 1.23> <Storage> <Opcode : 'load' 'store'> <Ports = 2> <Width = 32> <Depth = 1280> <RAM>

State 3 <SV = 2> <Delay = 6.01>
ST_3 : Operation 47 [1/1] (0.00ns)   --->   "%bitcast_ln37 = bitcast i32 %pool_value" [Pool.cpp:37->CNN.cpp:38]   --->   Operation 47 'bitcast' 'bitcast_ln37' <Predicate = true> <Delay = 0.00>
ST_3 : Operation 48 [1/1] (0.00ns)   --->   "%tmp_11 = partselect i8 @_ssdm_op_PartSelect.i8.i32.i32.i32, i32 %bitcast_ln37, i32 23, i32 30" [Pool.cpp:37->CNN.cpp:38]   --->   Operation 48 'partselect' 'tmp_11' <Predicate = true> <Delay = 0.00>
ST_3 : Operation 49 [1/1] (0.00ns)   --->   "%trunc_ln37 = trunc i32 %bitcast_ln37" [Pool.cpp:37->CNN.cpp:38]   --->   Operation 49 'trunc' 'trunc_ln37' <Predicate = true> <Delay = 0.00>
ST_3 : Operation 50 [1/1] (0.76ns)   --->   "%icmp_ln37 = icmp_ne  i8 %tmp_11, i8 255" [Pool.cpp:37->CNN.cpp:38]   --->   Operation 50 'icmp' 'icmp_ln37' <Predicate = true> <Delay = 0.76> <CoreInst = "Cmp">   --->   Core 9 'Cmp' <Latency = 0> <II = 1> <Delay = 0.76> <FuncUnit> <Opcode : 'icmp'> <InPorts = 2> <OutPorts = 1>
ST_3 : Operation 51 [1/1] (0.92ns)   --->   "%icmp_ln37_1 = icmp_eq  i23 %trunc_ln37, i23 0" [Pool.cpp:37->CNN.cpp:38]   --->   Operation 51 'icmp' 'icmp_ln37_1' <Predicate = true> <Delay = 0.92> <CoreInst = "Cmp">   --->   Core 9 'Cmp' <Latency = 0> <II = 1> <Delay = 0.92> <FuncUnit> <Opcode : 'icmp'> <InPorts = 2> <OutPorts = 1>
ST_3 : Operation 52 [1/1] (0.00ns) (grouped into LUT with out node max_8)   --->   "%or_ln37 = or i1 %icmp_ln37_1, i1 %icmp_ln37" [Pool.cpp:37->CNN.cpp:38]   --->   Operation 52 'or' 'or_ln37' <Predicate = true> <Delay = 0.00> <CoreInst = "LogicGate">   --->   Core 74 'LogicGate' <Latency = 0> <II = 1> <Delay = 0.28> <FuncUnit> <Opcode : 'and' 'or' 'xor'> <InPorts = 2> <OutPorts = 1>
ST_3 : Operation 53 [1/2] (2.78ns)   --->   "%tmp_12 = fcmp_ogt  i32 %pool_value, i32 -10" [Pool.cpp:37->CNN.cpp:38]   --->   Operation 53 'fcmp' 'tmp_12' <Predicate = true> <Delay = 2.78> <CoreInst = "FCompare">   --->   Core 19 'FCompare' <Latency = 1> <II = 1> <Delay = 2.78> <FuncUnit> <Opcode : 'fcmp'> <InPorts = 2> <OutPorts = 1>
ST_3 : Operation 54 [1/1] (0.00ns) (grouped into LUT with out node max_8)   --->   "%and_ln37 = and i1 %or_ln37, i1 %tmp_12" [Pool.cpp:37->CNN.cpp:38]   --->   Operation 54 'and' 'and_ln37' <Predicate = true> <Delay = 0.00> <CoreInst = "LogicGate">   --->   Core 74 'LogicGate' <Latency = 0> <II = 1> <Delay = 0.28> <FuncUnit> <Opcode : 'and' 'or' 'xor'> <InPorts = 2> <OutPorts = 1>
ST_3 : Operation 55 [1/1] (0.44ns) (out node of the LUT)   --->   "%max_8 = select i1 %and_ln37, i32 %pool_value, i32 -10" [Pool.cpp:37->CNN.cpp:38]   --->   Operation 55 'select' 'max_8' <Predicate = true> <Delay = 0.44> <CoreInst = "Sel">   --->   Core 73 'Sel' <Latency = 0> <II = 1> <Delay = 0.44> <FuncUnit> <Opcode : 'select'> <InPorts = 3> <OutPorts = 1>
ST_3 : Operation 56 [1/2] (1.23ns)   --->   "%pool_value_3 = load i11 %OutConv3_addr_1" [Pool.cpp:36->CNN.cpp:38]   --->   Operation 56 'load' 'pool_value_3' <Predicate = true> <Delay = 1.23> <CoreInst = "RAM">   --->   Core 83 'RAM' <Latency = 1> <II = 1> <Delay = 1.23> <Storage> <Opcode : 'load' 'store'> <Ports = 2> <Width = 32> <Depth = 1280> <RAM>
ST_3 : Operation 57 [2/2] (2.78ns)   --->   "%tmp_15 = fcmp_ogt  i32 %pool_value_3, i32 %max_8" [Pool.cpp:37->CNN.cpp:38]   --->   Operation 57 'fcmp' 'tmp_15' <Predicate = true> <Delay = 2.78> <CoreInst = "FCompare">   --->   Core 19 'FCompare' <Latency = 1> <II = 1> <Delay = 2.78> <FuncUnit> <Opcode : 'fcmp'> <InPorts = 2> <OutPorts = 1>
ST_3 : Operation 89 [1/1] (0.00ns)   --->   "%ret_ln0 = ret"   --->   Operation 89 'ret' 'ret_ln0' <Predicate = (icmp_ln28)> <Delay = 0.00>

State 4 <SV = 3> <Delay = 4.75>
ST_4 : Operation 58 [1/1] (0.00ns)   --->   "%specloopname_ln0 = specloopname void @_ssdm_op_SpecLoopName, void @loop_for_channel_pool_1_loop_for_weight_pool_1_str"   --->   Operation 58 'specloopname' 'specloopname_ln0' <Predicate = true> <Delay = 0.00>
ST_4 : Operation 59 [1/1] (0.00ns)   --->   "%speclooptripcount_ln0 = speclooptripcount void @_ssdm_op_SpecLoopTripCount, i64 640, i64 640, i64 640"   --->   Operation 59 'speclooptripcount' 'speclooptripcount_ln0' <Predicate = true> <Delay = 0.00>
ST_4 : Operation 60 [1/1] (0.00ns)   --->   "%p_shl8 = bitconcatenate i9 @_ssdm_op_BitConcatenate.i9.i3.i6, i3 %empty, i6 0" [Pool.cpp:28->CNN.cpp:38]   --->   Operation 60 'bitconcatenate' 'p_shl8' <Predicate = true> <Delay = 0.00>
ST_4 : Operation 61 [1/1] (0.00ns)   --->   "%p_shl25_cast = zext i9 %p_shl8" [Pool.cpp:28->CNN.cpp:38]   --->   Operation 61 'zext' 'p_shl25_cast' <Predicate = true> <Delay = 0.00>
ST_4 : Operation 62 [1/1] (0.00ns)   --->   "%p_shl9 = bitconcatenate i7 @_ssdm_op_BitConcatenate.i7.i3.i4, i3 %empty, i4 0" [Pool.cpp:28->CNN.cpp:38]   --->   Operation 62 'bitconcatenate' 'p_shl9' <Predicate = true> <Delay = 0.00>
ST_4 : Operation 63 [1/1] (0.00ns)   --->   "%zext_ln31 = zext i7 %p_shl9" [Pool.cpp:31->CNN.cpp:38]   --->   Operation 63 'zext' 'zext_ln31' <Predicate = true> <Delay = 0.00>
ST_4 : Operation 64 [1/1] (0.00ns)   --->   "%zext_ln31_1 = zext i7 %select_ln28" [Pool.cpp:31->CNN.cpp:38]   --->   Operation 64 'zext' 'zext_ln31_1' <Predicate = true> <Delay = 0.00>
ST_4 : Operation 65 [1/1] (0.00ns)   --->   "%specpipeline_ln26 = specpipeline void @_ssdm_op_SpecPipeline, i32 4294967295, i32 0, i32 0, i32 0, void @empty_7" [Pool.cpp:26->CNN.cpp:38]   --->   Operation 65 'specpipeline' 'specpipeline_ln26' <Predicate = true> <Delay = 0.00>
ST_4 : Operation 66 [1/1] (0.00ns)   --->   "%bitcast_ln37_1 = bitcast i32 %pool_value_3" [Pool.cpp:37->CNN.cpp:38]   --->   Operation 66 'bitcast' 'bitcast_ln37_1' <Predicate = true> <Delay = 0.00>
ST_4 : Operation 67 [1/1] (0.00ns)   --->   "%tmp_13 = partselect i8 @_ssdm_op_PartSelect.i8.i32.i32.i32, i32 %bitcast_ln37_1, i32 23, i32 30" [Pool.cpp:37->CNN.cpp:38]   --->   Operation 67 'partselect' 'tmp_13' <Predicate = true> <Delay = 0.00>
ST_4 : Operation 68 [1/1] (0.00ns)   --->   "%trunc_ln37_1 = trunc i32 %bitcast_ln37_1" [Pool.cpp:37->CNN.cpp:38]   --->   Operation 68 'trunc' 'trunc_ln37_1' <Predicate = true> <Delay = 0.00>
ST_4 : Operation 69 [1/1] (0.00ns)   --->   "%bitcast_ln37_2 = bitcast i32 %max_8" [Pool.cpp:37->CNN.cpp:38]   --->   Operation 69 'bitcast' 'bitcast_ln37_2' <Predicate = true> <Delay = 0.00>
ST_4 : Operation 70 [1/1] (0.00ns)   --->   "%tmp_14 = partselect i8 @_ssdm_op_PartSelect.i8.i32.i32.i32, i32 %bitcast_ln37_2, i32 23, i32 30" [Pool.cpp:37->CNN.cpp:38]   --->   Operation 70 'partselect' 'tmp_14' <Predicate = true> <Delay = 0.00>
ST_4 : Operation 71 [1/1] (0.00ns)   --->   "%trunc_ln37_2 = trunc i32 %bitcast_ln37_2" [Pool.cpp:37->CNN.cpp:38]   --->   Operation 71 'trunc' 'trunc_ln37_2' <Predicate = true> <Delay = 0.00>
ST_4 : Operation 72 [1/1] (0.76ns)   --->   "%icmp_ln37_2 = icmp_ne  i8 %tmp_13, i8 255" [Pool.cpp:37->CNN.cpp:38]   --->   Operation 72 'icmp' 'icmp_ln37_2' <Predicate = true> <Delay = 0.76> <CoreInst = "Cmp">   --->   Core 9 'Cmp' <Latency = 0> <II = 1> <Delay = 0.76> <FuncUnit> <Opcode : 'icmp'> <InPorts = 2> <OutPorts = 1>
ST_4 : Operation 73 [1/1] (0.92ns)   --->   "%icmp_ln37_3 = icmp_eq  i23 %trunc_ln37_1, i23 0" [Pool.cpp:37->CNN.cpp:38]   --->   Operation 73 'icmp' 'icmp_ln37_3' <Predicate = true> <Delay = 0.92> <CoreInst = "Cmp">   --->   Core 9 'Cmp' <Latency = 0> <II = 1> <Delay = 0.92> <FuncUnit> <Opcode : 'icmp'> <InPorts = 2> <OutPorts = 1>
ST_4 : Operation 74 [1/1] (0.00ns) (grouped into LUT with out node and_ln37_2)   --->   "%or_ln37_1 = or i1 %icmp_ln37_3, i1 %icmp_ln37_2" [Pool.cpp:37->CNN.cpp:38]   --->   Operation 74 'or' 'or_ln37_1' <Predicate = true> <Delay = 0.00> <CoreInst = "LogicGate">   --->   Core 74 'LogicGate' <Latency = 0> <II = 1> <Delay = 0.28> <FuncUnit> <Opcode : 'and' 'or' 'xor'> <InPorts = 2> <OutPorts = 1>
ST_4 : Operation 75 [1/1] (0.76ns)   --->   "%icmp_ln37_4 = icmp_ne  i8 %tmp_14, i8 255" [Pool.cpp:37->CNN.cpp:38]   --->   Operation 75 'icmp' 'icmp_ln37_4' <Predicate = true> <Delay = 0.76> <CoreInst = "Cmp">   --->   Core 9 'Cmp' <Latency = 0> <II = 1> <Delay = 0.76> <FuncUnit> <Opcode : 'icmp'> <InPorts = 2> <OutPorts = 1>
ST_4 : Operation 76 [1/1] (0.92ns)   --->   "%icmp_ln37_5 = icmp_eq  i23 %trunc_ln37_2, i23 0" [Pool.cpp:37->CNN.cpp:38]   --->   Operation 76 'icmp' 'icmp_ln37_5' <Predicate = true> <Delay = 0.92> <CoreInst = "Cmp">   --->   Core 9 'Cmp' <Latency = 0> <II = 1> <Delay = 0.92> <FuncUnit> <Opcode : 'icmp'> <InPorts = 2> <OutPorts = 1>
ST_4 : Operation 77 [1/1] (0.00ns) (grouped into LUT with out node and_ln37_2)   --->   "%or_ln37_2 = or i1 %icmp_ln37_5, i1 %icmp_ln37_4" [Pool.cpp:37->CNN.cpp:38]   --->   Operation 77 'or' 'or_ln37_2' <Predicate = true> <Delay = 0.00> <CoreInst = "LogicGate">   --->   Core 74 'LogicGate' <Latency = 0> <II = 1> <Delay = 0.28> <FuncUnit> <Opcode : 'and' 'or' 'xor'> <InPorts = 2> <OutPorts = 1>
ST_4 : Operation 78 [1/1] (0.00ns) (grouped into LUT with out node and_ln37_2)   --->   "%and_ln37_1 = and i1 %or_ln37_1, i1 %or_ln37_2" [Pool.cpp:37->CNN.cpp:38]   --->   Operation 78 'and' 'and_ln37_1' <Predicate = true> <Delay = 0.00> <CoreInst = "LogicGate">   --->   Core 74 'LogicGate' <Latency = 0> <II = 1> <Delay = 0.28> <FuncUnit> <Opcode : 'and' 'or' 'xor'> <InPorts = 2> <OutPorts = 1>
ST_4 : Operation 79 [1/2] (2.78ns)   --->   "%tmp_15 = fcmp_ogt  i32 %pool_value_3, i32 %max_8" [Pool.cpp:37->CNN.cpp:38]   --->   Operation 79 'fcmp' 'tmp_15' <Predicate = true> <Delay = 2.78> <CoreInst = "FCompare">   --->   Core 19 'FCompare' <Latency = 1> <II = 1> <Delay = 2.78> <FuncUnit> <Opcode : 'fcmp'> <InPorts = 2> <OutPorts = 1>
ST_4 : Operation 80 [1/1] (0.28ns) (out node of the LUT)   --->   "%and_ln37_2 = and i1 %and_ln37_1, i1 %tmp_15" [Pool.cpp:37->CNN.cpp:38]   --->   Operation 80 'and' 'and_ln37_2' <Predicate = true> <Delay = 0.28> <CoreInst = "LogicGate">   --->   Core 74 'LogicGate' <Latency = 0> <II = 1> <Delay = 0.28> <FuncUnit> <Opcode : 'and' 'or' 'xor'> <InPorts = 2> <OutPorts = 1>
ST_4 : Operation 81 [1/1] (0.44ns) (out node of the LUT)   --->   "%max_10 = select i1 %and_ln37_2, i32 %pool_value_3, i32 %max_8" [Pool.cpp:37->CNN.cpp:38]   --->   Operation 81 'select' 'max_10' <Predicate = true> <Delay = 0.44> <CoreInst = "Sel">   --->   Core 73 'Sel' <Latency = 0> <II = 1> <Delay = 0.44> <FuncUnit> <Opcode : 'select'> <InPorts = 3> <OutPorts = 1>
ST_4 : Operation 82 [1/1] (0.77ns)   --->   "%add_ln39 = add i8 %zext_ln31, i8 %zext_ln31_1" [Pool.cpp:39->CNN.cpp:38]   --->   Operation 82 'add' 'add_ln39' <Predicate = true> <Delay = 0.77> <CoreInst = "Adder">   --->   Core 1 'Adder' <Latency = 0> <II = 1> <Delay = 0.77> <FuncUnit> <Opcode : 'add' 'sub'> <InPorts = 2> <OutPorts = 1>
ST_4 : Operation 83 [1/1] (0.00ns)   --->   "%zext_ln39 = zext i8 %add_ln39" [Pool.cpp:39->CNN.cpp:38]   --->   Operation 83 'zext' 'zext_ln39' <Predicate = true> <Delay = 0.00>
ST_4 : Operation 84 [1/1] (0.77ns)   --->   "%add_ln39_1 = add i10 %zext_ln39, i10 %p_shl25_cast" [Pool.cpp:39->CNN.cpp:38]   --->   Operation 84 'add' 'add_ln39_1' <Predicate = true> <Delay = 0.77> <CoreInst = "Adder">   --->   Core 1 'Adder' <Latency = 0> <II = 1> <Delay = 0.77> <FuncUnit> <Opcode : 'add' 'sub'> <InPorts = 2> <OutPorts = 1>
ST_4 : Operation 85 [1/1] (0.00ns)   --->   "%zext_ln40 = zext i10 %add_ln39_1" [Pool.cpp:40->CNN.cpp:38]   --->   Operation 85 'zext' 'zext_ln40' <Predicate = true> <Delay = 0.00>
ST_4 : Operation 86 [1/1] (0.00ns)   --->   "%OutPool1_addr = getelementptr i32 %OutPool1, i64 0, i64 %zext_ln40" [Pool.cpp:40->CNN.cpp:38]   --->   Operation 86 'getelementptr' 'OutPool1_addr' <Predicate = true> <Delay = 0.00>
ST_4 : Operation 87 [1/1] (1.23ns)   --->   "%store_ln40 = store i32 %max_10, i10 %OutPool1_addr" [Pool.cpp:40->CNN.cpp:38]   --->   Operation 87 'store' 'store_ln40' <Predicate = true> <Delay = 1.23> <CoreInst = "RAM">   --->   Core 83 'RAM' <Latency = 1> <II = 1> <Delay = 1.23> <Storage> <Opcode : 'load' 'store'> <Ports = 2> <Width = 32> <Depth = 640> <RAM>
ST_4 : Operation 88 [1/1] (0.00ns)   --->   "%br_ln31 = br void %VITIS_LOOP_33_1.i" [Pool.cpp:31->CNN.cpp:38]   --->   Operation 88 'br' 'br_ln31' <Predicate = true> <Delay = 0.00>


============================================================
+ Verbose Summary: Timing violations
============================================================
Target clock period: 10.000ns, clock uncertainty: 2.700ns.

 <State 1>: 4.437ns
The critical path consists of the following:
	'store' operation 0 bit ('store_ln28', Pool.cpp:28->CNN.cpp:38) of constant 0 on local variable 'z', Pool.cpp:28->CNN.cpp:38 [7]  (0.427 ns)
	'load' operation 4 bit ('z_load', Pool.cpp:28->CNN.cpp:38) on local variable 'z', Pool.cpp:28->CNN.cpp:38 [17]  (0.000 ns)
	'add' operation 4 bit ('add_ln28_1', Pool.cpp:28->CNN.cpp:38) [22]  (0.797 ns)
	'select' operation 4 bit ('select_ln28_1', Pool.cpp:28->CNN.cpp:38) [23]  (0.391 ns)
	'add' operation 11 bit ('empty_133', Pool.cpp:28->CNN.cpp:38) [29]  (0.787 ns)
	'add' operation 11 bit ('add_ln35', Pool.cpp:35->CNN.cpp:38) [38]  (0.798 ns)
	'getelementptr' operation 11 bit ('OutConv3_addr', Pool.cpp:36->CNN.cpp:38) [40]  (0.000 ns)
	'load' operation 32 bit ('pool_value', Pool.cpp:36->CNN.cpp:38) on array 'OutConv3' [41]  (1.237 ns)

 <State 2>: 4.019ns
The critical path consists of the following:
	'load' operation 32 bit ('pool_value', Pool.cpp:36->CNN.cpp:38) on array 'OutConv3' [41]  (1.237 ns)
	'fcmp' operation 1 bit ('tmp_12', Pool.cpp:37->CNN.cpp:38) [48]  (2.782 ns)

 <State 3>: 6.013ns
The critical path consists of the following:
	'fcmp' operation 1 bit ('tmp_12', Pool.cpp:37->CNN.cpp:38) [48]  (2.782 ns)
	'and' operation 1 bit ('and_ln37', Pool.cpp:37->CNN.cpp:38) [49]  (0.000 ns)
	'select' operation 32 bit ('max', Pool.cpp:37->CNN.cpp:38) [50]  (0.449 ns)
	'fcmp' operation 1 bit ('tmp_15', Pool.cpp:37->CNN.cpp:38) [69]  (2.782 ns)

 <State 4>: 4.755ns
The critical path consists of the following:
	'fcmp' operation 1 bit ('tmp_15', Pool.cpp:37->CNN.cpp:38) [69]  (2.782 ns)
	'and' operation 1 bit ('and_ln37_2', Pool.cpp:37->CNN.cpp:38) [70]  (0.287 ns)
	'select' operation 32 bit ('max', Pool.cpp:37->CNN.cpp:38) [71]  (0.449 ns)
	'store' operation 0 bit ('store_ln40', Pool.cpp:40->CNN.cpp:38) of variable 'max', Pool.cpp:37->CNN.cpp:38 on array 'OutPool1' [77]  (1.237 ns)


============================================================
+ Verbose Summary: Binding
============================================================
N/A
* FSMD analyzer results:
  - Output states:
 - Input state : 
  - Chain level:
	State 1
	State 2
	State 3
	State 4


============================================================
+ Verbose Summary: Datapath Resource usage 
============================================================
N/A
