

================================================================
== Vitis HLS Report for 'CNN_Pipeline_loop_for_3_channel_pad_2_loop_for_channel_pad_2'
================================================================
* Date:           Sat Jun  1 06:31:05 2024

* Version:        2023.2 (Build 4023990 on Oct 11 2023)
* Project:        doan
* Solution:       solution1 (Vivado IP Flow Target)
* Product family: zynquplus
* Target device:  xck26-sfvc784-2LV-c


================================================================
== Performance Estimates
================================================================
+ Timing: 
    * Summary: 
    +--------+----------+----------+------------+
    |  Clock |  Target  | Estimated| Uncertainty|
    +--------+----------+----------+------------+
    |ap_clk  |  10.00 ns|  4.363 ns|     2.70 ns|
    +--------+----------+----------+------------+

+ Latency: 
    * Summary: 
    +---------+---------+----------+----------+-----+-----+---------+
    |  Latency (cycles) |  Latency (absolute) |  Interval | Pipeline|
    |   min   |   max   |    min   |    max   | min | max |   Type  |
    +---------+---------+----------+----------+-----+-----+---------+
    |      658|      658|  6.580 us|  6.580 us|  658|  658|       no|
    +---------+---------+----------+----------+-----+-----+---------+

    + Detail: 
        * Instance: 
        N/A

        * Loop: 
        +---------------------------------------------------+---------+---------+----------+-----------+-----------+------+----------+
        |                                                   |  Latency (cycles) | Iteration|  Initiation Interval  | Trip |          |
        |                     Loop Name                     |   min   |   max   |  Latency |  achieved |   target  | Count| Pipelined|
        +---------------------------------------------------+---------+---------+----------+-----------+-----------+------+----------+
        |- loop_for_3_channel_pad_2_loop_for_channel_pad_2  |      656|      656|         2|          1|          1|   656|       yes|
        +---------------------------------------------------+---------+---------+----------+-----------+-----------+------+----------+

============================================================
+ Verbose Summary: Synthesis Manager
============================================================
InlineROM: 1
ExposeGlobal: 0
============================================================
+ Verbose Summary: CDFG Model
============================================================
IsTopModel: 0
ResetActiveHigh: 1
IsCombinational: 0
IsDatapathOnly: 0
HasWiredReturn: 1
HasMFsm: 2
HasVarLatency: 1
IsPipeline: 0
IsRtlPipelined: 0
IsInstanceOverlapped: 0
IsDontTouch: 0
HasImplIP: 0
IsGatedGlobalClock: 0

+ Individual pipeline summary: 
  * Pipeline-0: initiation interval (II) = 1, depth = 2


============================================================
+ Verbose Summary: Schedule
============================================================
* Number of FSM states : 2
* Pipeline : 1
  Pipeline-0 : II = 1, D = 2, States = { 1 2 }
* Dataflow Pipeline: 0

* FSM state transitions: 
1 --> 2 
2 --> 

* FSM state operations: 

State 1 <SV = 0> <Delay = 4.36>
ST_1 : Operation 5 [1/1] (0.00ns)   --->   "%n = alloca i32 1" [Conv.cpp:57->CNN.cpp:34]   --->   Operation 5 'alloca' 'n' <Predicate = true> <Delay = 0.00>
ST_1 : Operation 6 [1/1] (0.00ns)   --->   "%c = alloca i32 1" [Conv.cpp:55->CNN.cpp:34]   --->   Operation 6 'alloca' 'c' <Predicate = true> <Delay = 0.00>
ST_1 : Operation 7 [1/1] (0.00ns)   --->   "%indvar_flatten27 = alloca i32 1"   --->   Operation 7 'alloca' 'indvar_flatten27' <Predicate = true> <Delay = 0.00>
ST_1 : Operation 8 [1/1] (0.42ns)   --->   "%store_ln0 = store i10 0, i10 %indvar_flatten27"   --->   Operation 8 'store' 'store_ln0' <Predicate = true> <Delay = 0.42>
ST_1 : Operation 9 [1/1] (0.42ns)   --->   "%store_ln55 = store i3 0, i3 %c" [Conv.cpp:55->CNN.cpp:34]   --->   Operation 9 'store' 'store_ln55' <Predicate = true> <Delay = 0.42>
ST_1 : Operation 10 [1/1] (0.42ns)   --->   "%store_ln57 = store i8 0, i8 %n" [Conv.cpp:57->CNN.cpp:34]   --->   Operation 10 'store' 'store_ln57' <Predicate = true> <Delay = 0.42>
ST_1 : Operation 11 [1/1] (0.00ns)   --->   "%br_ln0 = br void %for.body4.i49"   --->   Operation 11 'br' 'br_ln0' <Predicate = true> <Delay = 0.00>
ST_1 : Operation 12 [1/1] (0.00ns)   --->   "%indvar_flatten27_load = load i10 %indvar_flatten27" [Conv.cpp:55->CNN.cpp:34]   --->   Operation 12 'load' 'indvar_flatten27_load' <Predicate = true> <Delay = 0.00>
ST_1 : Operation 13 [1/1] (0.78ns)   --->   "%icmp_ln55 = icmp_eq  i10 %indvar_flatten27_load, i10 656" [Conv.cpp:55->CNN.cpp:34]   --->   Operation 13 'icmp' 'icmp_ln55' <Predicate = true> <Delay = 0.78> <CoreInst = "Cmp">   --->   Core 9 'Cmp' <Latency = 0> <II = 1> <Delay = 0.78> <FuncUnit> <Opcode : 'icmp'> <InPorts = 2> <OutPorts = 1>
ST_1 : Operation 14 [1/1] (0.78ns)   --->   "%add_ln55 = add i10 %indvar_flatten27_load, i10 1" [Conv.cpp:55->CNN.cpp:34]   --->   Operation 14 'add' 'add_ln55' <Predicate = true> <Delay = 0.78> <CoreInst = "Adder">   --->   Core 1 'Adder' <Latency = 0> <II = 1> <Delay = 0.78> <FuncUnit> <Opcode : 'add' 'sub'> <InPorts = 2> <OutPorts = 1>
ST_1 : Operation 15 [1/1] (0.00ns)   --->   "%br_ln55 = br i1 %icmp_ln55, void %for.inc15.i60, void %loop_for_fc_2.i.preheader.exitStub" [Conv.cpp:55->CNN.cpp:34]   --->   Operation 15 'br' 'br_ln55' <Predicate = true> <Delay = 0.00>
ST_1 : Operation 16 [1/1] (0.00ns)   --->   "%n_load = load i8 %n" [Conv.cpp:57->CNN.cpp:34]   --->   Operation 16 'load' 'n_load' <Predicate = (!icmp_ln55)> <Delay = 0.00>
ST_1 : Operation 17 [1/1] (0.00ns)   --->   "%c_load = load i3 %c" [Conv.cpp:55->CNN.cpp:34]   --->   Operation 17 'load' 'c_load' <Predicate = (!icmp_ln55)> <Delay = 0.00>
ST_1 : Operation 18 [1/1] (0.76ns)   --->   "%icmp_ln57 = icmp_eq  i8 %n_load, i8 164" [Conv.cpp:57->CNN.cpp:34]   --->   Operation 18 'icmp' 'icmp_ln57' <Predicate = (!icmp_ln55)> <Delay = 0.76> <CoreInst = "Cmp">   --->   Core 9 'Cmp' <Latency = 0> <II = 1> <Delay = 0.76> <FuncUnit> <Opcode : 'icmp'> <InPorts = 2> <OutPorts = 1>
ST_1 : Operation 19 [1/1] (0.39ns)   --->   "%select_ln55 = select i1 %icmp_ln57, i8 0, i8 %n_load" [Conv.cpp:55->CNN.cpp:34]   --->   Operation 19 'select' 'select_ln55' <Predicate = (!icmp_ln55)> <Delay = 0.39> <CoreInst = "Sel">   --->   Core 73 'Sel' <Latency = 0> <II = 1> <Delay = 0.39> <FuncUnit> <Opcode : 'select'> <InPorts = 3> <OutPorts = 1>
ST_1 : Operation 20 [1/1] (0.67ns)   --->   "%add_ln55_1 = add i3 %c_load, i3 1" [Conv.cpp:55->CNN.cpp:34]   --->   Operation 20 'add' 'add_ln55_1' <Predicate = (!icmp_ln55)> <Delay = 0.67> <CoreInst = "Adder">   --->   Core 1 'Adder' <Latency = 0> <II = 1> <Delay = 0.67> <FuncUnit> <Opcode : 'add' 'sub'> <InPorts = 2> <OutPorts = 1>
ST_1 : Operation 21 [1/1] (0.20ns)   --->   "%select_ln55_1 = select i1 %icmp_ln57, i3 %add_ln55_1, i3 %c_load" [Conv.cpp:55->CNN.cpp:34]   --->   Operation 21 'select' 'select_ln55_1' <Predicate = (!icmp_ln55)> <Delay = 0.20> <CoreInst = "Sel">   --->   Core 73 'Sel' <Latency = 0> <II = 1> <Delay = 0.20> <FuncUnit> <Opcode : 'select'> <InPorts = 3> <OutPorts = 1>
ST_1 : Operation 22 [1/1] (0.00ns)   --->   "%empty_140 = trunc i3 %select_ln55_1" [Conv.cpp:55->CNN.cpp:34]   --->   Operation 22 'trunc' 'empty_140' <Predicate = (!icmp_ln55)> <Delay = 0.00>
ST_1 : Operation 23 [1/1] (0.00ns)   --->   "%zext_ln57_1 = zext i8 %select_ln55" [Conv.cpp:57->CNN.cpp:34]   --->   Operation 23 'zext' 'zext_ln57_1' <Predicate = (!icmp_ln55)> <Delay = 0.00>
ST_1 : Operation 24 [1/1] (0.00ns)   --->   "%tmp = partselect i7 @_ssdm_op_PartSelect.i7.i8.i32.i32, i8 %select_ln55, i32 1, i32 7" [Conv.cpp:58->CNN.cpp:34]   --->   Operation 24 'partselect' 'tmp' <Predicate = (!icmp_ln55)> <Delay = 0.00>
ST_1 : Operation 25 [1/1] (0.77ns)   --->   "%icmp_ln58 = icmp_eq  i7 %tmp, i7 0" [Conv.cpp:58->CNN.cpp:34]   --->   Operation 25 'icmp' 'icmp_ln58' <Predicate = (!icmp_ln55)> <Delay = 0.77> <CoreInst = "Cmp">   --->   Core 9 'Cmp' <Latency = 0> <II = 1> <Delay = 0.77> <FuncUnit> <Opcode : 'icmp'> <InPorts = 2> <OutPorts = 1>
ST_1 : Operation 26 [1/1] (0.00ns)   --->   "%tmp5 = bitconcatenate i9 @_ssdm_op_BitConcatenate.i9.i2.i2.i5, i2 %empty_140, i2 %empty_140, i5 0" [Conv.cpp:58->CNN.cpp:34]   --->   Operation 26 'bitconcatenate' 'tmp5' <Predicate = (!icmp_ln55)> <Delay = 0.00>
ST_1 : Operation 27 [1/1] (0.00ns)   --->   "%zext_ln58_1 = zext i9 %tmp5" [Conv.cpp:58->CNN.cpp:34]   --->   Operation 27 'zext' 'zext_ln58_1' <Predicate = (!icmp_ln55)> <Delay = 0.00>
ST_1 : Operation 28 [1/1] (0.76ns)   --->   "%add_ln58_1 = add i9 %zext_ln57_1, i9 510" [Conv.cpp:58->CNN.cpp:34]   --->   Operation 28 'add' 'add_ln58_1' <Predicate = (!icmp_ln55)> <Delay = 0.76> <CoreInst = "Adder">   --->   Core 1 'Adder' <Latency = 0> <II = 1> <Delay = 0.76> <FuncUnit> <Opcode : 'add' 'sub'> <InPorts = 2> <OutPorts = 1>
ST_1 : Operation 29 [1/1] (0.00ns)   --->   "%sext_ln58 = sext i9 %add_ln58_1" [Conv.cpp:58->CNN.cpp:34]   --->   Operation 29 'sext' 'sext_ln58' <Predicate = (!icmp_ln55)> <Delay = 0.00>
ST_1 : Operation 30 [1/1] (0.77ns)   --->   "%add_ln58_2 = add i10 %sext_ln58, i10 %zext_ln58_1" [Conv.cpp:58->CNN.cpp:34]   --->   Operation 30 'add' 'add_ln58_2' <Predicate = (!icmp_ln55)> <Delay = 0.77> <CoreInst = "Adder">   --->   Core 1 'Adder' <Latency = 0> <II = 1> <Delay = 0.77> <FuncUnit> <Opcode : 'add' 'sub'> <InPorts = 2> <OutPorts = 1>
ST_1 : Operation 31 [1/1] (0.00ns)   --->   "%zext_ln58_2 = zext i10 %add_ln58_2" [Conv.cpp:58->CNN.cpp:34]   --->   Operation 31 'zext' 'zext_ln58_2' <Predicate = (!icmp_ln55)> <Delay = 0.00>
ST_1 : Operation 32 [1/1] (0.00ns)   --->   "%OutPool0_addr = getelementptr i32 %OutPool0, i64 0, i64 %zext_ln58_2" [Conv.cpp:58->CNN.cpp:34]   --->   Operation 32 'getelementptr' 'OutPool0_addr' <Predicate = (!icmp_ln55)> <Delay = 0.00>
ST_1 : Operation 33 [2/2] (1.23ns)   --->   "%OutPool0_load = load i10 %OutPool0_addr" [Conv.cpp:58->CNN.cpp:34]   --->   Operation 33 'load' 'OutPool0_load' <Predicate = (!icmp_ln55)> <Delay = 1.23> <CoreInst = "RAM">   --->   Core 83 'RAM' <Latency = 1> <II = 1> <Delay = 1.23> <Storage> <Opcode : 'load' 'store'> <Ports = 2> <Width = 32> <Depth = 640> <RAM>
ST_1 : Operation 34 [1/1] (0.76ns)   --->   "%add_ln57 = add i8 %select_ln55, i8 1" [Conv.cpp:57->CNN.cpp:34]   --->   Operation 34 'add' 'add_ln57' <Predicate = (!icmp_ln55)> <Delay = 0.76> <CoreInst = "Adder">   --->   Core 1 'Adder' <Latency = 0> <II = 1> <Delay = 0.76> <FuncUnit> <Opcode : 'add' 'sub'> <InPorts = 2> <OutPorts = 1>
ST_1 : Operation 35 [1/1] (0.42ns)   --->   "%store_ln55 = store i10 %add_ln55, i10 %indvar_flatten27" [Conv.cpp:55->CNN.cpp:34]   --->   Operation 35 'store' 'store_ln55' <Predicate = (!icmp_ln55)> <Delay = 0.42>
ST_1 : Operation 36 [1/1] (0.42ns)   --->   "%store_ln55 = store i3 %select_ln55_1, i3 %c" [Conv.cpp:55->CNN.cpp:34]   --->   Operation 36 'store' 'store_ln55' <Predicate = (!icmp_ln55)> <Delay = 0.42>
ST_1 : Operation 37 [1/1] (0.42ns)   --->   "%store_ln57 = store i8 %add_ln57, i8 %n" [Conv.cpp:57->CNN.cpp:34]   --->   Operation 37 'store' 'store_ln57' <Predicate = (!icmp_ln55)> <Delay = 0.42>
ST_1 : Operation 54 [1/1] (0.00ns)   --->   "%ret_ln0 = ret"   --->   Operation 54 'ret' 'ret_ln0' <Predicate = (icmp_ln55)> <Delay = 0.00>

State 2 <SV = 1> <Delay = 3.75>
ST_2 : Operation 38 [1/1] (0.00ns)   --->   "%specloopname_ln0 = specloopname void @_ssdm_op_SpecLoopName, void @loop_for_3_channel_pad_2_loop_for_channel_pad_2_str"   --->   Operation 38 'specloopname' 'specloopname_ln0' <Predicate = true> <Delay = 0.00>
ST_2 : Operation 39 [1/1] (0.00ns)   --->   "%speclooptripcount_ln0 = speclooptripcount void @_ssdm_op_SpecLoopTripCount, i64 656, i64 656, i64 656"   --->   Operation 39 'speclooptripcount' 'speclooptripcount_ln0' <Predicate = true> <Delay = 0.00>
ST_2 : Operation 40 [1/1] (0.00ns)   --->   "%c_1_cast = zext i3 %select_ln55_1" [Conv.cpp:55->CNN.cpp:34]   --->   Operation 40 'zext' 'c_1_cast' <Predicate = true> <Delay = 0.00>
ST_2 : Operation 41 [1/1] (1.74ns)   --->   "%empty = mul i9 %c_1_cast, i9 164" [Conv.cpp:55->CNN.cpp:34]   --->   Operation 41 'mul' 'empty' <Predicate = true> <Delay = 1.74> <CoreInst = "Multiplier">   --->   Core 3 'Multiplier' <Latency = 0> <II = 1> <Delay = 1.74> <FuncUnit> <Opcode : 'mul'> <InPorts = 2> <OutPorts = 1>
ST_2 : Operation 42 [1/1] (0.00ns)   --->   "%p_cast66_cast = zext i9 %empty" [Conv.cpp:55->CNN.cpp:34]   --->   Operation 42 'zext' 'p_cast66_cast' <Predicate = true> <Delay = 0.00>
ST_2 : Operation 43 [1/1] (0.00ns)   --->   "%zext_ln57 = zext i8 %select_ln55" [Conv.cpp:57->CNN.cpp:34]   --->   Operation 43 'zext' 'zext_ln57' <Predicate = true> <Delay = 0.00>
ST_2 : Operation 44 [1/1] (0.00ns)   --->   "%specpipeline_ln57 = specpipeline void @_ssdm_op_SpecPipeline, i32 4294967295, i32 0, i32 0, i32 0, void @empty_7" [Conv.cpp:57->CNN.cpp:34]   --->   Operation 44 'specpipeline' 'specpipeline_ln57' <Predicate = true> <Delay = 0.00>
ST_2 : Operation 45 [1/1] (0.76ns)   --->   "%icmp_ln58_1 = icmp_ugt  i8 %select_ln55, i8 161" [Conv.cpp:58->CNN.cpp:34]   --->   Operation 45 'icmp' 'icmp_ln58_1' <Predicate = true> <Delay = 0.76> <CoreInst = "Cmp">   --->   Core 9 'Cmp' <Latency = 0> <II = 1> <Delay = 0.76> <FuncUnit> <Opcode : 'icmp'> <InPorts = 2> <OutPorts = 1>
ST_2 : Operation 46 [1/1] (0.00ns) (grouped into LUT with out node select_ln58)   --->   "%or_ln58 = or i1 %icmp_ln58, i1 %icmp_ln58_1" [Conv.cpp:58->CNN.cpp:34]   --->   Operation 46 'or' 'or_ln58' <Predicate = true> <Delay = 0.00> <CoreInst = "LogicGate">   --->   Core 74 'LogicGate' <Latency = 0> <II = 1> <Delay = 0.28> <FuncUnit> <Opcode : 'and' 'or' 'xor'> <InPorts = 2> <OutPorts = 1>
ST_2 : Operation 47 [1/1] (0.77ns)   --->   "%add_ln58 = add i10 %zext_ln57, i10 %p_cast66_cast" [Conv.cpp:58->CNN.cpp:34]   --->   Operation 47 'add' 'add_ln58' <Predicate = true> <Delay = 0.77> <CoreInst = "Adder">   --->   Core 1 'Adder' <Latency = 0> <II = 1> <Delay = 0.77> <FuncUnit> <Opcode : 'add' 'sub'> <InPorts = 2> <OutPorts = 1>
ST_2 : Operation 48 [1/1] (0.00ns)   --->   "%zext_ln58 = zext i10 %add_ln58" [Conv.cpp:58->CNN.cpp:34]   --->   Operation 48 'zext' 'zext_ln58' <Predicate = true> <Delay = 0.00>
ST_2 : Operation 49 [1/1] (0.00ns)   --->   "%OutPadConv2_addr = getelementptr i32 %OutPadConv2, i64 0, i64 %zext_ln58" [Conv.cpp:58->CNN.cpp:34]   --->   Operation 49 'getelementptr' 'OutPadConv2_addr' <Predicate = true> <Delay = 0.00>
ST_2 : Operation 50 [1/2] (1.23ns)   --->   "%OutPool0_load = load i10 %OutPool0_addr" [Conv.cpp:58->CNN.cpp:34]   --->   Operation 50 'load' 'OutPool0_load' <Predicate = true> <Delay = 1.23> <CoreInst = "RAM">   --->   Core 83 'RAM' <Latency = 1> <II = 1> <Delay = 1.23> <Storage> <Opcode : 'load' 'store'> <Ports = 2> <Width = 32> <Depth = 640> <RAM>
ST_2 : Operation 51 [1/1] (0.44ns) (out node of the LUT)   --->   "%select_ln58 = select i1 %or_ln58, i32 0, i32 %OutPool0_load" [Conv.cpp:58->CNN.cpp:34]   --->   Operation 51 'select' 'select_ln58' <Predicate = true> <Delay = 0.44> <CoreInst = "Sel">   --->   Core 73 'Sel' <Latency = 0> <II = 1> <Delay = 0.44> <FuncUnit> <Opcode : 'select'> <InPorts = 3> <OutPorts = 1>
ST_2 : Operation 52 [1/1] (1.23ns)   --->   "%store_ln58 = store i32 %select_ln58, i10 %OutPadConv2_addr" [Conv.cpp:58->CNN.cpp:34]   --->   Operation 52 'store' 'store_ln58' <Predicate = true> <Delay = 1.23> <CoreInst = "RAM_1WnR">   --->   Core 84 'RAM_1WnR' <Latency = 1> <II = 1> <Delay = 1.23> <Storage> <Opcode : 'load' 'store'> <Ports = 17> <Width = 32> <Depth = 656> <RAM>
ST_2 : Operation 53 [1/1] (0.00ns)   --->   "%br_ln57 = br void %for.body4.i49" [Conv.cpp:57->CNN.cpp:34]   --->   Operation 53 'br' 'br_ln57' <Predicate = true> <Delay = 0.00>


============================================================
+ Verbose Summary: Binding
============================================================
STG Binding: 
---------------- STG Properties BEGIN ----------------
- Is combinational: 0
- Is one-state seq: 0
- Is datapath-only: 0
- Is pipelined: 0
- Is top level: 0
Port [ Return ] is wired: 1; IO mode=ap_ctrl_hs:ce=0
Port [ OutPadConv2]:  wired=1; compound=1; hidden=0; nouse=0; global=0; static=0; extern=0; dir=1; type=1; pingpong=0; private_global=0; MemPort=[03333333333333333]; IO mode=ap_memory:ce=0
Port [ OutPool0]:  wired=1; compound=1; hidden=0; nouse=0; global=0; static=0; extern=0; dir=0; type=1; pingpong=0; private_global=0; MemPort=[13]; IO mode=ap_memory:ce=0
---------------- STG Properties END ------------------

---------------- Datapath Model BEGIN ----------------

<LifeTime>
<method=bitvector/>
n                     (alloca           ) [ 010]
c                     (alloca           ) [ 010]
indvar_flatten27      (alloca           ) [ 010]
store_ln0             (store            ) [ 000]
store_ln55            (store            ) [ 000]
store_ln57            (store            ) [ 000]
br_ln0                (br               ) [ 000]
indvar_flatten27_load (load             ) [ 000]
icmp_ln55             (icmp             ) [ 010]
add_ln55              (add              ) [ 000]
br_ln55               (br               ) [ 000]
n_load                (load             ) [ 000]
c_load                (load             ) [ 000]
icmp_ln57             (icmp             ) [ 000]
select_ln55           (select           ) [ 011]
add_ln55_1            (add              ) [ 000]
select_ln55_1         (select           ) [ 011]
empty_140             (trunc            ) [ 000]
zext_ln57_1           (zext             ) [ 000]
tmp                   (partselect       ) [ 000]
icmp_ln58             (icmp             ) [ 011]
tmp5                  (bitconcatenate   ) [ 000]
zext_ln58_1           (zext             ) [ 000]
add_ln58_1            (add              ) [ 000]
sext_ln58             (sext             ) [ 000]
add_ln58_2            (add              ) [ 000]
zext_ln58_2           (zext             ) [ 000]
OutPool0_addr         (getelementptr    ) [ 011]
add_ln57              (add              ) [ 000]
store_ln55            (store            ) [ 000]
store_ln55            (store            ) [ 000]
store_ln57            (store            ) [ 000]
specloopname_ln0      (specloopname     ) [ 000]
speclooptripcount_ln0 (speclooptripcount) [ 000]
c_1_cast              (zext             ) [ 000]
empty                 (mul              ) [ 000]
p_cast66_cast         (zext             ) [ 000]
zext_ln57             (zext             ) [ 000]
specpipeline_ln57     (specpipeline     ) [ 000]
icmp_ln58_1           (icmp             ) [ 000]
or_ln58               (or               ) [ 000]
add_ln58              (add              ) [ 000]
zext_ln58             (zext             ) [ 000]
OutPadConv2_addr      (getelementptr    ) [ 000]
OutPool0_load         (load             ) [ 000]
select_ln58           (select           ) [ 000]
store_ln58            (store            ) [ 000]
br_ln57               (br               ) [ 000]
ret_ln0               (ret              ) [ 000]
</LifeTime>

<model>

<comp_list>
<comp id="0" class="1000" name="OutPadConv2">
<pin_list>
<pin id="1" dir="1" index="0" bw="1" slack="0"/>
</pin_list>
<bind>
<StgValue><ssdm name="OutPadConv2"/><MemPortTyVec>0 3 3 3 3 3 3 3 3 3 3 3 3 3 3 3 3 </MemPortTyVec>
</StgValue>
</bind>
</comp>

<comp id="2" class="1000" name="OutPool0">
<pin_list>
<pin id="3" dir="1" index="0" bw="1" slack="0"/>
</pin_list>
<bind>
<StgValue><ssdm name="OutPool0"/><MemPortTyVec>1 3 </MemPortTyVec>
</StgValue>
</bind>
</comp>

<comp id="4" class="1001" name="const_4">
<pin_list>
<pin id="5" dir="1" index="0" bw="1" slack="0"/>
</pin_list>
<bind>
<StgValue><ssdm name=""/></StgValue>
</bind>
</comp>

<comp id="6" class="1001" name="const_6">
<pin_list>
<pin id="7" dir="1" index="0" bw="1" slack="0"/>
</pin_list>
<bind>
<StgValue><ssdm name=""/></StgValue>
</bind>
</comp>

<comp id="8" class="1001" name="const_8">
<pin_list>
<pin id="9" dir="1" index="0" bw="1" slack="0"/>
</pin_list>
<bind>
<StgValue><ssdm name=""/></StgValue>
</bind>
</comp>

<comp id="10" class="1001" name="const_10">
<pin_list>
<pin id="11" dir="1" index="0" bw="1" slack="0"/>
</pin_list>
<bind>
<StgValue><ssdm name=""/></StgValue>
</bind>
</comp>

<comp id="12" class="1001" name="const_12">
<pin_list>
<pin id="13" dir="1" index="0" bw="1" slack="0"/>
</pin_list>
<bind>
<StgValue><ssdm name=""/></StgValue>
</bind>
</comp>

<comp id="14" class="1001" name="const_14">
<pin_list>
<pin id="15" dir="1" index="0" bw="1" slack="0"/>
</pin_list>
<bind>
<StgValue><ssdm name=""/></StgValue>
</bind>
</comp>

<comp id="16" class="1001" name="const_16">
<pin_list>
<pin id="17" dir="1" index="0" bw="1" slack="0"/>
</pin_list>
<bind>
<StgValue><ssdm name=""/></StgValue>
</bind>
</comp>

<comp id="18" class="1001" name="const_18">
<pin_list>
<pin id="19" dir="1" index="0" bw="1" slack="0"/>
</pin_list>
<bind>
<StgValue><ssdm name=""/></StgValue>
</bind>
</comp>

<comp id="20" class="1001" name="const_20">
<pin_list>
<pin id="21" dir="1" index="0" bw="1" slack="0"/>
</pin_list>
<bind>
<StgValue><ssdm name="_ssdm_op_PartSelect.i7.i8.i32.i32"/></StgValue>
</bind>
</comp>

<comp id="22" class="1001" name="const_22">
<pin_list>
<pin id="23" dir="1" index="0" bw="1" slack="0"/>
</pin_list>
<bind>
<StgValue><ssdm name=""/></StgValue>
</bind>
</comp>

<comp id="24" class="1001" name="const_24">
<pin_list>
<pin id="25" dir="1" index="0" bw="1" slack="0"/>
</pin_list>
<bind>
<StgValue><ssdm name=""/></StgValue>
</bind>
</comp>

<comp id="26" class="1001" name="const_26">
<pin_list>
<pin id="27" dir="1" index="0" bw="1" slack="0"/>
</pin_list>
<bind>
<StgValue><ssdm name="_ssdm_op_BitConcatenate.i9.i2.i2.i5"/></StgValue>
</bind>
</comp>

<comp id="28" class="1001" name="const_28">
<pin_list>
<pin id="29" dir="1" index="0" bw="1" slack="0"/>
</pin_list>
<bind>
<StgValue><ssdm name=""/></StgValue>
</bind>
</comp>

<comp id="30" class="1001" name="const_30">
<pin_list>
<pin id="31" dir="1" index="0" bw="1" slack="0"/>
</pin_list>
<bind>
<StgValue><ssdm name=""/></StgValue>
</bind>
</comp>

<comp id="32" class="1001" name="const_32">
<pin_list>
<pin id="33" dir="1" index="0" bw="1" slack="0"/>
</pin_list>
<bind>
<StgValue><ssdm name=""/></StgValue>
</bind>
</comp>

<comp id="34" class="1001" name="const_34">
<pin_list>
<pin id="35" dir="1" index="0" bw="1" slack="0"/>
</pin_list>
<bind>
<StgValue><ssdm name=""/></StgValue>
</bind>
</comp>

<comp id="36" class="1001" name="const_36">
<pin_list>
<pin id="37" dir="1" index="0" bw="1" slack="2147483647"/>
</pin_list>
<bind>
<StgValue><ssdm name="_ssdm_op_SpecLoopName"/></StgValue>
</bind>
</comp>

<comp id="38" class="1001" name="const_38">
<pin_list>
<pin id="39" dir="1" index="0" bw="1" slack="2147483647"/>
</pin_list>
<bind>
<StgValue><ssdm name="loop_for_3_channel_pad_2_loop_for_channel_pad_2_str"/></StgValue>
</bind>
</comp>

<comp id="40" class="1001" name="const_40">
<pin_list>
<pin id="41" dir="1" index="0" bw="1" slack="2147483647"/>
</pin_list>
<bind>
<StgValue><ssdm name="_ssdm_op_SpecLoopTripCount"/></StgValue>
</bind>
</comp>

<comp id="42" class="1001" name="const_42">
<pin_list>
<pin id="43" dir="1" index="0" bw="1" slack="2147483647"/>
</pin_list>
<bind>
<StgValue><ssdm name=""/></StgValue>
</bind>
</comp>

<comp id="44" class="1001" name="const_44">
<pin_list>
<pin id="45" dir="1" index="0" bw="1" slack="0"/>
</pin_list>
<bind>
<StgValue><ssdm name=""/></StgValue>
</bind>
</comp>

<comp id="46" class="1001" name="const_46">
<pin_list>
<pin id="47" dir="1" index="0" bw="1" slack="2147483647"/>
</pin_list>
<bind>
<StgValue><ssdm name="_ssdm_op_SpecPipeline"/></StgValue>
</bind>
</comp>

<comp id="48" class="1001" name="const_48">
<pin_list>
<pin id="49" dir="1" index="0" bw="1" slack="2147483647"/>
</pin_list>
<bind>
<StgValue><ssdm name=""/></StgValue>
</bind>
</comp>

<comp id="50" class="1001" name="const_50">
<pin_list>
<pin id="51" dir="1" index="0" bw="1" slack="2147483647"/>
</pin_list>
<bind>
<StgValue><ssdm name=""/></StgValue>
</bind>
</comp>

<comp id="52" class="1001" name="const_52">
<pin_list>
<pin id="53" dir="1" index="0" bw="1" slack="2147483647"/>
</pin_list>
<bind>
<StgValue><ssdm name="empty_7"/></StgValue>
</bind>
</comp>

<comp id="54" class="1001" name="const_54">
<pin_list>
<pin id="55" dir="1" index="0" bw="1" slack="0"/>
</pin_list>
<bind>
<StgValue><ssdm name=""/></StgValue>
</bind>
</comp>

<comp id="56" class="1001" name="const_56">
<pin_list>
<pin id="57" dir="1" index="0" bw="1" slack="0"/>
</pin_list>
<bind>
<StgValue><ssdm name=""/></StgValue>
</bind>
</comp>

<comp id="58" class="1004" name="n_fu_58">
<pin_list>
<pin id="59" dir="0" index="0" bw="1" slack="0"/>
<pin id="60" dir="1" index="1" bw="8" slack="0"/>
</pin_list>
<bind>
<opcode="alloca(26) " fcode="alloca"/>
<opset="n/1 "/>
</bind>
</comp>

<comp id="62" class="1004" name="c_fu_62">
<pin_list>
<pin id="63" dir="0" index="0" bw="1" slack="0"/>
<pin id="64" dir="1" index="1" bw="3" slack="0"/>
</pin_list>
<bind>
<opcode="alloca(26) " fcode="alloca"/>
<opset="c/1 "/>
</bind>
</comp>

<comp id="66" class="1004" name="indvar_flatten27_fu_66">
<pin_list>
<pin id="67" dir="0" index="0" bw="1" slack="0"/>
<pin id="68" dir="1" index="1" bw="10" slack="0"/>
</pin_list>
<bind>
<opcode="alloca(26) " fcode="alloca"/>
<opset="indvar_flatten27/1 "/>
</bind>
</comp>

<comp id="70" class="1004" name="OutPool0_addr_gep_fu_70">
<pin_list>
<pin id="71" dir="0" index="0" bw="32" slack="0"/>
<pin id="72" dir="0" index="1" bw="1" slack="0"/>
<pin id="73" dir="0" index="2" bw="10" slack="0"/>
<pin id="74" dir="1" index="3" bw="10" slack="0"/>
</pin_list>
<bind>
<opcode="getelementptr(29) " fcode="getelementptr"/>
<opset="OutPool0_addr/1 "/>
</bind>
</comp>

<comp id="77" class="1004" name="grp_access_fu_77">
<pin_list>
<pin id="78" dir="0" index="0" bw="10" slack="0"/>
<pin id="79" dir="0" index="1" bw="32" slack="2147483647"/>
<pin id="80" dir="0" index="2" bw="0" slack="2147483647"/>
<pin id="81" dir="1" index="3" bw="32" slack="0"/>
</pin_list>
<bind>
<opcode="load(27) " fcode="load"/>
<opset="OutPool0_load/1 "/>
</bind>
</comp>

<comp id="83" class="1004" name="OutPadConv2_addr_gep_fu_83">
<pin_list>
<pin id="84" dir="0" index="0" bw="32" slack="0"/>
<pin id="85" dir="0" index="1" bw="1" slack="0"/>
<pin id="86" dir="0" index="2" bw="10" slack="0"/>
<pin id="87" dir="1" index="3" bw="10" slack="0"/>
</pin_list>
<bind>
<opcode="getelementptr(29) " fcode="getelementptr"/>
<opset="OutPadConv2_addr/2 "/>
</bind>
</comp>

<comp id="90" class="1004" name="store_ln58_access_fu_90">
<pin_list>
<pin id="91" dir="0" index="0" bw="10" slack="0"/>
<pin id="92" dir="0" index="1" bw="32" slack="0"/>
<pin id="93" dir="0" index="2" bw="0" slack="2147483647"/>
<pin id="94" dir="1" index="3" bw="32" slack="2147483647"/>
</pin_list>
<bind>
<opcode="store(28) " fcode="store"/>
<opset="store_ln58/2 "/>
</bind>
</comp>

<comp id="96" class="1004" name="store_ln0_store_fu_96">
<pin_list>
<pin id="97" dir="0" index="0" bw="1" slack="0"/>
<pin id="98" dir="0" index="1" bw="10" slack="0"/>
<pin id="99" dir="1" index="2" bw="0" slack="2147483647"/>
</pin_list>
<bind>
<opcode="store(28) " fcode="store"/>
<opset="store_ln0/1 "/>
</bind>
</comp>

<comp id="101" class="1004" name="store_ln55_store_fu_101">
<pin_list>
<pin id="102" dir="0" index="0" bw="1" slack="0"/>
<pin id="103" dir="0" index="1" bw="3" slack="0"/>
<pin id="104" dir="1" index="2" bw="0" slack="2147483647"/>
</pin_list>
<bind>
<opcode="store(28) " fcode="store"/>
<opset="store_ln55/1 "/>
</bind>
</comp>

<comp id="106" class="1004" name="store_ln57_store_fu_106">
<pin_list>
<pin id="107" dir="0" index="0" bw="1" slack="0"/>
<pin id="108" dir="0" index="1" bw="8" slack="0"/>
<pin id="109" dir="1" index="2" bw="0" slack="2147483647"/>
</pin_list>
<bind>
<opcode="store(28) " fcode="store"/>
<opset="store_ln57/1 "/>
</bind>
</comp>

<comp id="111" class="1004" name="indvar_flatten27_load_load_fu_111">
<pin_list>
<pin id="112" dir="0" index="0" bw="10" slack="0"/>
<pin id="113" dir="1" index="1" bw="10" slack="0"/>
</pin_list>
<bind>
<opcode="load(27) " fcode="load"/>
<opset="indvar_flatten27_load/1 "/>
</bind>
</comp>

<comp id="114" class="1004" name="icmp_ln55_fu_114">
<pin_list>
<pin id="115" dir="0" index="0" bw="10" slack="0"/>
<pin id="116" dir="0" index="1" bw="10" slack="0"/>
<pin id="117" dir="1" index="2" bw="1" slack="2147483647"/>
</pin_list>
<bind>
<opcode="icmp(45) " fcode="icmp"/>
<opset="icmp_ln55/1 "/>
</bind>
</comp>

<comp id="120" class="1004" name="add_ln55_fu_120">
<pin_list>
<pin id="121" dir="0" index="0" bw="10" slack="0"/>
<pin id="122" dir="0" index="1" bw="1" slack="0"/>
<pin id="123" dir="1" index="2" bw="10" slack="0"/>
</pin_list>
<bind>
<opcode="add(8) " fcode="add"/>
<opset="add_ln55/1 "/>
</bind>
</comp>

<comp id="126" class="1004" name="n_load_load_fu_126">
<pin_list>
<pin id="127" dir="0" index="0" bw="8" slack="0"/>
<pin id="128" dir="1" index="1" bw="8" slack="0"/>
</pin_list>
<bind>
<opcode="load(27) " fcode="load"/>
<opset="n_load/1 "/>
</bind>
</comp>

<comp id="129" class="1004" name="c_load_load_fu_129">
<pin_list>
<pin id="130" dir="0" index="0" bw="3" slack="0"/>
<pin id="131" dir="1" index="1" bw="3" slack="0"/>
</pin_list>
<bind>
<opcode="load(27) " fcode="load"/>
<opset="c_load/1 "/>
</bind>
</comp>

<comp id="132" class="1004" name="icmp_ln57_fu_132">
<pin_list>
<pin id="133" dir="0" index="0" bw="8" slack="0"/>
<pin id="134" dir="0" index="1" bw="8" slack="0"/>
<pin id="135" dir="1" index="2" bw="1" slack="0"/>
</pin_list>
<bind>
<opcode="icmp(45) " fcode="icmp"/>
<opset="icmp_ln57/1 "/>
</bind>
</comp>

<comp id="138" class="1004" name="select_ln55_fu_138">
<pin_list>
<pin id="139" dir="0" index="0" bw="1" slack="0"/>
<pin id="140" dir="0" index="1" bw="1" slack="0"/>
<pin id="141" dir="0" index="2" bw="8" slack="0"/>
<pin id="142" dir="1" index="3" bw="8" slack="0"/>
</pin_list>
<bind>
<opcode="select(49) " fcode="select"/>
<opset="select_ln55/1 "/>
</bind>
</comp>

<comp id="146" class="1004" name="add_ln55_1_fu_146">
<pin_list>
<pin id="147" dir="0" index="0" bw="3" slack="0"/>
<pin id="148" dir="0" index="1" bw="1" slack="0"/>
<pin id="149" dir="1" index="2" bw="3" slack="0"/>
</pin_list>
<bind>
<opcode="add(8) " fcode="add"/>
<opset="add_ln55_1/1 "/>
</bind>
</comp>

<comp id="152" class="1004" name="select_ln55_1_fu_152">
<pin_list>
<pin id="153" dir="0" index="0" bw="1" slack="0"/>
<pin id="154" dir="0" index="1" bw="3" slack="0"/>
<pin id="155" dir="0" index="2" bw="3" slack="0"/>
<pin id="156" dir="1" index="3" bw="3" slack="0"/>
</pin_list>
<bind>
<opcode="select(49) " fcode="select"/>
<opset="select_ln55_1/1 "/>
</bind>
</comp>

<comp id="160" class="1004" name="empty_140_fu_160">
<pin_list>
<pin id="161" dir="0" index="0" bw="3" slack="0"/>
<pin id="162" dir="1" index="1" bw="2" slack="0"/>
</pin_list>
<bind>
<opcode="trunc(33) " fcode="trunc"/>
<opset="empty_140/1 "/>
</bind>
</comp>

<comp id="164" class="1004" name="zext_ln57_1_fu_164">
<pin_list>
<pin id="165" dir="0" index="0" bw="8" slack="0"/>
<pin id="166" dir="1" index="1" bw="9" slack="0"/>
</pin_list>
<bind>
<opcode="zext(34) " fcode="zext"/>
<opset="zext_ln57_1/1 "/>
</bind>
</comp>

<comp id="168" class="1004" name="tmp_fu_168">
<pin_list>
<pin id="169" dir="0" index="0" bw="7" slack="0"/>
<pin id="170" dir="0" index="1" bw="8" slack="0"/>
<pin id="171" dir="0" index="2" bw="1" slack="0"/>
<pin id="172" dir="0" index="3" bw="4" slack="0"/>
<pin id="173" dir="1" index="4" bw="7" slack="0"/>
</pin_list>
<bind>
<opcode="partselect(1002) " fcode="partselect"/>
<opset="tmp/1 "/>
</bind>
</comp>

<comp id="178" class="1004" name="icmp_ln58_fu_178">
<pin_list>
<pin id="179" dir="0" index="0" bw="7" slack="0"/>
<pin id="180" dir="0" index="1" bw="1" slack="0"/>
<pin id="181" dir="1" index="2" bw="1" slack="1"/>
</pin_list>
<bind>
<opcode="icmp(45) " fcode="icmp"/>
<opset="icmp_ln58/1 "/>
</bind>
</comp>

<comp id="184" class="1004" name="tmp5_fu_184">
<pin_list>
<pin id="185" dir="0" index="0" bw="9" slack="0"/>
<pin id="186" dir="0" index="1" bw="2" slack="0"/>
<pin id="187" dir="0" index="2" bw="2" slack="0"/>
<pin id="188" dir="0" index="3" bw="1" slack="0"/>
<pin id="189" dir="1" index="4" bw="9" slack="0"/>
</pin_list>
<bind>
<opcode="bitconcatenate(1004) " fcode="bitconcatenate"/>
<opset="tmp5/1 "/>
</bind>
</comp>

<comp id="194" class="1004" name="zext_ln58_1_fu_194">
<pin_list>
<pin id="195" dir="0" index="0" bw="9" slack="0"/>
<pin id="196" dir="1" index="1" bw="10" slack="0"/>
</pin_list>
<bind>
<opcode="zext(34) " fcode="zext"/>
<opset="zext_ln58_1/1 "/>
</bind>
</comp>

<comp id="198" class="1004" name="add_ln58_1_fu_198">
<pin_list>
<pin id="199" dir="0" index="0" bw="8" slack="0"/>
<pin id="200" dir="0" index="1" bw="2" slack="0"/>
<pin id="201" dir="1" index="2" bw="9" slack="0"/>
</pin_list>
<bind>
<opcode="add(8) " fcode="add"/>
<opset="add_ln58_1/1 "/>
</bind>
</comp>

<comp id="204" class="1004" name="sext_ln58_fu_204">
<pin_list>
<pin id="205" dir="0" index="0" bw="9" slack="0"/>
<pin id="206" dir="1" index="1" bw="10" slack="0"/>
</pin_list>
<bind>
<opcode="sext(35) " fcode="sext"/>
<opset="sext_ln58/1 "/>
</bind>
</comp>

<comp id="208" class="1004" name="add_ln58_2_fu_208">
<pin_list>
<pin id="209" dir="0" index="0" bw="9" slack="0"/>
<pin id="210" dir="0" index="1" bw="9" slack="0"/>
<pin id="211" dir="1" index="2" bw="10" slack="0"/>
</pin_list>
<bind>
<opcode="add(8) " fcode="add"/>
<opset="add_ln58_2/1 "/>
</bind>
</comp>

<comp id="214" class="1004" name="zext_ln58_2_fu_214">
<pin_list>
<pin id="215" dir="0" index="0" bw="10" slack="0"/>
<pin id="216" dir="1" index="1" bw="64" slack="0"/>
</pin_list>
<bind>
<opcode="zext(34) " fcode="zext"/>
<opset="zext_ln58_2/1 "/>
</bind>
</comp>

<comp id="219" class="1004" name="add_ln57_fu_219">
<pin_list>
<pin id="220" dir="0" index="0" bw="8" slack="0"/>
<pin id="221" dir="0" index="1" bw="1" slack="0"/>
<pin id="222" dir="1" index="2" bw="8" slack="0"/>
</pin_list>
<bind>
<opcode="add(8) " fcode="add"/>
<opset="add_ln57/1 "/>
</bind>
</comp>

<comp id="225" class="1004" name="store_ln55_store_fu_225">
<pin_list>
<pin id="226" dir="0" index="0" bw="10" slack="0"/>
<pin id="227" dir="0" index="1" bw="10" slack="0"/>
<pin id="228" dir="1" index="2" bw="0" slack="2147483647"/>
</pin_list>
<bind>
<opcode="store(28) " fcode="store"/>
<opset="store_ln55/1 "/>
</bind>
</comp>

<comp id="230" class="1004" name="store_ln55_store_fu_230">
<pin_list>
<pin id="231" dir="0" index="0" bw="3" slack="0"/>
<pin id="232" dir="0" index="1" bw="3" slack="0"/>
<pin id="233" dir="1" index="2" bw="0" slack="2147483647"/>
</pin_list>
<bind>
<opcode="store(28) " fcode="store"/>
<opset="store_ln55/1 "/>
</bind>
</comp>

<comp id="235" class="1004" name="store_ln57_store_fu_235">
<pin_list>
<pin id="236" dir="0" index="0" bw="8" slack="0"/>
<pin id="237" dir="0" index="1" bw="8" slack="0"/>
<pin id="238" dir="1" index="2" bw="0" slack="2147483647"/>
</pin_list>
<bind>
<opcode="store(28) " fcode="store"/>
<opset="store_ln57/1 "/>
</bind>
</comp>

<comp id="240" class="1004" name="c_1_cast_fu_240">
<pin_list>
<pin id="241" dir="0" index="0" bw="3" slack="1"/>
<pin id="242" dir="1" index="1" bw="9" slack="0"/>
</pin_list>
<bind>
<opcode="zext(34) " fcode="zext"/>
<opset="c_1_cast/2 "/>
</bind>
</comp>

<comp id="243" class="1004" name="empty_fu_243">
<pin_list>
<pin id="244" dir="0" index="0" bw="3" slack="0"/>
<pin id="245" dir="0" index="1" bw="9" slack="0"/>
<pin id="246" dir="1" index="2" bw="9" slack="0"/>
</pin_list>
<bind>
<opcode="mul(12) " fcode="mul"/>
<opset="empty/2 "/>
</bind>
</comp>

<comp id="249" class="1004" name="p_cast66_cast_fu_249">
<pin_list>
<pin id="250" dir="0" index="0" bw="9" slack="0"/>
<pin id="251" dir="1" index="1" bw="10" slack="0"/>
</pin_list>
<bind>
<opcode="zext(34) " fcode="zext"/>
<opset="p_cast66_cast/2 "/>
</bind>
</comp>

<comp id="253" class="1004" name="zext_ln57_fu_253">
<pin_list>
<pin id="254" dir="0" index="0" bw="8" slack="1"/>
<pin id="255" dir="1" index="1" bw="10" slack="0"/>
</pin_list>
<bind>
<opcode="zext(34) " fcode="zext"/>
<opset="zext_ln57/2 "/>
</bind>
</comp>

<comp id="256" class="1004" name="icmp_ln58_1_fu_256">
<pin_list>
<pin id="257" dir="0" index="0" bw="8" slack="1"/>
<pin id="258" dir="0" index="1" bw="8" slack="0"/>
<pin id="259" dir="1" index="2" bw="1" slack="0"/>
</pin_list>
<bind>
<opcode="icmp(45) " fcode="icmp"/>
<opset="icmp_ln58_1/2 "/>
</bind>
</comp>

<comp id="261" class="1004" name="or_ln58_fu_261">
<pin_list>
<pin id="262" dir="0" index="0" bw="1" slack="1"/>
<pin id="263" dir="0" index="1" bw="1" slack="0"/>
<pin id="264" dir="1" index="2" bw="1" slack="0"/>
</pin_list>
<bind>
<opcode="or(24) " fcode="or"/>
<opset="or_ln58/2 "/>
</bind>
</comp>

<comp id="266" class="1004" name="add_ln58_fu_266">
<pin_list>
<pin id="267" dir="0" index="0" bw="8" slack="0"/>
<pin id="268" dir="0" index="1" bw="9" slack="0"/>
<pin id="269" dir="1" index="2" bw="10" slack="0"/>
</pin_list>
<bind>
<opcode="add(8) " fcode="add"/>
<opset="add_ln58/2 "/>
</bind>
</comp>

<comp id="272" class="1004" name="zext_ln58_fu_272">
<pin_list>
<pin id="273" dir="0" index="0" bw="10" slack="0"/>
<pin id="274" dir="1" index="1" bw="64" slack="0"/>
</pin_list>
<bind>
<opcode="zext(34) " fcode="zext"/>
<opset="zext_ln58/2 "/>
</bind>
</comp>

<comp id="277" class="1004" name="select_ln58_fu_277">
<pin_list>
<pin id="278" dir="0" index="0" bw="1" slack="0"/>
<pin id="279" dir="0" index="1" bw="32" slack="0"/>
<pin id="280" dir="0" index="2" bw="32" slack="0"/>
<pin id="281" dir="1" index="3" bw="32" slack="0"/>
</pin_list>
<bind>
<opcode="select(49) " fcode="select"/>
<opset="select_ln58/2 "/>
</bind>
</comp>

<comp id="286" class="1005" name="n_reg_286">
<pin_list>
<pin id="287" dir="0" index="0" bw="8" slack="0"/>
<pin id="288" dir="1" index="1" bw="8" slack="0"/>
</pin_list>
<bind>
<opset="n "/>
</bind>
</comp>

<comp id="293" class="1005" name="c_reg_293">
<pin_list>
<pin id="294" dir="0" index="0" bw="3" slack="0"/>
<pin id="295" dir="1" index="1" bw="3" slack="0"/>
</pin_list>
<bind>
<opset="c "/>
</bind>
</comp>

<comp id="300" class="1005" name="indvar_flatten27_reg_300">
<pin_list>
<pin id="301" dir="0" index="0" bw="10" slack="0"/>
<pin id="302" dir="1" index="1" bw="10" slack="0"/>
</pin_list>
<bind>
<opset="indvar_flatten27 "/>
</bind>
</comp>

<comp id="310" class="1005" name="select_ln55_reg_310">
<pin_list>
<pin id="311" dir="0" index="0" bw="8" slack="1"/>
<pin id="312" dir="1" index="1" bw="8" slack="1"/>
</pin_list>
<bind>
<opset="select_ln55 "/>
</bind>
</comp>

<comp id="316" class="1005" name="select_ln55_1_reg_316">
<pin_list>
<pin id="317" dir="0" index="0" bw="3" slack="1"/>
<pin id="318" dir="1" index="1" bw="3" slack="1"/>
</pin_list>
<bind>
<opset="select_ln55_1 "/>
</bind>
</comp>

<comp id="321" class="1005" name="icmp_ln58_reg_321">
<pin_list>
<pin id="322" dir="0" index="0" bw="1" slack="1"/>
<pin id="323" dir="1" index="1" bw="1" slack="1"/>
</pin_list>
<bind>
<opset="icmp_ln58 "/>
</bind>
</comp>

<comp id="326" class="1005" name="OutPool0_addr_reg_326">
<pin_list>
<pin id="327" dir="0" index="0" bw="10" slack="1"/>
<pin id="328" dir="1" index="1" bw="10" slack="1"/>
</pin_list>
<bind>
<opset="OutPool0_addr "/>
</bind>
</comp>

</comp_list>

<net_list>
<net id="61"><net_src comp="4" pin="0"/><net_sink comp="58" pin=0"/></net>

<net id="65"><net_src comp="4" pin="0"/><net_sink comp="62" pin=0"/></net>

<net id="69"><net_src comp="4" pin="0"/><net_sink comp="66" pin=0"/></net>

<net id="75"><net_src comp="2" pin="0"/><net_sink comp="70" pin=0"/></net>

<net id="76"><net_src comp="32" pin="0"/><net_sink comp="70" pin=1"/></net>

<net id="82"><net_src comp="70" pin="3"/><net_sink comp="77" pin=0"/></net>

<net id="88"><net_src comp="0" pin="0"/><net_sink comp="83" pin=0"/></net>

<net id="89"><net_src comp="32" pin="0"/><net_sink comp="83" pin=1"/></net>

<net id="95"><net_src comp="83" pin="3"/><net_sink comp="90" pin=0"/></net>

<net id="100"><net_src comp="6" pin="0"/><net_sink comp="96" pin=0"/></net>

<net id="105"><net_src comp="8" pin="0"/><net_sink comp="101" pin=0"/></net>

<net id="110"><net_src comp="10" pin="0"/><net_sink comp="106" pin=0"/></net>

<net id="118"><net_src comp="111" pin="1"/><net_sink comp="114" pin=0"/></net>

<net id="119"><net_src comp="12" pin="0"/><net_sink comp="114" pin=1"/></net>

<net id="124"><net_src comp="111" pin="1"/><net_sink comp="120" pin=0"/></net>

<net id="125"><net_src comp="14" pin="0"/><net_sink comp="120" pin=1"/></net>

<net id="136"><net_src comp="126" pin="1"/><net_sink comp="132" pin=0"/></net>

<net id="137"><net_src comp="16" pin="0"/><net_sink comp="132" pin=1"/></net>

<net id="143"><net_src comp="132" pin="2"/><net_sink comp="138" pin=0"/></net>

<net id="144"><net_src comp="10" pin="0"/><net_sink comp="138" pin=1"/></net>

<net id="145"><net_src comp="126" pin="1"/><net_sink comp="138" pin=2"/></net>

<net id="150"><net_src comp="129" pin="1"/><net_sink comp="146" pin=0"/></net>

<net id="151"><net_src comp="18" pin="0"/><net_sink comp="146" pin=1"/></net>

<net id="157"><net_src comp="132" pin="2"/><net_sink comp="152" pin=0"/></net>

<net id="158"><net_src comp="146" pin="2"/><net_sink comp="152" pin=1"/></net>

<net id="159"><net_src comp="129" pin="1"/><net_sink comp="152" pin=2"/></net>

<net id="163"><net_src comp="152" pin="3"/><net_sink comp="160" pin=0"/></net>

<net id="167"><net_src comp="138" pin="3"/><net_sink comp="164" pin=0"/></net>

<net id="174"><net_src comp="20" pin="0"/><net_sink comp="168" pin=0"/></net>

<net id="175"><net_src comp="138" pin="3"/><net_sink comp="168" pin=1"/></net>

<net id="176"><net_src comp="4" pin="0"/><net_sink comp="168" pin=2"/></net>

<net id="177"><net_src comp="22" pin="0"/><net_sink comp="168" pin=3"/></net>

<net id="182"><net_src comp="168" pin="4"/><net_sink comp="178" pin=0"/></net>

<net id="183"><net_src comp="24" pin="0"/><net_sink comp="178" pin=1"/></net>

<net id="190"><net_src comp="26" pin="0"/><net_sink comp="184" pin=0"/></net>

<net id="191"><net_src comp="160" pin="1"/><net_sink comp="184" pin=1"/></net>

<net id="192"><net_src comp="160" pin="1"/><net_sink comp="184" pin=2"/></net>

<net id="193"><net_src comp="28" pin="0"/><net_sink comp="184" pin=3"/></net>

<net id="197"><net_src comp="184" pin="4"/><net_sink comp="194" pin=0"/></net>

<net id="202"><net_src comp="164" pin="1"/><net_sink comp="198" pin=0"/></net>

<net id="203"><net_src comp="30" pin="0"/><net_sink comp="198" pin=1"/></net>

<net id="207"><net_src comp="198" pin="2"/><net_sink comp="204" pin=0"/></net>

<net id="212"><net_src comp="204" pin="1"/><net_sink comp="208" pin=0"/></net>

<net id="213"><net_src comp="194" pin="1"/><net_sink comp="208" pin=1"/></net>

<net id="217"><net_src comp="208" pin="2"/><net_sink comp="214" pin=0"/></net>

<net id="218"><net_src comp="214" pin="1"/><net_sink comp="70" pin=2"/></net>

<net id="223"><net_src comp="138" pin="3"/><net_sink comp="219" pin=0"/></net>

<net id="224"><net_src comp="34" pin="0"/><net_sink comp="219" pin=1"/></net>

<net id="229"><net_src comp="120" pin="2"/><net_sink comp="225" pin=0"/></net>

<net id="234"><net_src comp="152" pin="3"/><net_sink comp="230" pin=0"/></net>

<net id="239"><net_src comp="219" pin="2"/><net_sink comp="235" pin=0"/></net>

<net id="247"><net_src comp="240" pin="1"/><net_sink comp="243" pin=0"/></net>

<net id="248"><net_src comp="44" pin="0"/><net_sink comp="243" pin=1"/></net>

<net id="252"><net_src comp="243" pin="2"/><net_sink comp="249" pin=0"/></net>

<net id="260"><net_src comp="54" pin="0"/><net_sink comp="256" pin=1"/></net>

<net id="265"><net_src comp="256" pin="2"/><net_sink comp="261" pin=1"/></net>

<net id="270"><net_src comp="253" pin="1"/><net_sink comp="266" pin=0"/></net>

<net id="271"><net_src comp="249" pin="1"/><net_sink comp="266" pin=1"/></net>

<net id="275"><net_src comp="266" pin="2"/><net_sink comp="272" pin=0"/></net>

<net id="276"><net_src comp="272" pin="1"/><net_sink comp="83" pin=2"/></net>

<net id="282"><net_src comp="261" pin="2"/><net_sink comp="277" pin=0"/></net>

<net id="283"><net_src comp="56" pin="0"/><net_sink comp="277" pin=1"/></net>

<net id="284"><net_src comp="77" pin="3"/><net_sink comp="277" pin=2"/></net>

<net id="285"><net_src comp="277" pin="3"/><net_sink comp="90" pin=1"/></net>

<net id="289"><net_src comp="58" pin="1"/><net_sink comp="286" pin=0"/></net>

<net id="290"><net_src comp="286" pin="1"/><net_sink comp="106" pin=1"/></net>

<net id="291"><net_src comp="286" pin="1"/><net_sink comp="126" pin=0"/></net>

<net id="292"><net_src comp="286" pin="1"/><net_sink comp="235" pin=1"/></net>

<net id="296"><net_src comp="62" pin="1"/><net_sink comp="293" pin=0"/></net>

<net id="297"><net_src comp="293" pin="1"/><net_sink comp="101" pin=1"/></net>

<net id="298"><net_src comp="293" pin="1"/><net_sink comp="129" pin=0"/></net>

<net id="299"><net_src comp="293" pin="1"/><net_sink comp="230" pin=1"/></net>

<net id="303"><net_src comp="66" pin="1"/><net_sink comp="300" pin=0"/></net>

<net id="304"><net_src comp="300" pin="1"/><net_sink comp="96" pin=1"/></net>

<net id="305"><net_src comp="300" pin="1"/><net_sink comp="111" pin=0"/></net>

<net id="306"><net_src comp="300" pin="1"/><net_sink comp="225" pin=1"/></net>

<net id="313"><net_src comp="138" pin="3"/><net_sink comp="310" pin=0"/></net>

<net id="314"><net_src comp="310" pin="1"/><net_sink comp="253" pin=0"/></net>

<net id="315"><net_src comp="310" pin="1"/><net_sink comp="256" pin=0"/></net>

<net id="319"><net_src comp="152" pin="3"/><net_sink comp="316" pin=0"/></net>

<net id="320"><net_src comp="316" pin="1"/><net_sink comp="240" pin=0"/></net>

<net id="324"><net_src comp="178" pin="2"/><net_sink comp="321" pin=0"/></net>

<net id="325"><net_src comp="321" pin="1"/><net_sink comp="261" pin=0"/></net>

<net id="329"><net_src comp="70" pin="3"/><net_sink comp="326" pin=0"/></net>

<net id="330"><net_src comp="326" pin="1"/><net_sink comp="77" pin=0"/></net>

</net_list>

</model> 
---------------- Datapath Model END ------------------

* FSMD analyzer results:
  - Output states:
	Port: OutPadConv2 | {2 }
 - Input state : 
	Port: CNN_Pipeline_loop_for_3_channel_pad_2_loop_for_channel_pad_2 : OutPool0 | {1 2 }
  - Chain level:
	State 1
		store_ln0 : 1
		store_ln55 : 1
		store_ln57 : 1
		indvar_flatten27_load : 1
		icmp_ln55 : 2
		add_ln55 : 2
		br_ln55 : 3
		n_load : 1
		c_load : 1
		icmp_ln57 : 2
		select_ln55 : 3
		add_ln55_1 : 2
		select_ln55_1 : 3
		empty_140 : 4
		zext_ln57_1 : 4
		tmp : 4
		icmp_ln58 : 5
		tmp5 : 5
		zext_ln58_1 : 6
		add_ln58_1 : 5
		sext_ln58 : 6
		add_ln58_2 : 7
		zext_ln58_2 : 8
		OutPool0_addr : 9
		OutPool0_load : 10
		add_ln57 : 4
		store_ln55 : 3
		store_ln55 : 4
		store_ln57 : 5
	State 2
		empty : 1
		p_cast66_cast : 2
		or_ln58 : 1
		add_ln58 : 3
		zext_ln58 : 4
		OutPadConv2_addr : 5
		select_ln58 : 1
		store_ln58 : 6


============================================================
+ Verbose Summary: Datapath Resource usage 
============================================================

* Functional unit list:
|----------|----------------------|---------|---------|---------|
| Operation|    Functional Unit   |   DSP   |    FF   |   LUT   |
|----------|----------------------|---------|---------|---------|
|          |    add_ln55_fu_120   |    0    |    0    |    17   |
|          |   add_ln55_1_fu_146  |    0    |    0    |    10   |
|    add   |   add_ln58_1_fu_198  |    0    |    0    |    15   |
|          |   add_ln58_2_fu_208  |    0    |    0    |    16   |
|          |    add_ln57_fu_219   |    0    |    0    |    15   |
|          |    add_ln58_fu_266   |    0    |    0    |    16   |
|----------|----------------------|---------|---------|---------|
|          |   icmp_ln55_fu_114   |    0    |    0    |    17   |
|   icmp   |   icmp_ln57_fu_132   |    0    |    0    |    15   |
|          |   icmp_ln58_fu_178   |    0    |    0    |    14   |
|          |  icmp_ln58_1_fu_256  |    0    |    0    |    15   |
|----------|----------------------|---------|---------|---------|
|    mul   |     empty_fu_243     |    0    |    0    |    50   |
|----------|----------------------|---------|---------|---------|
|          |  select_ln55_fu_138  |    0    |    0    |    8    |
|  select  | select_ln55_1_fu_152 |    0    |    0    |    3    |
|          |  select_ln58_fu_277  |    0    |    0    |    32   |
|----------|----------------------|---------|---------|---------|
|    or    |    or_ln58_fu_261    |    0    |    0    |    2    |
|----------|----------------------|---------|---------|---------|
|   trunc  |   empty_140_fu_160   |    0    |    0    |    0    |
|----------|----------------------|---------|---------|---------|
|          |  zext_ln57_1_fu_164  |    0    |    0    |    0    |
|          |  zext_ln58_1_fu_194  |    0    |    0    |    0    |
|          |  zext_ln58_2_fu_214  |    0    |    0    |    0    |
|   zext   |    c_1_cast_fu_240   |    0    |    0    |    0    |
|          | p_cast66_cast_fu_249 |    0    |    0    |    0    |
|          |   zext_ln57_fu_253   |    0    |    0    |    0    |
|          |   zext_ln58_fu_272   |    0    |    0    |    0    |
|----------|----------------------|---------|---------|---------|
|partselect|      tmp_fu_168      |    0    |    0    |    0    |
|----------|----------------------|---------|---------|---------|
|bitconcatenate|      tmp5_fu_184     |    0    |    0    |    0    |
|----------|----------------------|---------|---------|---------|
|   sext   |   sext_ln58_fu_204   |    0    |    0    |    0    |
|----------|----------------------|---------|---------|---------|
|   Total  |                      |    0    |    0    |   245   |
|----------|----------------------|---------|---------|---------|

Memories:
N/A

* Register list:
+------------------------+--------+
|                        |   FF   |
+------------------------+--------+
|  OutPool0_addr_reg_326 |   10   |
|        c_reg_293       |    3   |
|    icmp_ln58_reg_321   |    1   |
|indvar_flatten27_reg_300|   10   |
|        n_reg_286       |    8   |
|  select_ln55_1_reg_316 |    3   |
|   select_ln55_reg_310  |    8   |
+------------------------+--------+
|          Total         |   43   |
+------------------------+--------+

* Multiplexer (MUX) list: 
|------------------|------|------|------|--------||---------||---------|
|       Comp       |  Pin | Size |  BW  | S x BW ||  Delay  ||   LUT   |
|------------------|------|------|------|--------||---------||---------|
| grp_access_fu_77 |  p0  |   2  |  10  |   20   ||    9    |
|------------------|------|------|------|--------||---------||---------|
|       Total      |      |      |      |   20   ||  0.427  ||    9    |
|------------------|------|------|------|--------||---------||---------|



* Summary:
+-----------+--------+--------+--------+--------+
|           |   DSP  |  Delay |   FF   |   LUT  |
+-----------+--------+--------+--------+--------+
|  Function |    0   |    -   |    0   |   245  |
|   Memory  |    -   |    -   |    -   |    -   |
|Multiplexer|    -   |    0   |    -   |    9   |
|  Register |    -   |    -   |   43   |    -   |
+-----------+--------+--------+--------+--------+
|   Total   |    0   |    0   |   43   |   254  |
+-----------+--------+--------+--------+--------+
